#
# A fatal error has been detected by the Java Runtime Environment:
#
#  EXCEPTION_ACCESS_VIOLATION (0xc0000005) at pc=0x00007ffe979cc5d1, pid=2196, tid=15256
#
# JRE version: OpenJDK Runtime Environment Corretto-17.0.14.7.1 (17.0.14+7) (build 17.0.14+7-LTS)
# Java VM: OpenJDK 64-Bit Server VM Corretto-17.0.14.7.1 (17.0.14+7-LTS, mixed mode, sharing, tiered, compressed oops, compressed class ptrs, g1 gc, windows-amd64)
# Problematic frame:
# C  [glfw.dll+0xc5d1]
#
# No core dump will be written. Minidumps are not enabled by default on client versions of Windows
#
# If you would like to submit a bug report, please visit:
#   https://github.com/corretto/corretto-17/issues/
# The crash happened outside the Java Virtual Machine in native code.
# See problematic frame for where to report the bug.
#

---------------  S U M M A R Y ------------

Command Line: -Dfile.encoding=UTF-8 -Duser.country=US -Duser.language=en -Duser.variant com.gameengine.test.Launcher

Host: 12th Gen Intel(R) Core(TM) i5-12400F, 12 cores, 31G,  Windows 11 , 64 bit Build 26100 (10.0.26100.3775)
Time: Fri Apr 18 13:38:35 2025 Arab Standard Time elapsed time: 0.998209 seconds (0d 0h 0m 0s)

---------------  T H R E A D  ---------------

Current thread (0x000002342e956410):  JavaThread "main" [_thread_in_native, id=15256, stack(0x0000004241c00000,0x0000004241d00000)]

Stack: [0x0000004241c00000,0x0000004241d00000],  sp=0x0000004241cff460,  free space=1021k
Native frames: (J=compiled Java code, j=interpreted, Vv=VM code, C=native code)
C  [glfw.dll+0xc5d1]

Java frames: (J=compiled Java code, j=interpreted, Vv=VM code)
j  org.lwjgl.system.JNI.invokePV(JDDJ)V+0
j  org.lwjgl.glfw.GLFW.glfwSetCursorPos(JDD)V+22
j  com.gameengine.test.TestGame.init()V+48
j  com.gameengine.core.EngineManager.init()V+51
j  com.gameengine.core.EngineManager.start()V+1
j  com.gameengine.test.Launcher.main([Ljava/lang/String;)V+38
v  ~StubRoutines::call_stub

siginfo: EXCEPTION_ACCESS_VIOLATION (0xc0000005), reading address 0x000000000000050a


Registers:
RAX=0x00000000002602d6, RBX=0x00000000000001c2, RCX=0x000002342d557880, RDX=0x0000000000000000
RSP=0x0000004241cff460, RBP=0x0000004241cff588, RSI=0x0000000000000110, RDI=0x0000000000000325
R8 =0x00000000000001c2, R9 =0x0000000000000002, R10=0x000002343d9dd6b2, R11=0x0000000621f56478
R12=0x0000000000000000, R13=0x000002349e4f6030, R14=0x0000004241cff5e0, R15=0x000002342e956410
RIP=0x00007ffe979cc5d1, EFLAGS=0x0000000000010246


Register to memory mapping:

RIP=0x00007ffe979cc5d1 glfw.dll
RAX=0x00000000002602d6 is an unknown value
RBX=0x00000000000001c2 is an unknown value
RCX=0x000002342d557880 points into unknown readable memory: 0x0000217a00000000 | 00 00 00 00 7a 21 00 00
RDX=0x0 is NULL
RSP=0x0000004241cff460 is pointing into the stack for thread: 0x000002342e956410
RBP=0x0000004241cff588 is pointing into the stack for thread: 0x000002342e956410
RSI=0x0000000000000110 is an unknown value
RDI=0x0000000000000325 is an unknown value
R8 =0x00000000000001c2 is an unknown value
R9 =0x0000000000000002 is an unknown value
R10=0x000002343d9dd6b2 is at code_begin+946 in an Interpreter codelet
method entry point (kind = native)  [0x000002343d9dd300, 0x000002343d9ddc80]  2432 bytes
R11=0x0000000621f56478 is an oop: java.lang.Class 
{0x0000000621f56478} - klass: 'java/lang/Class'
 - ---- fields (total size 14 words):
 - private volatile transient 'classRedefinedCount' 'I' @12  0
 - private volatile transient 'cachedConstructor' 'Ljava/lang/reflect/Constructor;' @40  NULL (0)
 - private transient 'name' 'Ljava/lang/String;' @44  "org.lwjgl.system.JNI"{0x0000000621f564f8} (c43eac9f)
 - private transient 'module' 'Ljava/lang/Module;' @48  a 'java/lang/Module'{0x00000006224f98a8} (c449f315)
 - private final 'classLoader' 'Ljava/lang/ClassLoader;' @52  a 'jdk/internal/loader/ClassLoaders$AppClassLoader'{0x00000006224f96e8} (c449f2dd)
 - private transient 'classData' 'Ljava/lang/Object;' @56  NULL (0)
 - private transient 'packageName' 'Ljava/lang/String;' @60  "org.lwjgl.system"{0x0000000622202710} (c44404e2)
 - private final 'componentType' 'Ljava/lang/Class;' @64  NULL (0)
 - private volatile transient 'reflectionData' 'Ljava/lang/ref/SoftReference;' @68  NULL (0)
 - private volatile transient 'genericInfo' 'Lsun/reflect/generics/repository/ClassRepository;' @72  NULL (0)
 - private volatile transient 'enumConstants' '[Ljava/lang/Object;' @76  NULL (0)
 - private volatile transient 'enumConstantDirectory' 'Ljava/util/Map;' @80  NULL (0)
 - private volatile transient 'annotationData' 'Ljava/lang/Class$AnnotationData;' @84  NULL (0)
 - private volatile transient 'annotationType' 'Lsun/reflect/annotation/AnnotationType;' @88  NULL (0)
 - transient 'classValueMap' 'Ljava/lang/ClassValue$ClassValueMap;' @92  NULL (0)
 - signature: Lorg/lwjgl/system/JNI;
 - fake entry for mirror: 'org/lwjgl/system/JNI'
 - fake entry for array: NULL
 - fake entry for oop_size: 14
 - fake entry for static_oop_field_count: 0
R12=0x0 is NULL
R13={method} {0x000002349e4f6038} 'invokePV' '(JDDJ)V' in 'org/lwjgl/system/JNI'
R14=0x0000004241cff5e0 is pointing into the stack for thread: 0x000002342e956410
R15=0x000002342e956410 is a thread


Top of Stack: (sp=0x0000004241cff460)
0x0000004241cff460:   0000004241cff588 00007ffe079e6d42
0x0000004241cff470:   000000000016ef7d 000002343d9fb966
0x0000004241cff480:   00000000000001c2 00007ffe979c3dda
0x0000004241cff490:   000002349e4f6030 000002342e956410
0x0000004241cff4a0:   0000000000000325 000002343d9dd54e
0x0000004241cff4b0:   0000000000000000 0000000000000000
0x0000004241cff4c0:   0000000000000000 0000000000000000
0x0000004241cff4d0:   000002349e4f6030 000002343d9dd6e1
0x0000004241cff4e0:   000002342e956410 000002343d9d9520
0x0000004241cff4f0:   000002349e4f6030 00007ffe07c96d99
0x0000004241cff500:   4281a5139ab48000 00007ffe979c3d60
0x0000004241cff510:   000002349e4f6030 0000000000000110
0x0000004241cff520:   0000000000000000 00007ffe07c96ce7
0x0000004241cff530:   000002343d9d9520 000002343d9dd3b6
0x0000004241cff540:   0000004241cff540 000002349e4f6030
0x0000004241cff550:   0000004241cff5e0 000002349e51f198
0x0000004241cff560:   0000000000000000 0000000621f56478
0x0000004241cff570:   000002349e4f6030 0000000000000000
0x0000004241cff580:   0000004241cff5a8 0000004241cff630
0x0000004241cff590:   000002343d9d9520 0000000621f56478
0x0000004241cff5a0:   000002343d9daff8 00007ffe979c3d60
0x0000004241cff5b0:   0000000000000000 4281a5139ab48000
0x0000004241cff5c0:   0000004241cff630 4089000000000000
0x0000004241cff5d0:   000002343d9d95ef 00000000000001c2
0x0000004241cff5e0:   0000000000000000 0000004241cff5e8
0x0000004241cff5f0:   000002349e52f69e 0000004241cff678
0x0000004241cff600:   000002349e538000 0000000000000000
0x0000004241cff610:   0000000621fa3be8 000002349e52f6e8
0x0000004241cff620:   0000004241cff5a8 0000004241cff650
0x0000004241cff630:   0000004241cff6c8 000002343d9d9520
0x0000004241cff640:   00007ffe979c3d60 0000000000000000
0x0000004241cff650:   4281a5139ab48000 0000004241cff6c8 

Instructions: (pc=0x00007ffe979cc5d1)
0x00007ffe979cc4d1:   44 8b 4c 24 38 8b 54 24 30 44 2b ca 48 8b 8b 48
0x00007ffe979cc4e1:   03 00 00 c7 44 24 28 01 00 00 00 89 44 24 20 ff
0x00007ffe979cc4f1:   15 92 cf 01 00 48 8b 4c 24 40 48 33 cc e8 8d 52
0x00007ffe979cc501:   00 00 48 83 c4 50 5b c3 cc cc cc cc cc cc cc 48
0x00007ffe979cc511:   89 5c 24 08 57 48 83 ec 20 48 8b f9 48 8b ca e8
0x00007ffe979cc521:   3b af ff ff 48 8b d8 48 85 c0 74 18 48 8b 8f 48
0x00007ffe979cc531:   03 00 00 48 8b d0 ff 15 7b ce 01 00 48 8b cb e8
0x00007ffe979cc541:   03 c7 00 00 48 8b 5c 24 30 48 83 c4 20 5f c3 48
0x00007ffe979cc551:   8b 89 48 03 00 00 ba 08 00 00 00 48 ff 25 ed cf
0x00007ffe979cc561:   01 00 cc cc cc cc cc cc cc cc cc cc cc cc cc 48
0x00007ffe979cc571:   83 ec 28 ff 15 46 cf 01 00 48 83 c4 28 e9 4d f0
0x00007ffe979cc581:   ff ff cc cc cc cc cc cc cc cc cc cc cc cc cc 48
0x00007ffe979cc591:   83 ec 38 f2 0f 59 05 cc ac 03 00 45 33 c0 33 d2
0x00007ffe979cc5a1:   c7 44 24 20 bf 04 00 00 33 c9 f2 4c 0f 2c c8 ff
0x00007ffe979cc5b1:   15 3a ce 01 00 48 83 c4 38 e9 11 f0 ff ff cc 40
0x00007ffe979cc5c1:   53 48 83 ec 20 48 8b d9 ff 15 49 ce 01 00 33 d2
0x00007ffe979cc5d1:   48 39 83 48 03 00 00 0f 94 c2 8b c2 48 83 c4 20
0x00007ffe979cc5e1:   5b c3 cc cc cc cc cc cc cc cc cc cc cc cc cc e9
0x00007ffe979cc5f1:   eb 09 00 00 cc cc cc cc cc cc cc cc cc cc cc 48
0x00007ffe979cc601:   8b 89 48 03 00 00 48 ff 25 52 ce 01 00 cc cc 48
0x00007ffe979cc611:   8b 89 48 03 00 00 48 ff 25 32 ce 01 00 cc cc 48
0x00007ffe979cc621:   8b 89 48 03 00 00 48 ff 25 3a ce 01 00 cc cc 40
0x00007ffe979cc631:   53 48 81 ec 80 00 00 00 33 db c7 44 24 30 50 00
0x00007ffe979cc641:   00 00 0f 57 c0 48 89 5c 24 40 48 8d 05 1e 16 00
0x00007ffe979cc651:   00 48 89 5c 24 50 33 c9 66 0f 7f 44 24 60 48 89
0x00007ffe979cc661:   5c 24 78 48 89 44 24 38 c7 44 24 34 23 00 00 00
0x00007ffe979cc671:   ff 15 21 cc 01 00 ba 00 7f 00 00 33 c9 48 89 44
0x00007ffe979cc681:   24 48 ff 15 7f cc 01 00 48 89 44 24 58 33 c9 48
0x00007ffe979cc691:   8d 05 91 a2 03 00 48 89 44 24 70 ff 15 f6 cb 01
0x00007ffe979cc6a1:   00 c7 44 24 28 40 80 00 00 44 8d 43 01 48 8b c8
0x00007ffe979cc6b1:   89 5c 24 20 45 33 c9 48 8d 15 d1 a9 03 00 ff 15
0x00007ffe979cc6c1:   5b cc 01 00 48 89 44 24 50 48 85 c0 75 25 c7 44 


Stack slot to memory mapping:
stack at sp + 0 slots: 0x0000004241cff588 is pointing into the stack for thread: 0x000002342e956410
stack at sp + 1 slots: 0x00007ffe079e6d42 jvm.dll
stack at sp + 2 slots: 0x000000000016ef7d is an unknown value
stack at sp + 3 slots: 0x000002343d9fb966 is at code_begin+3942 in 
[CodeBlob (0x000002343d9fa990)]
Framesize: 0
BufferBlob (0x000002343d9fa990) used for native signature handlers
stack at sp + 4 slots: 0x00000000000001c2 is an unknown value
stack at sp + 5 slots: 0x00007ffe979c3dda glfw.dll
stack at sp + 6 slots: {method} {0x000002349e4f6038} 'invokePV' '(JDDJ)V' in 'org/lwjgl/system/JNI'
stack at sp + 7 slots: 0x000002342e956410 is a thread


---------------  P R O C E S S  ---------------

Threads class SMR info:
_java_thread_list=0x00000234a2520770, length=14, elements={
0x000002342e956410, 0x0000023459238910, 0x000002349d0885a0, 0x000002349d091330,
0x000002349d091cf0, 0x000002349d0926b0, 0x000002349d093280, 0x000002349d098a90,
0x000002349d0a1760, 0x000002349d0a2940, 0x000002349d1e44b0, 0x000002349d215650,
0x00000234a25946f0, 0x00000234a2654590
}

Java Threads: ( => current thread )
=>0x000002342e956410 JavaThread "main" [_thread_in_native, id=15256, stack(0x0000004241c00000,0x0000004241d00000)]
  0x0000023459238910 JavaThread "Reference Handler" daemon [_thread_blocked, id=10632, stack(0x0000004242300000,0x0000004242400000)]
  0x000002349d0885a0 JavaThread "Finalizer" daemon [_thread_blocked, id=4108, stack(0x0000004242400000,0x0000004242500000)]
  0x000002349d091330 JavaThread "Signal Dispatcher" daemon [_thread_blocked, id=7552, stack(0x0000004242500000,0x0000004242600000)]
  0x000002349d091cf0 JavaThread "Attach Listener" daemon [_thread_blocked, id=14864, stack(0x0000004242600000,0x0000004242700000)]
  0x000002349d0926b0 JavaThread "Service Thread" daemon [_thread_blocked, id=11376, stack(0x0000004242700000,0x0000004242800000)]
  0x000002349d093280 JavaThread "Monitor Deflation Thread" daemon [_thread_blocked, id=2964, stack(0x0000004242800000,0x0000004242900000)]
  0x000002349d098a90 JavaThread "C2 CompilerThread0" daemon [_thread_in_native, id=14444, stack(0x0000004242900000,0x0000004242a00000)]
  0x000002349d0a1760 JavaThread "C1 CompilerThread0" daemon [_thread_blocked, id=11412, stack(0x0000004242a00000,0x0000004242b00000)]
  0x000002349d0a2940 JavaThread "Sweeper thread" daemon [_thread_blocked, id=13552, stack(0x0000004242b00000,0x0000004242c00000)]
  0x000002349d1e44b0 JavaThread "Notification Thread" daemon [_thread_blocked, id=8664, stack(0x0000004242c00000,0x0000004242d00000)]
  0x000002349d215650 JavaThread "Common-Cleaner" daemon [_thread_blocked, id=3440, stack(0x0000004242e00000,0x0000004242f00000)]
  0x00000234a25946f0 JavaThread "C2 CompilerThread1" daemon [_thread_blocked, id=14584, stack(0x0000004243600000,0x0000004243700000)]
  0x00000234a2654590 JavaThread "C2 CompilerThread2" daemon [_thread_blocked, id=7656, stack(0x0000004243700000,0x0000004243800000)]

Other Threads:
  0x0000023459237400 VMThread "VM Thread" [stack: 0x0000004242200000,0x0000004242300000] [id=15304]
  0x000002349d20b1d0 WatcherThread [stack: 0x0000004242d00000,0x0000004242e00000] [id=6976]
  0x0000023459080c10 GCTaskThread "GC Thread#0" [stack: 0x0000004241d00000,0x0000004241e00000] [id=2540]
  0x000002342e9d6d00 ConcurrentGCThread "G1 Main Marker" [stack: 0x0000004241e00000,0x0000004241f00000] [id=15536]
  0x000002342e9da5b0 ConcurrentGCThread "G1 Conc#0" [stack: 0x0000004241f00000,0x0000004242000000] [id=9052]
  0x00000234591674b0 ConcurrentGCThread "G1 Refine#0" [stack: 0x0000004242000000,0x0000004242100000] [id=3504]
  0x0000023459167d80 ConcurrentGCThread "G1 Service" [stack: 0x0000004242100000,0x0000004242200000] [id=252]

Threads with active compile tasks:
C2 CompilerThread0     1029  780   !   4       jdk.internal.loader.URLClassPath$JarLoader::getResource (354 bytes)

VM state: not at safepoint (normal execution)

VM Mutex/Monitor currently owned by a thread: None

Heap address: 0x0000000602800000, size: 8152 MB, Compressed Oops mode: Zero based, Oop shift amount: 3

CDS archive(s) mapped at: [0x000002345c000000-0x000002345cbb0000-0x000002345cbb0000), size 12255232, SharedBaseAddress: 0x000002345c000000, ArchiveRelocationMode: 1.
Compressed class space mapped at: 0x000002345d000000-0x000002349d000000, reserved size: 1073741824
Narrow klass base: 0x000002345c000000, Narrow klass shift: 0, Narrow klass range: 0x100000000

GC Precious Log:
 CPUs: 12 total, 12 available
 Memory: 32599M
 Large Page Support: Disabled
 NUMA Support: Disabled
 Compressed Oops: Enabled (Zero based)
 Heap Region Size: 4M
 Heap Min Capacity: 8M
 Heap Initial Capacity: 512M
 Heap Max Capacity: 8152M
 Pre-touch: Disabled
 Parallel Workers: 10
 Concurrent Workers: 3
 Concurrent Refinement Workers: 10
 Periodic GC: Disabled

Heap:
 garbage-first heap   total 524288K, used 16384K [0x0000000602800000, 0x0000000800000000)
  region size 4096K, 6 young (24576K), 0 survivors (0K)
 Metaspace       used 5904K, committed 6080K, reserved 1114112K
  class space    used 301K, committed 384K, reserved 1048576K

Heap Regions: E=young(eden), S=young(survivor), O=old, HS=humongous(starts), HC=humongous(continues), CS=collection set, F=free, OA=open archive, CA=closed archive, TAMS=top-at-mark-start (previous, next)
|   0|0x0000000602800000, 0x0000000602800000, 0x0000000602c00000|  0%| F|  |TAMS 0x0000000602800000, 0x0000000602800000| Untracked 
|   1|0x0000000602c00000, 0x0000000602c00000, 0x0000000603000000|  0%| F|  |TAMS 0x0000000602c00000, 0x0000000602c00000| Untracked 
|   2|0x0000000603000000, 0x0000000603000000, 0x0000000603400000|  0%| F|  |TAMS 0x0000000603000000, 0x0000000603000000| Untracked 
|   3|0x0000000603400000, 0x0000000603400000, 0x0000000603800000|  0%| F|  |TAMS 0x0000000603400000, 0x0000000603400000| Untracked 
|   4|0x0000000603800000, 0x0000000603800000, 0x0000000603c00000|  0%| F|  |TAMS 0x0000000603800000, 0x0000000603800000| Untracked 
|   5|0x0000000603c00000, 0x0000000603c00000, 0x0000000604000000|  0%| F|  |TAMS 0x0000000603c00000, 0x0000000603c00000| Untracked 
|   6|0x0000000604000000, 0x0000000604000000, 0x0000000604400000|  0%| F|  |TAMS 0x0000000604000000, 0x0000000604000000| Untracked 
|   7|0x0000000604400000, 0x0000000604400000, 0x0000000604800000|  0%| F|  |TAMS 0x0000000604400000, 0x0000000604400000| Untracked 
|   8|0x0000000604800000, 0x0000000604800000, 0x0000000604c00000|  0%| F|  |TAMS 0x0000000604800000, 0x0000000604800000| Untracked 
|   9|0x0000000604c00000, 0x0000000604c00000, 0x0000000605000000|  0%| F|  |TAMS 0x0000000604c00000, 0x0000000604c00000| Untracked 
|  10|0x0000000605000000, 0x0000000605000000, 0x0000000605400000|  0%| F|  |TAMS 0x0000000605000000, 0x0000000605000000| Untracked 
|  11|0x0000000605400000, 0x0000000605400000, 0x0000000605800000|  0%| F|  |TAMS 0x0000000605400000, 0x0000000605400000| Untracked 
|  12|0x0000000605800000, 0x0000000605800000, 0x0000000605c00000|  0%| F|  |TAMS 0x0000000605800000, 0x0000000605800000| Untracked 
|  13|0x0000000605c00000, 0x0000000605c00000, 0x0000000606000000|  0%| F|  |TAMS 0x0000000605c00000, 0x0000000605c00000| Untracked 
|  14|0x0000000606000000, 0x0000000606000000, 0x0000000606400000|  0%| F|  |TAMS 0x0000000606000000, 0x0000000606000000| Untracked 
|  15|0x0000000606400000, 0x0000000606400000, 0x0000000606800000|  0%| F|  |TAMS 0x0000000606400000, 0x0000000606400000| Untracked 
|  16|0x0000000606800000, 0x0000000606800000, 0x0000000606c00000|  0%| F|  |TAMS 0x0000000606800000, 0x0000000606800000| Untracked 
|  17|0x0000000606c00000, 0x0000000606c00000, 0x0000000607000000|  0%| F|  |TAMS 0x0000000606c00000, 0x0000000606c00000| Untracked 
|  18|0x0000000607000000, 0x0000000607000000, 0x0000000607400000|  0%| F|  |TAMS 0x0000000607000000, 0x0000000607000000| Untracked 
|  19|0x0000000607400000, 0x0000000607400000, 0x0000000607800000|  0%| F|  |TAMS 0x0000000607400000, 0x0000000607400000| Untracked 
|  20|0x0000000607800000, 0x0000000607800000, 0x0000000607c00000|  0%| F|  |TAMS 0x0000000607800000, 0x0000000607800000| Untracked 
|  21|0x0000000607c00000, 0x0000000607c00000, 0x0000000608000000|  0%| F|  |TAMS 0x0000000607c00000, 0x0000000607c00000| Untracked 
|  22|0x0000000608000000, 0x0000000608000000, 0x0000000608400000|  0%| F|  |TAMS 0x0000000608000000, 0x0000000608000000| Untracked 
|  23|0x0000000608400000, 0x0000000608400000, 0x0000000608800000|  0%| F|  |TAMS 0x0000000608400000, 0x0000000608400000| Untracked 
|  24|0x0000000608800000, 0x0000000608800000, 0x0000000608c00000|  0%| F|  |TAMS 0x0000000608800000, 0x0000000608800000| Untracked 
|  25|0x0000000608c00000, 0x0000000608c00000, 0x0000000609000000|  0%| F|  |TAMS 0x0000000608c00000, 0x0000000608c00000| Untracked 
|  26|0x0000000609000000, 0x0000000609000000, 0x0000000609400000|  0%| F|  |TAMS 0x0000000609000000, 0x0000000609000000| Untracked 
|  27|0x0000000609400000, 0x0000000609400000, 0x0000000609800000|  0%| F|  |TAMS 0x0000000609400000, 0x0000000609400000| Untracked 
|  28|0x0000000609800000, 0x0000000609800000, 0x0000000609c00000|  0%| F|  |TAMS 0x0000000609800000, 0x0000000609800000| Untracked 
|  29|0x0000000609c00000, 0x0000000609c00000, 0x000000060a000000|  0%| F|  |TAMS 0x0000000609c00000, 0x0000000609c00000| Untracked 
|  30|0x000000060a000000, 0x000000060a000000, 0x000000060a400000|  0%| F|  |TAMS 0x000000060a000000, 0x000000060a000000| Untracked 
|  31|0x000000060a400000, 0x000000060a400000, 0x000000060a800000|  0%| F|  |TAMS 0x000000060a400000, 0x000000060a400000| Untracked 
|  32|0x000000060a800000, 0x000000060a800000, 0x000000060ac00000|  0%| F|  |TAMS 0x000000060a800000, 0x000000060a800000| Untracked 
|  33|0x000000060ac00000, 0x000000060ac00000, 0x000000060b000000|  0%| F|  |TAMS 0x000000060ac00000, 0x000000060ac00000| Untracked 
|  34|0x000000060b000000, 0x000000060b000000, 0x000000060b400000|  0%| F|  |TAMS 0x000000060b000000, 0x000000060b000000| Untracked 
|  35|0x000000060b400000, 0x000000060b400000, 0x000000060b800000|  0%| F|  |TAMS 0x000000060b400000, 0x000000060b400000| Untracked 
|  36|0x000000060b800000, 0x000000060b800000, 0x000000060bc00000|  0%| F|  |TAMS 0x000000060b800000, 0x000000060b800000| Untracked 
|  37|0x000000060bc00000, 0x000000060bc00000, 0x000000060c000000|  0%| F|  |TAMS 0x000000060bc00000, 0x000000060bc00000| Untracked 
|  38|0x000000060c000000, 0x000000060c000000, 0x000000060c400000|  0%| F|  |TAMS 0x000000060c000000, 0x000000060c000000| Untracked 
|  39|0x000000060c400000, 0x000000060c400000, 0x000000060c800000|  0%| F|  |TAMS 0x000000060c400000, 0x000000060c400000| Untracked 
|  40|0x000000060c800000, 0x000000060c800000, 0x000000060cc00000|  0%| F|  |TAMS 0x000000060c800000, 0x000000060c800000| Untracked 
|  41|0x000000060cc00000, 0x000000060cc00000, 0x000000060d000000|  0%| F|  |TAMS 0x000000060cc00000, 0x000000060cc00000| Untracked 
|  42|0x000000060d000000, 0x000000060d000000, 0x000000060d400000|  0%| F|  |TAMS 0x000000060d000000, 0x000000060d000000| Untracked 
|  43|0x000000060d400000, 0x000000060d400000, 0x000000060d800000|  0%| F|  |TAMS 0x000000060d400000, 0x000000060d400000| Untracked 
|  44|0x000000060d800000, 0x000000060d800000, 0x000000060dc00000|  0%| F|  |TAMS 0x000000060d800000, 0x000000060d800000| Untracked 
|  45|0x000000060dc00000, 0x000000060dc00000, 0x000000060e000000|  0%| F|  |TAMS 0x000000060dc00000, 0x000000060dc00000| Untracked 
|  46|0x000000060e000000, 0x000000060e000000, 0x000000060e400000|  0%| F|  |TAMS 0x000000060e000000, 0x000000060e000000| Untracked 
|  47|0x000000060e400000, 0x000000060e400000, 0x000000060e800000|  0%| F|  |TAMS 0x000000060e400000, 0x000000060e400000| Untracked 
|  48|0x000000060e800000, 0x000000060e800000, 0x000000060ec00000|  0%| F|  |TAMS 0x000000060e800000, 0x000000060e800000| Untracked 
|  49|0x000000060ec00000, 0x000000060ec00000, 0x000000060f000000|  0%| F|  |TAMS 0x000000060ec00000, 0x000000060ec00000| Untracked 
|  50|0x000000060f000000, 0x000000060f000000, 0x000000060f400000|  0%| F|  |TAMS 0x000000060f000000, 0x000000060f000000| Untracked 
|  51|0x000000060f400000, 0x000000060f400000, 0x000000060f800000|  0%| F|  |TAMS 0x000000060f400000, 0x000000060f400000| Untracked 
|  52|0x000000060f800000, 0x000000060f800000, 0x000000060fc00000|  0%| F|  |TAMS 0x000000060f800000, 0x000000060f800000| Untracked 
|  53|0x000000060fc00000, 0x000000060fc00000, 0x0000000610000000|  0%| F|  |TAMS 0x000000060fc00000, 0x000000060fc00000| Untracked 
|  54|0x0000000610000000, 0x0000000610000000, 0x0000000610400000|  0%| F|  |TAMS 0x0000000610000000, 0x0000000610000000| Untracked 
|  55|0x0000000610400000, 0x0000000610400000, 0x0000000610800000|  0%| F|  |TAMS 0x0000000610400000, 0x0000000610400000| Untracked 
|  56|0x0000000610800000, 0x0000000610800000, 0x0000000610c00000|  0%| F|  |TAMS 0x0000000610800000, 0x0000000610800000| Untracked 
|  57|0x0000000610c00000, 0x0000000610c00000, 0x0000000611000000|  0%| F|  |TAMS 0x0000000610c00000, 0x0000000610c00000| Untracked 
|  58|0x0000000611000000, 0x0000000611000000, 0x0000000611400000|  0%| F|  |TAMS 0x0000000611000000, 0x0000000611000000| Untracked 
|  59|0x0000000611400000, 0x0000000611400000, 0x0000000611800000|  0%| F|  |TAMS 0x0000000611400000, 0x0000000611400000| Untracked 
|  60|0x0000000611800000, 0x0000000611800000, 0x0000000611c00000|  0%| F|  |TAMS 0x0000000611800000, 0x0000000611800000| Untracked 
|  61|0x0000000611c00000, 0x0000000611c00000, 0x0000000612000000|  0%| F|  |TAMS 0x0000000611c00000, 0x0000000611c00000| Untracked 
|  62|0x0000000612000000, 0x0000000612000000, 0x0000000612400000|  0%| F|  |TAMS 0x0000000612000000, 0x0000000612000000| Untracked 
|  63|0x0000000612400000, 0x0000000612400000, 0x0000000612800000|  0%| F|  |TAMS 0x0000000612400000, 0x0000000612400000| Untracked 
|  64|0x0000000612800000, 0x0000000612800000, 0x0000000612c00000|  0%| F|  |TAMS 0x0000000612800000, 0x0000000612800000| Untracked 
|  65|0x0000000612c00000, 0x0000000612c00000, 0x0000000613000000|  0%| F|  |TAMS 0x0000000612c00000, 0x0000000612c00000| Untracked 
|  66|0x0000000613000000, 0x0000000613000000, 0x0000000613400000|  0%| F|  |TAMS 0x0000000613000000, 0x0000000613000000| Untracked 
|  67|0x0000000613400000, 0x0000000613400000, 0x0000000613800000|  0%| F|  |TAMS 0x0000000613400000, 0x0000000613400000| Untracked 
|  68|0x0000000613800000, 0x0000000613800000, 0x0000000613c00000|  0%| F|  |TAMS 0x0000000613800000, 0x0000000613800000| Untracked 
|  69|0x0000000613c00000, 0x0000000613c00000, 0x0000000614000000|  0%| F|  |TAMS 0x0000000613c00000, 0x0000000613c00000| Untracked 
|  70|0x0000000614000000, 0x0000000614000000, 0x0000000614400000|  0%| F|  |TAMS 0x0000000614000000, 0x0000000614000000| Untracked 
|  71|0x0000000614400000, 0x0000000614400000, 0x0000000614800000|  0%| F|  |TAMS 0x0000000614400000, 0x0000000614400000| Untracked 
|  72|0x0000000614800000, 0x0000000614800000, 0x0000000614c00000|  0%| F|  |TAMS 0x0000000614800000, 0x0000000614800000| Untracked 
|  73|0x0000000614c00000, 0x0000000614c00000, 0x0000000615000000|  0%| F|  |TAMS 0x0000000614c00000, 0x0000000614c00000| Untracked 
|  74|0x0000000615000000, 0x0000000615000000, 0x0000000615400000|  0%| F|  |TAMS 0x0000000615000000, 0x0000000615000000| Untracked 
|  75|0x0000000615400000, 0x0000000615400000, 0x0000000615800000|  0%| F|  |TAMS 0x0000000615400000, 0x0000000615400000| Untracked 
|  76|0x0000000615800000, 0x0000000615800000, 0x0000000615c00000|  0%| F|  |TAMS 0x0000000615800000, 0x0000000615800000| Untracked 
|  77|0x0000000615c00000, 0x0000000615c00000, 0x0000000616000000|  0%| F|  |TAMS 0x0000000615c00000, 0x0000000615c00000| Untracked 
|  78|0x0000000616000000, 0x0000000616000000, 0x0000000616400000|  0%| F|  |TAMS 0x0000000616000000, 0x0000000616000000| Untracked 
|  79|0x0000000616400000, 0x0000000616400000, 0x0000000616800000|  0%| F|  |TAMS 0x0000000616400000, 0x0000000616400000| Untracked 
|  80|0x0000000616800000, 0x0000000616800000, 0x0000000616c00000|  0%| F|  |TAMS 0x0000000616800000, 0x0000000616800000| Untracked 
|  81|0x0000000616c00000, 0x0000000616c00000, 0x0000000617000000|  0%| F|  |TAMS 0x0000000616c00000, 0x0000000616c00000| Untracked 
|  82|0x0000000617000000, 0x0000000617000000, 0x0000000617400000|  0%| F|  |TAMS 0x0000000617000000, 0x0000000617000000| Untracked 
|  83|0x0000000617400000, 0x0000000617400000, 0x0000000617800000|  0%| F|  |TAMS 0x0000000617400000, 0x0000000617400000| Untracked 
|  84|0x0000000617800000, 0x0000000617800000, 0x0000000617c00000|  0%| F|  |TAMS 0x0000000617800000, 0x0000000617800000| Untracked 
|  85|0x0000000617c00000, 0x0000000617c00000, 0x0000000618000000|  0%| F|  |TAMS 0x0000000617c00000, 0x0000000617c00000| Untracked 
|  86|0x0000000618000000, 0x0000000618000000, 0x0000000618400000|  0%| F|  |TAMS 0x0000000618000000, 0x0000000618000000| Untracked 
|  87|0x0000000618400000, 0x0000000618400000, 0x0000000618800000|  0%| F|  |TAMS 0x0000000618400000, 0x0000000618400000| Untracked 
|  88|0x0000000618800000, 0x0000000618800000, 0x0000000618c00000|  0%| F|  |TAMS 0x0000000618800000, 0x0000000618800000| Untracked 
|  89|0x0000000618c00000, 0x0000000618c00000, 0x0000000619000000|  0%| F|  |TAMS 0x0000000618c00000, 0x0000000618c00000| Untracked 
|  90|0x0000000619000000, 0x0000000619000000, 0x0000000619400000|  0%| F|  |TAMS 0x0000000619000000, 0x0000000619000000| Untracked 
|  91|0x0000000619400000, 0x0000000619400000, 0x0000000619800000|  0%| F|  |TAMS 0x0000000619400000, 0x0000000619400000| Untracked 
|  92|0x0000000619800000, 0x0000000619800000, 0x0000000619c00000|  0%| F|  |TAMS 0x0000000619800000, 0x0000000619800000| Untracked 
|  93|0x0000000619c00000, 0x0000000619c00000, 0x000000061a000000|  0%| F|  |TAMS 0x0000000619c00000, 0x0000000619c00000| Untracked 
|  94|0x000000061a000000, 0x000000061a000000, 0x000000061a400000|  0%| F|  |TAMS 0x000000061a000000, 0x000000061a000000| Untracked 
|  95|0x000000061a400000, 0x000000061a400000, 0x000000061a800000|  0%| F|  |TAMS 0x000000061a400000, 0x000000061a400000| Untracked 
|  96|0x000000061a800000, 0x000000061a800000, 0x000000061ac00000|  0%| F|  |TAMS 0x000000061a800000, 0x000000061a800000| Untracked 
|  97|0x000000061ac00000, 0x000000061ac00000, 0x000000061b000000|  0%| F|  |TAMS 0x000000061ac00000, 0x000000061ac00000| Untracked 
|  98|0x000000061b000000, 0x000000061b000000, 0x000000061b400000|  0%| F|  |TAMS 0x000000061b000000, 0x000000061b000000| Untracked 
|  99|0x000000061b400000, 0x000000061b400000, 0x000000061b800000|  0%| F|  |TAMS 0x000000061b400000, 0x000000061b400000| Untracked 
| 100|0x000000061b800000, 0x000000061b800000, 0x000000061bc00000|  0%| F|  |TAMS 0x000000061b800000, 0x000000061b800000| Untracked 
| 101|0x000000061bc00000, 0x000000061bc00000, 0x000000061c000000|  0%| F|  |TAMS 0x000000061bc00000, 0x000000061bc00000| Untracked 
| 102|0x000000061c000000, 0x000000061c000000, 0x000000061c400000|  0%| F|  |TAMS 0x000000061c000000, 0x000000061c000000| Untracked 
| 103|0x000000061c400000, 0x000000061c400000, 0x000000061c800000|  0%| F|  |TAMS 0x000000061c400000, 0x000000061c400000| Untracked 
| 104|0x000000061c800000, 0x000000061c800000, 0x000000061cc00000|  0%| F|  |TAMS 0x000000061c800000, 0x000000061c800000| Untracked 
| 105|0x000000061cc00000, 0x000000061cc00000, 0x000000061d000000|  0%| F|  |TAMS 0x000000061cc00000, 0x000000061cc00000| Untracked 
| 106|0x000000061d000000, 0x000000061d000000, 0x000000061d400000|  0%| F|  |TAMS 0x000000061d000000, 0x000000061d000000| Untracked 
| 107|0x000000061d400000, 0x000000061d400000, 0x000000061d800000|  0%| F|  |TAMS 0x000000061d400000, 0x000000061d400000| Untracked 
| 108|0x000000061d800000, 0x000000061d800000, 0x000000061dc00000|  0%| F|  |TAMS 0x000000061d800000, 0x000000061d800000| Untracked 
| 109|0x000000061dc00000, 0x000000061dc00000, 0x000000061e000000|  0%| F|  |TAMS 0x000000061dc00000, 0x000000061dc00000| Untracked 
| 110|0x000000061e000000, 0x000000061e000000, 0x000000061e400000|  0%| F|  |TAMS 0x000000061e000000, 0x000000061e000000| Untracked 
| 111|0x000000061e400000, 0x000000061e400000, 0x000000061e800000|  0%| F|  |TAMS 0x000000061e400000, 0x000000061e400000| Untracked 
| 112|0x000000061e800000, 0x000000061e800000, 0x000000061ec00000|  0%| F|  |TAMS 0x000000061e800000, 0x000000061e800000| Untracked 
| 113|0x000000061ec00000, 0x000000061ec00000, 0x000000061f000000|  0%| F|  |TAMS 0x000000061ec00000, 0x000000061ec00000| Untracked 
| 114|0x000000061f000000, 0x000000061f000000, 0x000000061f400000|  0%| F|  |TAMS 0x000000061f000000, 0x000000061f000000| Untracked 
| 115|0x000000061f400000, 0x000000061f400000, 0x000000061f800000|  0%| F|  |TAMS 0x000000061f400000, 0x000000061f400000| Untracked 
| 116|0x000000061f800000, 0x000000061f800000, 0x000000061fc00000|  0%| F|  |TAMS 0x000000061f800000, 0x000000061f800000| Untracked 
| 117|0x000000061fc00000, 0x000000061fc00000, 0x0000000620000000|  0%| F|  |TAMS 0x000000061fc00000, 0x000000061fc00000| Untracked 
| 118|0x0000000620000000, 0x0000000620000000, 0x0000000620400000|  0%| F|  |TAMS 0x0000000620000000, 0x0000000620000000| Untracked 
| 119|0x0000000620400000, 0x0000000620400000, 0x0000000620800000|  0%| F|  |TAMS 0x0000000620400000, 0x0000000620400000| Untracked 
| 120|0x0000000620800000, 0x0000000620800000, 0x0000000620c00000|  0%| F|  |TAMS 0x0000000620800000, 0x0000000620800000| Untracked 
| 121|0x0000000620c00000, 0x0000000620c00000, 0x0000000621000000|  0%| F|  |TAMS 0x0000000620c00000, 0x0000000620c00000| Untracked 
| 122|0x0000000621000000, 0x000000062137ac68, 0x0000000621400000| 86%| E|  |TAMS 0x0000000621000000, 0x0000000621000000| Complete 
| 123|0x0000000621400000, 0x0000000621800000, 0x0000000621800000|100%| E|CS|TAMS 0x0000000621400000, 0x0000000621400000| Complete 
| 124|0x0000000621800000, 0x0000000621c00000, 0x0000000621c00000|100%| E|  |TAMS 0x0000000621800000, 0x0000000621800000| Complete 
| 125|0x0000000621c00000, 0x0000000622000000, 0x0000000622000000|100%| E|CS|TAMS 0x0000000621c00000, 0x0000000621c00000| Complete 
| 126|0x0000000622000000, 0x0000000622400000, 0x0000000622400000|100%| E|CS|TAMS 0x0000000622000000, 0x0000000622000000| Complete 
| 127|0x0000000622400000, 0x0000000622800000, 0x0000000622800000|100%| E|CS|TAMS 0x0000000622400000, 0x0000000622400000| Complete 

Card table byte_map: [0x0000023447110000,0x0000023448100000] _byte_map_base: 0x00000234440fc000

Marking Bits (Prev, Next): (CMBitMap*) 0x000002342e9c6510, (CMBitMap*) 0x000002342e9c6550
 Prev Bits: [0x00000234490f0000, 0x0000023451050000)
 Next Bits: [0x0000023451050000, 0x0000023458fb0000)

Polling page: 0x000002342d0f0000

Metaspace:

Usage:
  Non-class:      5.47 MB used.
      Class:    301.72 KB used.
       Both:      5.77 MB used.

Virtual space:
  Non-class space:       64.00 MB reserved,       5.56 MB (  9%) committed,  1 nodes.
      Class space:        1.00 GB reserved,     384.00 KB ( <1%) committed,  1 nodes.
             Both:        1.06 GB reserved,       5.94 MB ( <1%) committed. 

Chunk freelists:
   Non-Class:  7.94 MB
       Class:  15.52 MB
        Both:  23.46 MB

MaxMetaspaceSize: unlimited
CompressedClassSpaceSize: 1.00 GB
Initial GC threshold: 21.00 MB
Current GC threshold: 21.00 MB
CDS: on
MetaspaceReclaimPolicy: balanced
 - commit_granule_bytes: 65536.
 - commit_granule_words: 8192.
 - virtual_space_node_default_size: 8388608.
 - enlarge_chunks_in_place: 1.
 - new_chunks_are_fully_committed: 0.
 - uncommit_free_chunks: 1.
 - use_allocation_guard: 0.
 - handle_deallocations: 1.


Internal statistics:

num_allocs_failed_limit: 0.
num_arena_births: 74.
num_arena_deaths: 0.
num_vsnodes_births: 2.
num_vsnodes_deaths: 0.
num_space_committed: 93.
num_space_uncommitted: 0.
num_chunks_returned_to_freelist: 0.
num_chunks_taken_from_freelist: 236.
num_chunk_merges: 0.
num_chunk_splits: 179.
num_chunks_enlarged: 143.
num_inconsistent_stats: 0.

CodeHeap 'non-profiled nmethods': size=120000Kb used=394Kb max_used=394Kb free=119605Kb
 bounds [0x000002343df70000, 0x000002343e1e0000, 0x00000234454a0000]
CodeHeap 'profiled nmethods': size=120000Kb used=1616Kb max_used=1616Kb free=118384Kb
 bounds [0x00000234364a0000, 0x0000023436710000, 0x000002343d9d0000]
CodeHeap 'non-nmethods': size=5760Kb used=1610Kb max_used=1628Kb free=4149Kb
 bounds [0x000002343d9d0000, 0x000002343dc40000, 0x000002343df70000]
 total_blobs=1982 nmethods=942 adapters=953
 compilation: enabled
              stopped_count=0, restarted_count=0
 full_count=0

Compilation events (20 events):
Event: 0.991 Thread 0x000002349d0a1760 nmethod 934 0x000002343dfcdc10 code [0x000002343dfcdda0, 0x000002343dfcde78]
Event: 0.992 Thread 0x00000234a25946f0 nmethod 779 0x000002343dfcdf10 code [0x000002343dfce120, 0x000002343dfcf358]
Event: 0.992 Thread 0x00000234a25946f0  850       4       java.lang.StringUTF16::getChar (60 bytes)
Event: 0.993 Thread 0x00000234a25946f0 nmethod 850 0x000002343dfcfe10 code [0x000002343dfcff80, 0x000002343dfd0058]
Event: 0.993 Thread 0x00000234a25946f0  936       4       java.nio.DirectIntBufferU::ix (10 bytes)
Event: 0.993 Thread 0x00000234a2654590 nmethod 930 0x000002343dfd0110 code [0x000002343dfd02c0, 0x000002343dfd0678]
Event: 0.993 Thread 0x00000234a2654590  937       4       java.lang.Character::charCount (12 bytes)
Event: 0.993 Thread 0x00000234a25946f0 nmethod 936 0x000002343dfd0990 code [0x000002343dfd0b00, 0x000002343dfd0b78]
Event: 0.993 Thread 0x00000234a25946f0  938       4       java.lang.Character::codePointAt (51 bytes)
Event: 0.993 Thread 0x00000234a2654590 nmethod 937 0x000002343dfd0c90 code [0x000002343dfd0e00, 0x000002343dfd0e78]
Event: 0.993 Thread 0x00000234a2654590  939       4       java.nio.CharBuffer::charAt (16 bytes)
Event: 0.994 Thread 0x000002349d0a1760  942       1       org.lwjgl.system.MemoryStack::getPointer (5 bytes)
Event: 0.994 Thread 0x000002349d0a1760 nmethod 942 0x000002343dfd0f90 code [0x000002343dfd1120, 0x000002343dfd11f8]
Event: 0.994 Thread 0x00000234a2654590 nmethod 939 0x000002343dfd1690 code [0x000002343dfd1820, 0x000002343dfd1998]
Event: 0.994 Thread 0x00000234a2654590  940       4       java.nio.HeapCharBuffer::get (15 bytes)
Event: 0.994 Thread 0x00000234a25946f0 nmethod 938 0x000002343dfd1b90 code [0x000002343dfd1d20, 0x000002343dfd1ed8]
Event: 0.994 Thread 0x00000234a25946f0  941       4       java.util.regex.Pattern$$Lambda$25/0x000002345d055ae0::is (5 bytes)
Event: 0.994 Thread 0x00000234a25946f0 nmethod 941 0x000002343dfd2190 code [0x000002343dfd2300, 0x000002343dfd2378]
Event: 0.995 Thread 0x00000234a25946f0  895       4       jdk.internal.org.objectweb.asm.SymbolTable::get (13 bytes)
Event: 0.995 Thread 0x00000234a2654590 nmethod 940 0x000002343dfd2490 code [0x000002343dfd2600, 0x000002343dfd26f8]

GC Heap History (0 events):
No events

Dll operation events (9 events):
Event: 0.006 Loaded shared library C:\Users\osama\.jdks\corretto-17.0.14\bin\java.dll
Event: 0.020 Loaded shared library C:\Users\osama\.jdks\corretto-17.0.14\bin\jsvml.dll
Event: 0.070 Loaded shared library C:\Users\osama\.jdks\corretto-17.0.14\bin\net.dll
Event: 0.071 Loaded shared library C:\Users\osama\.jdks\corretto-17.0.14\bin\nio.dll
Event: 0.072 Loaded shared library C:\Users\osama\.jdks\corretto-17.0.14\bin\zip.dll
Event: 0.078 Loaded shared library C:\Users\osama\.jdks\corretto-17.0.14\bin\verify.dll
Event: 0.174 Loaded shared library C:\Users\osama\.jdks\corretto-17.0.14\bin\jimage.dll
Event: 0.194 Loaded shared library C:\Users\osama\AppData\Local\Temp\lwjglosama\3.2.3-build-13\lwjgl.dll
Event: 0.817 Loaded shared library C:\Users\osama\AppData\Local\Temp\lwjglosama\3.2.3-build-13\lwjgl_opengl.dll

Deoptimization events (20 events):
Event: 0.978 Thread 0x000002342e956410 Uncommon trap: trap_request=0xffffff45 fr.pc=0x000002343df92df8 relative=0x00000000000003d8
Event: 0.978 Thread 0x000002342e956410 Uncommon trap: reason=unstable_if action=reinterpret pc=0x000002343df92df8 method=java.lang.StringLatin1.newString([BII)Ljava/lang/String; @ 1 c2
Event: 0.978 Thread 0x000002342e956410 DEOPT PACKING pc=0x000002343df92df8 sp=0x0000004241cfee10
Event: 0.978 Thread 0x000002342e956410 DEOPT UNPACKING pc=0x000002343da269a3 sp=0x0000004241cfedf0 mode 2
Event: 0.978 Thread 0x000002342e956410 Uncommon trap: trap_request=0xffffff45 fr.pc=0x000002343df88438 relative=0x00000000000004f8
Event: 0.978 Thread 0x000002342e956410 Uncommon trap: reason=unstable_if action=reinterpret pc=0x000002343df88438 method=java.lang.AbstractStringBuilder.putStringAt(ILjava/lang/String;II)V @ 8 c2
Event: 0.978 Thread 0x000002342e956410 DEOPT PACKING pc=0x000002343df88438 sp=0x0000004241cff220
Event: 0.978 Thread 0x000002342e956410 DEOPT UNPACKING pc=0x000002343da269a3 sp=0x0000004241cff0a8 mode 2
Event: 0.978 Thread 0x000002342e956410 Uncommon trap: trap_request=0xffffff45 fr.pc=0x000002343df8cc30 relative=0x00000000000004f0
Event: 0.978 Thread 0x000002342e956410 Uncommon trap: reason=unstable_if action=reinterpret pc=0x000002343df8cc30 method=java.lang.AbstractStringBuilder.putStringAt(ILjava/lang/String;II)V @ 8 c2
Event: 0.978 Thread 0x000002342e956410 DEOPT PACKING pc=0x000002343df8cc30 sp=0x0000004241cff1c0
Event: 0.978 Thread 0x000002342e956410 DEOPT UNPACKING pc=0x000002343da269a3 sp=0x0000004241cff0b0 mode 2
Event: 0.980 Thread 0x000002342e956410 Uncommon trap: trap_request=0xffffff45 fr.pc=0x000002343df89dd4 relative=0x0000000000000134
Event: 0.980 Thread 0x000002342e956410 Uncommon trap: reason=unstable_if action=reinterpret pc=0x000002343df89dd4 method=java.lang.AbstractStringBuilder.putStringAt(ILjava/lang/String;II)V @ 8 c2
Event: 0.980 Thread 0x000002342e956410 DEOPT PACKING pc=0x000002343df89dd4 sp=0x0000004241cff160
Event: 0.980 Thread 0x000002342e956410 DEOPT UNPACKING pc=0x000002343da269a3 sp=0x0000004241cff090 mode 2
Event: 0.980 Thread 0x000002342e956410 Uncommon trap: trap_request=0xffffff45 fr.pc=0x000002343df8e35c relative=0x000000000000013c
Event: 0.980 Thread 0x000002342e956410 Uncommon trap: reason=unstable_if action=reinterpret pc=0x000002343df8e35c method=java.lang.AbstractStringBuilder.putStringAt(ILjava/lang/String;II)V @ 8 c2
Event: 0.980 Thread 0x000002342e956410 DEOPT PACKING pc=0x000002343df8e35c sp=0x0000004241cff0c0
Event: 0.980 Thread 0x000002342e956410 DEOPT UNPACKING pc=0x000002343da269a3 sp=0x0000004241cff088 mode 2

Classes loaded (20 events):
Event: 0.957 Loading class jdk/internal/reflect/UnsafeQualifiedFieldAccessorImpl done
Event: 0.957 Loading class jdk/internal/reflect/UnsafeQualifiedLongFieldAccessorImpl done
Event: 0.968 Loading class sun/net/ProgressMonitor
Event: 0.968 Loading class sun/net/ProgressMonitor done
Event: 0.968 Loading class sun/net/DefaultProgressMeteringPolicy
Event: 0.968 Loading class sun/net/ProgressMeteringPolicy
Event: 0.968 Loading class sun/net/ProgressMeteringPolicy done
Event: 0.968 Loading class sun/net/DefaultProgressMeteringPolicy done
Event: 0.968 Loading class java/util/Scanner
Event: 0.968 Loading class java/util/Scanner done
Event: 0.970 Loading class java/util/Scanner$PatternLRUCache
Event: 0.970 Loading class java/util/Scanner$PatternLRUCache done
Event: 0.971 Loading class jdk/internal/module/ModulePatcher$PatchedModuleReader
Event: 0.971 Loading class jdk/internal/module/ModulePatcher$PatchedModuleReader done
Event: 0.971 Loading class sun/net/www/protocol/jrt/Handler
Event: 0.971 Loading class sun/net/www/protocol/jrt/Handler done
Event: 0.974 Loading class sun/text/resources/cldr/FormatData_en
Event: 0.974 Loading class sun/text/resources/cldr/FormatData_en done
Event: 0.974 Loading class sun/text/resources/cldr/FormatData_en_US
Event: 0.974 Loading class sun/text/resources/cldr/FormatData_en_US done

Classes unloaded (0 events):
No events

Classes redefined (0 events):
No events

Internal exceptions (16 events):
Event: 0.155 Thread 0x000002342e956410 Exception <a 'java/lang/NoSuchMethodError'{0x00000006223b2350}: 'java.lang.Object java.lang.invoke.DirectMethodHandle$Holder.invokeStaticInit(java.lang.Object)'> (0x00000006223b2350) 
thrown [s\src\hotspot\share\interpreter\linkResolver.cpp, line 759]
Event: 0.163 Thread 0x000002342e956410 Exception <a 'java/lang/NoSuchMethodError'{0x0000000621c3b7c0}: 'void java.lang.invoke.DirectMethodHandle$Holder.invokeStatic(java.lang.Object, java.lang.Object)'> (0x0000000621c3b7c0) 
thrown [s\src\hotspot\share\interpreter\linkResolver.cpp, line 759]
Event: 0.164 Thread 0x000002342e956410 Exception <a 'java/lang/NoSuchMethodError'{0x0000000621c41008}: 'void java.lang.invoke.DirectMethodHandle$Holder.invokeSpecial(java.lang.Object, java.lang.Object, java.lang.Object)'> (0x0000000621c41008) 
thrown [s\src\hotspot\share\interpreter\linkResolver.cpp, line 759]
Event: 0.166 Thread 0x000002342e956410 Exception <a 'java/lang/NoSuchMethodError'{0x0000000621c54390}: 'java.lang.Object java.lang.invoke.DirectMethodHandle$Holder.invokeStatic(java.lang.Object, java.lang.Object, int)'> (0x0000000621c54390) 
thrown [s\src\hotspot\share\interpreter\linkResolver.cpp, line 759]
Event: 0.167 Thread 0x000002342e956410 Exception <a 'java/lang/NoSuchMethodError'{0x0000000621c601f0}: 'void java.lang.invoke.DelegatingMethodHandle$Holder.delegate(java.lang.Object, java.lang.Object, int, java.lang.Object)'> (0x0000000621c601f0) 
thrown [s\src\hotspot\share\interpreter\linkResolver.cpp, line 759]
Event: 0.167 Thread 0x000002342e956410 Exception <a 'java/lang/NoSuchMethodError'{0x0000000621c64430}: 'int java.lang.invoke.DirectMethodHandle$Holder.invokeSpecial(java.lang.Object, java.lang.Object, java.lang.Object)'> (0x0000000621c64430) 
thrown [s\src\hotspot\share\interpreter\linkResolver.cpp, line 759]
Event: 0.197 Thread 0x000002342e956410 Exception <a 'sun/nio/fs/WindowsException'{0x0000000621dbfc38}> (0x0000000621dbfc38) 
thrown [s\src\hotspot\share\prims\jni.cpp, line 516]
Event: 0.197 Thread 0x000002342e956410 Exception <a 'sun/nio/fs/WindowsException'{0x0000000621dc0190}> (0x0000000621dc0190) 
thrown [s\src\hotspot\share\prims\jni.cpp, line 516]
Event: 0.215 Thread 0x000002342e956410 Exception <a 'sun/nio/fs/WindowsException'{0x0000000621efad58}> (0x0000000621efad58) 
thrown [s\src\hotspot\share\prims\jni.cpp, line 516]
Event: 0.215 Thread 0x000002342e956410 Exception <a 'sun/nio/fs/WindowsException'{0x0000000621efb0f8}> (0x0000000621efb0f8) 
thrown [s\src\hotspot\share\prims\jni.cpp, line 516]
Event: 0.234 Thread 0x000002342e956410 Exception <a 'sun/nio/fs/WindowsException'{0x0000000621fd6038}> (0x0000000621fd6038) 
thrown [s\src\hotspot\share\prims\jni.cpp, line 516]
Event: 0.234 Thread 0x000002342e956410 Exception <a 'sun/nio/fs/WindowsException'{0x0000000621fd63a8}> (0x0000000621fd63a8) 
thrown [s\src\hotspot\share\prims\jni.cpp, line 516]
Event: 0.816 Thread 0x000002342e956410 Exception <a 'sun/nio/fs/WindowsException'{0x00000006218b4770}> (0x00000006218b4770) 
thrown [s\src\hotspot\share\prims\jni.cpp, line 516]
Event: 0.816 Thread 0x000002342e956410 Exception <a 'sun/nio/fs/WindowsException'{0x00000006218b4b20}> (0x00000006218b4b20) 
thrown [s\src\hotspot\share\prims\jni.cpp, line 516]
Event: 0.819 Thread 0x000002342e956410 Exception <a 'sun/nio/fs/WindowsException'{0x00000006218c75f0}> (0x00000006218c75f0) 
thrown [s\src\hotspot\share\prims\jni.cpp, line 516]
Event: 0.819 Thread 0x000002342e956410 Exception <a 'sun/nio/fs/WindowsException'{0x00000006218c78d8}> (0x00000006218c78d8) 
thrown [s\src\hotspot\share\prims\jni.cpp, line 516]

VM Operations (8 events):
Event: 0.073 Executing VM operation: HandshakeAllThreads
Event: 0.073 Executing VM operation: HandshakeAllThreads done
Event: 0.166 Executing VM operation: HandshakeAllThreads
Event: 0.166 Executing VM operation: HandshakeAllThreads done
Event: 0.183 Executing VM operation: HandshakeAllThreads
Event: 0.183 Executing VM operation: HandshakeAllThreads done
Event: 0.825 Executing VM operation: HandshakeAllThreads
Event: 0.825 Executing VM operation: HandshakeAllThreads done

Memory protections (0 events):
No events

Nmethod flushes (0 events):
No events

Events (16 events):
Event: 0.020 Thread 0x000002342e956410 Thread added: 0x000002342e956410
Event: 0.022 Thread 0x000002342e956410 Thread added: 0x0000023459238910
Event: 0.022 Thread 0x000002342e956410 Thread added: 0x000002349d0885a0
Event: 0.027 Thread 0x000002342e956410 Thread added: 0x000002349d091330
Event: 0.027 Thread 0x000002342e956410 Thread added: 0x000002349d091cf0
Event: 0.027 Thread 0x000002342e956410 Thread added: 0x000002349d0926b0
Event: 0.027 Thread 0x000002342e956410 Thread added: 0x000002349d093280
Event: 0.027 Thread 0x000002342e956410 Thread added: 0x000002349d098a90
Event: 0.027 Thread 0x000002342e956410 Thread added: 0x000002349d0a1760
Event: 0.028 Thread 0x000002342e956410 Thread added: 0x000002349d0a2940
Event: 0.062 Thread 0x000002342e956410 Thread added: 0x000002349d1e44b0
Event: 0.065 Thread 0x000002342e956410 Thread added: 0x000002349d215650
Event: 0.216 Thread 0x000002349d0a1760 Thread added: 0x000002349d5f4420
Event: 0.605 Thread 0x000002349d5f4420 Thread exited: 0x000002349d5f4420
Event: 0.899 Thread 0x000002349d0a1760 Thread added: 0x00000234a25946f0
Event: 0.985 Thread 0x000002349d0a1760 Thread added: 0x00000234a2654590


Dynamic libraries:
0x00007ff714d20000 - 0x00007ff714d2e000 	C:\Users\osama\.jdks\corretto-17.0.14\bin\java.exe
0x00007ffeb6680000 - 0x00007ffeb68e0000 	C:\WINDOWS\SYSTEM32\ntdll.dll
0x00007ffeb4b00000 - 0x00007ffeb4bc7000 	C:\WINDOWS\System32\KERNEL32.DLL
0x00007ffeb3860000 - 0x00007ffeb3c2a000 	C:\WINDOWS\System32\KERNELBASE.dll
0x00007ffeb3fb0000 - 0x00007ffeb40fb000 	C:\WINDOWS\System32\ucrtbase.dll
0x00007ffe273d0000 - 0x00007ffe273eb000 	C:\Users\osama\.jdks\corretto-17.0.14\bin\VCRUNTIME140.dll
0x00007ffe273f0000 - 0x00007ffe27407000 	C:\Users\osama\.jdks\corretto-17.0.14\bin\jli.dll
0x00007ffeb4760000 - 0x00007ffeb492c000 	C:\WINDOWS\System32\USER32.dll
0x00007ffe99080000 - 0x00007ffe99317000 	C:\WINDOWS\WinSxS\amd64_microsoft.windows.common-controls_6595b64144ccf1df_6.0.26100.3624_none_3e086962e3345f24\COMCTL32.dll
0x00007ffeb4300000 - 0x00007ffeb4327000 	C:\WINDOWS\System32\win32u.dll
0x00007ffeb6280000 - 0x00007ffeb6329000 	C:\WINDOWS\System32\msvcrt.dll
0x00007ffeb4930000 - 0x00007ffeb495a000 	C:\WINDOWS\System32\GDI32.dll
0x00007ffeb3e70000 - 0x00007ffeb3fa1000 	C:\WINDOWS\System32\gdi32full.dll
0x00007ffeb4330000 - 0x00007ffeb43d3000 	C:\WINDOWS\System32\msvcp_win.dll
0x00007ffeb4c60000 - 0x00007ffeb4c8f000 	C:\WINDOWS\System32\IMM32.DLL
0x00007ffe78290000 - 0x00007ffe7829c000 	C:\Users\osama\.jdks\corretto-17.0.14\bin\vcruntime140_1.dll
0x00007ffe15ed0000 - 0x00007ffe15f5d000 	C:\Users\osama\.jdks\corretto-17.0.14\bin\msvcp140.dll
0x00007ffe07660000 - 0x00007ffe082cc000 	C:\Users\osama\.jdks\corretto-17.0.14\bin\server\jvm.dll
0x00007ffeb58b0000 - 0x00007ffeb5962000 	C:\WINDOWS\System32\ADVAPI32.dll
0x00007ffeb6330000 - 0x00007ffeb63d6000 	C:\WINDOWS\System32\sechost.dll
0x00007ffeb4530000 - 0x00007ffeb4646000 	C:\WINDOWS\System32\RPCRT4.dll
0x00007ffeb4bd0000 - 0x00007ffeb4c44000 	C:\WINDOWS\System32\WS2_32.dll
0x00007ffeb2f90000 - 0x00007ffeb2fee000 	C:\WINDOWS\SYSTEM32\POWRPROF.dll
0x00007ffea6fd0000 - 0x00007ffea7006000 	C:\WINDOWS\SYSTEM32\WINMM.dll
0x00007ffead060000 - 0x00007ffead06b000 	C:\WINDOWS\SYSTEM32\VERSION.dll
0x00007ffeb2f70000 - 0x00007ffeb2f84000 	C:\WINDOWS\SYSTEM32\UMPDC.dll
0x00007ffeb2630000 - 0x00007ffeb264a000 	C:\WINDOWS\SYSTEM32\kernel.appcore.dll
0x00007ffe771a0000 - 0x00007ffe771aa000 	C:\Users\osama\.jdks\corretto-17.0.14\bin\jimage.dll
0x00007ffeb0cc0000 - 0x00007ffeb0f01000 	C:\WINDOWS\SYSTEM32\DBGHELP.DLL
0x00007ffeb5390000 - 0x00007ffeb5712000 	C:\WINDOWS\System32\combase.dll
0x00007ffeb63e0000 - 0x00007ffeb64b6000 	C:\WINDOWS\System32\OLEAUT32.dll
0x00007ffe99cb0000 - 0x00007ffe99ce9000 	C:\WINDOWS\SYSTEM32\dbgcore.DLL
0x00007ffeb43e0000 - 0x00007ffeb4479000 	C:\WINDOWS\System32\bcryptPrimitives.dll
0x00007ffe26950000 - 0x00007ffe26975000 	C:\Users\osama\.jdks\corretto-17.0.14\bin\java.dll
0x00007ffe14f10000 - 0x00007ffe14fe7000 	C:\Users\osama\.jdks\corretto-17.0.14\bin\jsvml.dll
0x00007ffeb5970000 - 0x00007ffeb6099000 	C:\WINDOWS\System32\SHELL32.dll
0x00007ffeb4100000 - 0x00007ffeb4268000 	C:\WINDOWS\System32\wintypes.dll
0x00007ffeb14e0000 - 0x00007ffeb1d32000 	C:\WINDOWS\SYSTEM32\windows.storage.dll
0x00007ffeb5290000 - 0x00007ffeb537d000 	C:\WINDOWS\System32\SHCORE.dll
0x00007ffeb5810000 - 0x00007ffeb5874000 	C:\WINDOWS\System32\shlwapi.dll
0x00007ffeb3770000 - 0x00007ffeb379f000 	C:\WINDOWS\SYSTEM32\profapi.dll
0x00007ffe15eb0000 - 0x00007ffe15ec9000 	C:\Users\osama\.jdks\corretto-17.0.14\bin\net.dll
0x00007ffeab9e0000 - 0x00007ffeabafd000 	C:\WINDOWS\SYSTEM32\WINHTTP.dll
0x00007ffeb2b30000 - 0x00007ffeb2b9a000 	C:\WINDOWS\system32\mswsock.dll
0x00007ffe15e90000 - 0x00007ffe15ea6000 	C:\Users\osama\.jdks\corretto-17.0.14\bin\nio.dll
0x00007ffe26180000 - 0x00007ffe26198000 	C:\Users\osama\.jdks\corretto-17.0.14\bin\zip.dll
0x00007ffe760c0000 - 0x00007ffe760d0000 	C:\Users\osama\.jdks\corretto-17.0.14\bin\verify.dll
0x00007ffe97950000 - 0x00007ffe979b4000 	C:\Users\osama\AppData\Local\Temp\lwjglosama\3.2.3-build-13\lwjgl.dll
0x00007ffe2a7c0000 - 0x00007ffe2aa13000 	C:\Users\osama\AppData\Local\Temp\lwjglosama\3.2.3-build-13\jemalloc.dll
0x00007ffe979c0000 - 0x00007ffe97a22000 	C:\Users\osama\AppData\Local\Temp\lwjglosama\3.2.3-build-13\glfw.dll
0x00007ffeb0620000 - 0x00007ffeb06ce000 	C:\WINDOWS\system32\uxtheme.dll
0x00007ffe492c0000 - 0x00007ffe4930b000 	C:\WINDOWS\SYSTEM32\dinput8.dll
0x00007ffead570000 - 0x00007ffead582000 	C:\WINDOWS\SYSTEM32\xinput1_4.dll
0x00007ffeb34c0000 - 0x00007ffeb351f000 	C:\WINDOWS\SYSTEM32\cfgmgr32.dll
0x00007ffeb3490000 - 0x00007ffeb34bd000 	C:\WINDOWS\SYSTEM32\DEVOBJ.dll
0x00007ffeb0940000 - 0x00007ffeb0976000 	C:\WINDOWS\SYSTEM32\dwmapi.dll
0x00007ffe9c1a0000 - 0x00007ffe9c380000 	C:\WINDOWS\SYSTEM32\inputhost.dll
0x00007ffeafff0000 - 0x00007ffeb0116000 	C:\WINDOWS\SYSTEM32\CoreMessaging.dll
0x00007ffeb5130000 - 0x00007ffeb528d000 	C:\WINDOWS\System32\MSCTF.dll
0x00007ffeb2d60000 - 0x00007ffeb2d6c000 	C:\WINDOWS\SYSTEM32\CRYPTBASE.DLL
0x00007ffeb1d40000 - 0x00007ffeb1d4f000 	C:\WINDOWS\SYSTEM32\HID.DLL
0x00007ffeb4ca0000 - 0x00007ffeb5126000 	C:\WINDOWS\System32\SETUPAPI.DLL
0x00007ffeb4270000 - 0x00007ffeb42ef000 	C:\WINDOWS\System32\WINTRUST.dll
0x00007ffeb3c30000 - 0x00007ffeb3da7000 	C:\WINDOWS\System32\CRYPT32.dll
0x00007ffeb3060000 - 0x00007ffeb3073000 	C:\WINDOWS\SYSTEM32\MSASN1.dll
0x00007ffe16040000 - 0x00007ffe1614c000 	C:\WINDOWS\SYSTEM32\opengl32.dll
0x00007ffe28a00000 - 0x00007ffe28a2d000 	C:\WINDOWS\SYSTEM32\GLU32.dll
0x00007ffeb0720000 - 0x00007ffeb0767000 	C:\WINDOWS\SYSTEM32\dxcore.dll
0x00007ffe9c8e0000 - 0x00007ffe9c8fa000 	C:\WINDOWS\SYSTEM32\windows.staterepositorycore.dll
0x00007ffe04e70000 - 0x00007ffe0765e000 	C:\WINDOWS\System32\DriverStore\FileRepository\nv_dispi.inf_amd64_9d15b9aa9e1c885b\nvoglv64.dll
0x00007ffeb4960000 - 0x00007ffeb4af6000 	C:\WINDOWS\System32\ole32.dll
0x00007ffeb04f0000 - 0x00007ffeb0506000 	C:\WINDOWS\SYSTEM32\WTSAPI32.dll
0x00007ffeac140000 - 0x00007ffeac17b000 	C:\WINDOWS\SYSTEM32\cryptnet.dll
0x00007ffeb2e00000 - 0x00007ffeb2e5d000 	C:\WINDOWS\SYSTEM32\wldp.dll
0x00007ffeabfc0000 - 0x00007ffeac13c000 	C:\WINDOWS\SYSTEM32\drvstore.dll
0x00007ffeb2750000 - 0x00007ffeb2785000 	C:\WINDOWS\SYSTEM32\ntmarta.dll
0x00007ffeb5880000 - 0x00007ffeb58a0000 	C:\WINDOWS\System32\imagehlp.dll
0x00007ffeb3000000 - 0x00007ffeb301c000 	C:\WINDOWS\SYSTEM32\CRYPTSP.dll
0x00007ffeb2590000 - 0x00007ffeb25ca000 	C:\WINDOWS\system32\rsaenh.dll
0x00007ffeb3740000 - 0x00007ffeb3766000 	C:\WINDOWS\SYSTEM32\bcrypt.dll
0x00007ffea8120000 - 0x00007ffeab8ba000 	C:\WINDOWS\System32\DriverStore\FileRepository\nv_dispi.inf_amd64_9d15b9aa9e1c885b\nvgpucomp64.dll
0x00007ffe825c0000 - 0x00007ffe828c4000 	C:\WINDOWS\system32\nvspcap64.dll
0x00007ffeb2e60000 - 0x00007ffeb2ec7000 	C:\WINDOWS\SYSTEM32\WINSTA.dll
0x00007ffe9e570000 - 0x00007ffe9e6b9000 	C:\WINDOWS\SYSTEM32\textinputframework.dll
0x00007ffeacd60000 - 0x00007ffead043000 	C:\WINDOWS\SYSTEM32\CoreUIComponents.dll
0x00007ffe86fa0000 - 0x00007ffe86ff9000 	C:\Users\osama\AppData\Local\Temp\lwjglosama\3.2.3-build-13\lwjgl_opengl.dll

dbghelp: loaded successfully - version: 4.0.5 - missing functions: none
symbol engine: initialized successfully - sym options: 0x614 - pdb path: .;C:\Users\osama\.jdks\corretto-17.0.14\bin;C:\WINDOWS\SYSTEM32;C:\WINDOWS\WinSxS\amd64_microsoft.windows.common-controls_6595b64144ccf1df_6.0.26100.3624_none_3e086962e3345f24;C:\Users\osama\.jdks\corretto-17.0.14\bin\server;C:\Users\osama\AppData\Local\Temp\lwjglosama\3.2.3-build-13;C:\WINDOWS\System32\DriverStore\FileRepository\nv_dispi.inf_amd64_9d15b9aa9e1c885b

VM Arguments:
jvm_args: -Dfile.encoding=UTF-8 -Duser.country=US -Duser.language=en -Duser.variant 
java_command: com.gameengine.test.Launcher
java_class_path (initial): C:\Users\osama\GameEngine\build\classes\java\main;C:\Users\osama\GameEngine\build\resources\main;C:\Users\osama\.gradle\caches\modules-2\files-2.1\org.joml\joml-primitives\1.10.0\b3ae3ae0dfee0bf5aef9f7964205cca0f3c6ea07\joml-primitives-1.10.0.jar;C:\Users\osama\.gradle\caches\modules-2\files-2.1\org.joml\joml\1.10.0\a29b8bf72dc1478e9ceea256db214188da94f313\joml-1.10.0.jar;C:\Users\osama\.gradle\caches\modules-2\files-2.1\org.lwjgl\lwjgl-assimp\3.2.3\f62aa07a20afbdd3097efc296c4841e0d29700eb\lwjgl-assimp-3.2.3.jar;C:\Users\osama\.gradle\caches\modules-2\files-2.1\org.lwjgl\lwjgl-assimp\3.2.3\4e60aeb75f0343c4a9ede4ef8b6b32ca702a00a3\lwjgl-assimp-3.2.3-natives-windows.jar;C:\Users\osama\.gradle\caches\modules-2\files-2.1\org.lwjgl\lwjgl-bgfx\3.2.3\433883c4040fa8df47244dffa1d42c96ce2143de\lwjgl-bgfx-3.2.3.jar;C:\Users\osama\.gradle\caches\modules-2\files-2.1\org.lwjgl\lwjgl-bgfx\3.2.3\f589da97dd3cfa96f42c8c812a0a028cf28223b8\lwjgl-bgfx-3.2.3-natives-windows.jar;C:\Users\osama\.gradle\caches\modules-2\files-2.1\org.lwjgl\lwjgl-cuda\3.2.3\fb91f3aaa29e69eee7f1314a63d3e3068ad138e4\lwjgl-cuda-3.2.3.jar;C:\Users\osama\.gradle\caches\modules-2\files-2.1\org.lwjgl\lwjgl-egl\3.2.3\45ad689a4346fac69d4e8696fa02aaa98f0ea196\lwjgl-egl-3.2.3.jar;C:\Users\osama\.gradle\caches\modules-2\files-2.1\org.lwjgl\lwjgl-glfw\3.2.3\5e520d5c290c8b012545a8d34fa5db5ab051ea53\lwjgl-glfw-3.2.3.jar;C:\Users\osama\.gradle\caches\modules-2\files-2.1\org.lwjgl\lwjgl-glfw\3.2.3\b4d8a3477cdc2edcf7a5f1e822926be846223f54\lwjgl-glfw-3.2.3-natives-windows.jar;C:\Users\osama\.gradle\caches\modules-2\files-2.1\org.lwjgl\lwjgl-jawt\3.2.3\b93ceb43c55c28651e178af42e1f344e1e9d8bf3\lwjgl-jawt-3.2.3.jar;C:\Users\osama\.gradle\caches\modules-2\files-2.1\org.lwjgl\lwjgl-jemalloc\3.2.3\b6fd0932171ba3f2eaa4547beddca3a3e645342d\lwjgl-jemalloc-3.2.3.jar;C:\Users\osama\.gradle\caches\modules-2\files-2.1\org.lwjgl\lwjgl-jemalloc\3.2.3\3423fd0d4c7c1916c8f46b2075c4c2df02f22675\lwjgl-jemalloc-3.2.3-n
Launcher Type: SUN_STANDARD

[Global flags]
     intx CICompilerCount                          = 4                                         {product} {ergonomic}
     uint ConcGCThreads                            = 3                                         {product} {ergonomic}
     uint G1ConcRefinementThreads                  = 10                                        {product} {ergonomic}
   size_t G1HeapRegionSize                         = 4194304                                   {product} {ergonomic}
    uintx GCDrainStackTargetSize                   = 64                                        {product} {ergonomic}
   size_t InitialHeapSize                          = 536870912                                 {product} {ergonomic}
   size_t MarkStackSize                            = 4194304                                   {product} {ergonomic}
   size_t MaxHeapSize                              = 8547991552                                {product} {ergonomic}
   size_t MaxNewSize                               = 5125439488                                {product} {ergonomic}
   size_t MinHeapDeltaBytes                        = 4194304                                   {product} {ergonomic}
   size_t MinHeapSize                              = 8388608                                   {product} {ergonomic}
    uintx NonNMethodCodeHeapSize                   = 5839372                                {pd product} {ergonomic}
    uintx NonProfiledCodeHeapSize                  = 122909434                              {pd product} {ergonomic}
    uintx ProfiledCodeHeapSize                     = 122909434                              {pd product} {ergonomic}
    uintx ReservedCodeCacheSize                    = 251658240                              {pd product} {ergonomic}
     bool SegmentedCodeCache                       = true                                      {product} {ergonomic}
   size_t SoftMaxHeapSize                          = 8547991552                             {manageable} {ergonomic}
     bool UseCompressedClassPointers               = true                           {product lp64_product} {ergonomic}
     bool UseCompressedOops                        = true                           {product lp64_product} {ergonomic}
     bool UseG1GC                                  = true                                      {product} {ergonomic}
     bool UseLargePagesIndividualAllocation        = false                                  {pd product} {ergonomic}

Logging:
Log output configuration:
 #0: stdout all=warning uptime,level,tags
 #1: stderr all=off uptime,level,tags

Environment Variables:
JAVA_HOME=C:\Program Files\Eclipse Adoptium\jdk-17.0.14.7-hotspot\
PATH=C:\Program Files\Eclipse Adoptium\jdk-17.0.14.7-hotspot\bin;C:\Program Files\NVIDIA\CUDNN\v9.6\bin;C:\WINDOWS\system32;C:\WINDOWS;C:\WINDOWS\System32\Wbem;C:\WINDOWS\System32\WindowsPowerShell\v1.0\;C:\WINDOWS\System32\OpenSSH\;C:\Program Files (x86)\NVIDIA Corporation\PhysX\Common;C:\Program Files\Git\cmd;C:\Program Files\Git\mingw64\bin;C:\Program Files\Git\usr\bin;C:\Program Files\nodejs\;C:\Program Files\dotnet\;C:\Program Files (x86)\Windows Kits\10\Windows Performance Toolkit\;C:\Program Files\Apache\Maven\bin;C:\Program Files\NVIDIA Corporation\Nsight Compute 2022.3.0\;C:\Program Files\NVIDIA Corporation\NVIDIA app\NvDLISR;C:\MinGW\bin;C:\Program Files\Docker\Docker\resources\bin;;C:\Program Files\Git LFS;C:\Users\osama\AppData\Local\Microsoft\WindowsApps;C:\Users\osama\AppData\Local\Programs\Microsoft VS Code\bin;C:\dev\flutter\bin;C:\Users\osama\AppData\Roaming\npm;C:\Users\osama\AppData\Local\Programs\mongosh\;
USERNAME=osama
OS=Windows_NT
PROCESSOR_IDENTIFIER=Intel64 Family 6 Model 151 Stepping 5, GenuineIntel
TMP=C:\Users\osama\AppData\Local\Temp
TEMP=C:\Users\osama\AppData\Local\Temp



Periodic native trim disabled


---------------  S Y S T E M  ---------------

OS:
 Windows 11 , 64 bit Build 26100 (10.0.26100.3775)
OS uptime: 0 days 1:08 hours
Hyper-V role detected

CPU: total 12 (initial active 12) (6 cores per cpu, 2 threads per core) family 6 model 151 stepping 5 microcode 0x35, cx8, cmov, fxsr, ht, mmx, 3dnowpref, sse, sse2, sse3, ssse3, sse4.1, sse4.2, popcnt, lzcnt, tsc, tscinvbit, avx, avx2, aes, erms, clmul, bmi1, bmi2, adx, sha, fma, vzeroupper, clflush, clflushopt, clwb, hv
Processor Information for all 12 processors :
  Max Mhz: 2500, Current Mhz: 2500, Mhz Limit: 2500

Memory: 4k page, system-wide physical 32599M (15641M free)
TotalPageFile size 34647M (AvailPageFile size 9557M)
current process WorkingSet (physical memory assigned to process): 136M, peak: 139M
current process commit charge ("private bytes"): 749M, peak: 750M

vm_info: OpenJDK 64-Bit Server VM (17.0.14+7-LTS) for windows-amd64 JRE (17.0.14+7-LTS), built on Jan  7 2025 20:14:24 by "Administrator" with MS VC++ 16.10 / 16.11 (VS2019)

END.
