#
# A fatal error has been detected by the Java Runtime Environment:
#
#  EXCEPTION_ACCESS_VIOLATION (0xc0000005) at pc=0x00007ffe9795c5d1, pid=10800, tid=10092
#
# JRE version: OpenJDK Runtime Environment Corretto-17.0.14.7.1 (17.0.14+7) (build 17.0.14+7-LTS)
# Java VM: OpenJDK 64-Bit Server VM Corretto-17.0.14.7.1 (17.0.14+7-LTS, mixed mode, sharing, tiered, compressed oops, compressed class ptrs, g1 gc, windows-amd64)
# Problematic frame:
# C  [glfw.dll+0xc5d1]
#
# No core dump will be written. Minidumps are not enabled by default on client versions of Windows
#
# If you would like to submit a bug report, please visit:
#   https://github.com/corretto/corretto-17/issues/
# The crash happened outside the Java Virtual Machine in native code.
# See problematic frame for where to report the bug.
#

---------------  S U M M A R Y ------------

Command Line: -Dfile.encoding=UTF-8 -Duser.country=US -Duser.language=en -Duser.variant com.gameengine.test.Launcher

Host: 12th Gen Intel(R) Core(TM) i5-12400F, 12 cores, 31G,  Windows 11 , 64 bit Build 26100 (10.0.26100.3775)
Time: Fri Apr 18 13:38:27 2025 Arab Standard Time elapsed time: 1.034948 seconds (0d 0h 0m 1s)

---------------  T H R E A D  ---------------

Current thread (0x0000014040c27310):  JavaThread "main" [_thread_in_native, id=10092, stack(0x0000002dda300000,0x0000002dda400000)]

Stack: [0x0000002dda300000,0x0000002dda400000],  sp=0x0000002dda3ff3e0,  free space=1020k
Native frames: (J=compiled Java code, j=interpreted, Vv=VM code, C=native code)
C  [glfw.dll+0xc5d1]

Java frames: (J=compiled Java code, j=interpreted, Vv=VM code)
j  org.lwjgl.system.JNI.invokePV(JDDJ)V+0
j  org.lwjgl.glfw.GLFW.glfwSetCursorPos(JDD)V+22
j  com.gameengine.test.TestGame.init()V+46
j  com.gameengine.core.EngineManager.init()V+51
j  com.gameengine.core.EngineManager.start()V+1
j  com.gameengine.test.Launcher.main([Ljava/lang/String;)V+38
v  ~StubRoutines::call_stub

siginfo: EXCEPTION_ACCESS_VIOLATION (0xc0000005), reading address 0x000000000000050a


Registers:
RAX=0x00000000002803f4, RBX=0x00000000000001c2, RCX=0x000001403f7fd300, RDX=0x0000000000000000
RSP=0x0000002dda3ff3e0, RBP=0x0000002dda3ff508, RSI=0x0000000000000110, RDI=0x0000000000000335
R8 =0x00000000000001c2, R9 =0x0000000000000002, R10=0x000001404fcdd6b2, R11=0x0000000621f565b8
R12=0x0000000000000000, R13=0x00000140b04f6030, R14=0x0000002dda3ff560, R15=0x0000014040c27310
RIP=0x00007ffe9795c5d1, EFLAGS=0x0000000000010246


Register to memory mapping:

RIP=0x00007ffe9795c5d1 glfw.dll
RAX=0x00000000002803f4 is an unknown value
RBX=0x00000000000001c2 is an unknown value
RCX=0x000001403f7fd300 points into unknown readable memory: 0x0000217a00000000 | 00 00 00 00 7a 21 00 00
RDX=0x0 is NULL
RSP=0x0000002dda3ff3e0 is pointing into the stack for thread: 0x0000014040c27310
RBP=0x0000002dda3ff508 is pointing into the stack for thread: 0x0000014040c27310
RSI=0x0000000000000110 is an unknown value
RDI=0x0000000000000335 is an unknown value
R8 =0x00000000000001c2 is an unknown value
R9 =0x0000000000000002 is an unknown value
R10=0x000001404fcdd6b2 is at code_begin+946 in an Interpreter codelet
method entry point (kind = native)  [0x000001404fcdd300, 0x000001404fcddc80]  2432 bytes
R11=0x0000000621f565b8 is an oop: java.lang.Class 
{0x0000000621f565b8} - klass: 'java/lang/Class'
 - ---- fields (total size 14 words):
 - private volatile transient 'classRedefinedCount' 'I' @12  0
 - private volatile transient 'cachedConstructor' 'Ljava/lang/reflect/Constructor;' @40  NULL (0)
 - private transient 'name' 'Ljava/lang/String;' @44  "org.lwjgl.system.JNI"{0x0000000621f56638} (c43eacc7)
 - private transient 'module' 'Ljava/lang/Module;' @48  a 'java/lang/Module'{0x00000006224f98a8} (c449f315)
 - private final 'classLoader' 'Ljava/lang/ClassLoader;' @52  a 'jdk/internal/loader/ClassLoaders$AppClassLoader'{0x00000006224f96e8} (c449f2dd)
 - private transient 'classData' 'Ljava/lang/Object;' @56  NULL (0)
 - private transient 'packageName' 'Ljava/lang/String;' @60  "org.lwjgl.system"{0x0000000622202710} (c44404e2)
 - private final 'componentType' 'Ljava/lang/Class;' @64  NULL (0)
 - private volatile transient 'reflectionData' 'Ljava/lang/ref/SoftReference;' @68  NULL (0)
 - private volatile transient 'genericInfo' 'Lsun/reflect/generics/repository/ClassRepository;' @72  NULL (0)
 - private volatile transient 'enumConstants' '[Ljava/lang/Object;' @76  NULL (0)
 - private volatile transient 'enumConstantDirectory' 'Ljava/util/Map;' @80  NULL (0)
 - private volatile transient 'annotationData' 'Ljava/lang/Class$AnnotationData;' @84  NULL (0)
 - private volatile transient 'annotationType' 'Lsun/reflect/annotation/AnnotationType;' @88  NULL (0)
 - transient 'classValueMap' 'Ljava/lang/ClassValue$ClassValueMap;' @92  NULL (0)
 - signature: Lorg/lwjgl/system/JNI;
 - fake entry for mirror: 'org/lwjgl/system/JNI'
 - fake entry for array: NULL
 - fake entry for oop_size: 14
 - fake entry for static_oop_field_count: 0
R12=0x0 is NULL
R13={method} {0x00000140b04f6038} 'invokePV' '(JDDJ)V' in 'org/lwjgl/system/JNI'
R14=0x0000002dda3ff560 is pointing into the stack for thread: 0x0000014040c27310
R15=0x0000014040c27310 is a thread


Top of Stack: (sp=0x0000002dda3ff3e0)
0x0000002dda3ff3e0:   0000002dda3ff508 00007ffe079e6d42
0x0000002dda3ff3f0:   000000000016ef7d 000001404fcfb966
0x0000002dda3ff400:   00000000000001c2 00007ffe97953dda
0x0000002dda3ff410:   00000140b04f6030 0000014040c27310
0x0000002dda3ff420:   0000000000000335 000001404fcdd54e
0x0000002dda3ff430:   0000000000000000 0000000000000000
0x0000002dda3ff440:   0000000000000000 0000000000000000
0x0000002dda3ff450:   00000140b04f6030 000001404fcdd6e1
0x0000002dda3ff460:   0000014040c27310 000001404fcd9520
0x0000002dda3ff470:   00000140b04f6030 00007ffe07c96d99
0x0000002dda3ff480:   42740bba060d0000 00007ffe97953d60
0x0000002dda3ff490:   00000140b04f6030 0000000000000110
0x0000002dda3ff4a0:   0000000000000000 00007ffe07c96ce7
0x0000002dda3ff4b0:   000001404fcd9520 000001404fcdd3b6
0x0000002dda3ff4c0:   0000002dda3ff4c0 00000140b04f6030
0x0000002dda3ff4d0:   0000002dda3ff560 00000140b051f198
0x0000002dda3ff4e0:   0000000000000000 0000000621f565b8
0x0000002dda3ff4f0:   00000140b04f6030 0000000000000000
0x0000002dda3ff500:   0000002dda3ff528 0000002dda3ff5b0
0x0000002dda3ff510:   000001404fcd9520 0000000621f565b8
0x0000002dda3ff520:   000001404fcdaff8 00007ffe97953d60
0x0000002dda3ff530:   0000000000000000 42740bba060d0000
0x0000002dda3ff540:   0000002dda3ff5b0 4089000000000000
0x0000002dda3ff550:   000001404fcd95ef 00000000000001c2
0x0000002dda3ff560:   0000000000000000 0000002dda3ff568
0x0000002dda3ff570:   00000140b052f69e 0000002dda3ff5f8
0x0000002dda3ff580:   00000140b0538000 0000000000000000
0x0000002dda3ff590:   0000000621fa3d30 00000140b052f6e8
0x0000002dda3ff5a0:   0000002dda3ff528 0000002dda3ff5d0
0x0000002dda3ff5b0:   0000002dda3ff648 000001404fcd9520
0x0000002dda3ff5c0:   00007ffe97953d60 0000000000000000
0x0000002dda3ff5d0:   42740bba060d0000 0000002dda3ff648 

Instructions: (pc=0x00007ffe9795c5d1)
0x00007ffe9795c4d1:   44 8b 4c 24 38 8b 54 24 30 44 2b ca 48 8b 8b 48
0x00007ffe9795c4e1:   03 00 00 c7 44 24 28 01 00 00 00 89 44 24 20 ff
0x00007ffe9795c4f1:   15 92 cf 01 00 48 8b 4c 24 40 48 33 cc e8 8d 52
0x00007ffe9795c501:   00 00 48 83 c4 50 5b c3 cc cc cc cc cc cc cc 48
0x00007ffe9795c511:   89 5c 24 08 57 48 83 ec 20 48 8b f9 48 8b ca e8
0x00007ffe9795c521:   3b af ff ff 48 8b d8 48 85 c0 74 18 48 8b 8f 48
0x00007ffe9795c531:   03 00 00 48 8b d0 ff 15 7b ce 01 00 48 8b cb e8
0x00007ffe9795c541:   03 c7 00 00 48 8b 5c 24 30 48 83 c4 20 5f c3 48
0x00007ffe9795c551:   8b 89 48 03 00 00 ba 08 00 00 00 48 ff 25 ed cf
0x00007ffe9795c561:   01 00 cc cc cc cc cc cc cc cc cc cc cc cc cc 48
0x00007ffe9795c571:   83 ec 28 ff 15 46 cf 01 00 48 83 c4 28 e9 4d f0
0x00007ffe9795c581:   ff ff cc cc cc cc cc cc cc cc cc cc cc cc cc 48
0x00007ffe9795c591:   83 ec 38 f2 0f 59 05 cc ac 03 00 45 33 c0 33 d2
0x00007ffe9795c5a1:   c7 44 24 20 bf 04 00 00 33 c9 f2 4c 0f 2c c8 ff
0x00007ffe9795c5b1:   15 3a ce 01 00 48 83 c4 38 e9 11 f0 ff ff cc 40
0x00007ffe9795c5c1:   53 48 83 ec 20 48 8b d9 ff 15 49 ce 01 00 33 d2
0x00007ffe9795c5d1:   48 39 83 48 03 00 00 0f 94 c2 8b c2 48 83 c4 20
0x00007ffe9795c5e1:   5b c3 cc cc cc cc cc cc cc cc cc cc cc cc cc e9
0x00007ffe9795c5f1:   eb 09 00 00 cc cc cc cc cc cc cc cc cc cc cc 48
0x00007ffe9795c601:   8b 89 48 03 00 00 48 ff 25 52 ce 01 00 cc cc 48
0x00007ffe9795c611:   8b 89 48 03 00 00 48 ff 25 32 ce 01 00 cc cc 48
0x00007ffe9795c621:   8b 89 48 03 00 00 48 ff 25 3a ce 01 00 cc cc 40
0x00007ffe9795c631:   53 48 81 ec 80 00 00 00 33 db c7 44 24 30 50 00
0x00007ffe9795c641:   00 00 0f 57 c0 48 89 5c 24 40 48 8d 05 1e 16 00
0x00007ffe9795c651:   00 48 89 5c 24 50 33 c9 66 0f 7f 44 24 60 48 89
0x00007ffe9795c661:   5c 24 78 48 89 44 24 38 c7 44 24 34 23 00 00 00
0x00007ffe9795c671:   ff 15 21 cc 01 00 ba 00 7f 00 00 33 c9 48 89 44
0x00007ffe9795c681:   24 48 ff 15 7f cc 01 00 48 89 44 24 58 33 c9 48
0x00007ffe9795c691:   8d 05 91 a2 03 00 48 89 44 24 70 ff 15 f6 cb 01
0x00007ffe9795c6a1:   00 c7 44 24 28 40 80 00 00 44 8d 43 01 48 8b c8
0x00007ffe9795c6b1:   89 5c 24 20 45 33 c9 48 8d 15 d1 a9 03 00 ff 15
0x00007ffe9795c6c1:   5b cc 01 00 48 89 44 24 50 48 85 c0 75 25 c7 44 


Stack slot to memory mapping:
stack at sp + 0 slots: 0x0000002dda3ff508 is pointing into the stack for thread: 0x0000014040c27310
stack at sp + 1 slots: 0x00007ffe079e6d42 jvm.dll
stack at sp + 2 slots: 0x000000000016ef7d is an unknown value
stack at sp + 3 slots: 0x000001404fcfb966 is at code_begin+3942 in 
[CodeBlob (0x000001404fcfa990)]
Framesize: 0
BufferBlob (0x000001404fcfa990) used for native signature handlers
stack at sp + 4 slots: 0x00000000000001c2 is an unknown value
stack at sp + 5 slots: 0x00007ffe97953dda glfw.dll
stack at sp + 6 slots: {method} {0x00000140b04f6038} 'invokePV' '(JDDJ)V' in 'org/lwjgl/system/JNI'
stack at sp + 7 slots: 0x0000014040c27310 is a thread


---------------  P R O C E S S  ---------------

Threads class SMR info:
_java_thread_list=0x00000140b45f5520, length=14, elements={
0x0000014040c27310, 0x000001406b513f10, 0x000001406b5148d0, 0x000001406b524d60,
0x000001406b525720, 0x000001406b5260e0, 0x000001406b5272c0, 0x000001406b52caa0,
0x000001406b532a80, 0x000001406b53bfa0, 0x00000140af1fa9d0, 0x00000140af20bf90,
0x00000140b46d00c0, 0x00000140afc676c0
}

Java Threads: ( => current thread )
=>0x0000014040c27310 JavaThread "main" [_thread_in_native, id=10092, stack(0x0000002dda300000,0x0000002dda400000)]
  0x000001406b513f10 JavaThread "Reference Handler" daemon [_thread_blocked, id=3872, stack(0x0000002ddaa00000,0x0000002ddab00000)]
  0x000001406b5148d0 JavaThread "Finalizer" daemon [_thread_blocked, id=10212, stack(0x0000002ddab00000,0x0000002ddac00000)]
  0x000001406b524d60 JavaThread "Signal Dispatcher" daemon [_thread_blocked, id=6296, stack(0x0000002ddac00000,0x0000002ddad00000)]
  0x000001406b525720 JavaThread "Attach Listener" daemon [_thread_blocked, id=2400, stack(0x0000002ddad00000,0x0000002ddae00000)]
  0x000001406b5260e0 JavaThread "Service Thread" daemon [_thread_blocked, id=10364, stack(0x0000002ddae00000,0x0000002ddaf00000)]
  0x000001406b5272c0 JavaThread "Monitor Deflation Thread" daemon [_thread_blocked, id=16648, stack(0x0000002ddaf00000,0x0000002ddb000000)]
  0x000001406b52caa0 JavaThread "C2 CompilerThread0" daemon [_thread_blocked, id=3676, stack(0x0000002ddb000000,0x0000002ddb100000)]
  0x000001406b532a80 JavaThread "C1 CompilerThread0" daemon [_thread_blocked, id=4436, stack(0x0000002ddb100000,0x0000002ddb200000)]
  0x000001406b53bfa0 JavaThread "Sweeper thread" daemon [_thread_blocked, id=9840, stack(0x0000002ddb200000,0x0000002ddb300000)]
  0x00000140af1fa9d0 JavaThread "Notification Thread" daemon [_thread_blocked, id=3168, stack(0x0000002ddb300000,0x0000002ddb400000)]
  0x00000140af20bf90 JavaThread "Common-Cleaner" daemon [_thread_blocked, id=6380, stack(0x0000002ddb500000,0x0000002ddb600000)]
  0x00000140b46d00c0 JavaThread "C2 CompilerThread1" daemon [_thread_in_native, id=4052, stack(0x0000002ddbd00000,0x0000002ddbe00000)]
  0x00000140afc676c0 JavaThread "C2 CompilerThread2" daemon [_thread_blocked, id=5556, stack(0x0000002ddbe00000,0x0000002ddbf00000)]

Other Threads:
  0x00000140af0c3010 VMThread "VM Thread" [stack: 0x0000002dda900000,0x0000002ddaa00000] [id=2940]
  0x00000140af1fbec0 WatcherThread [stack: 0x0000002ddb400000,0x0000002ddb500000] [id=6488]
  0x000001406b380c10 GCTaskThread "GC Thread#0" [stack: 0x0000002dda400000,0x0000002dda500000] [id=10568]
  0x0000014040ca96b0 ConcurrentGCThread "G1 Main Marker" [stack: 0x0000002dda500000,0x0000002dda600000] [id=10556]
  0x0000014040caa870 ConcurrentGCThread "G1 Conc#0" [stack: 0x0000002dda600000,0x0000002dda700000] [id=2492]
  0x0000014040cceb60 ConcurrentGCThread "G1 Refine#0" [stack: 0x0000002dda700000,0x0000002dda800000] [id=13256]
  0x000001406b44a140 ConcurrentGCThread "G1 Service" [stack: 0x0000002dda800000,0x0000002dda900000] [id=15472]

Threads with active compile tasks:
C2 CompilerThread1     1073  782   !   4       jdk.internal.loader.URLClassPath$JarLoader::getResource (354 bytes)

VM state: not at safepoint (normal execution)

VM Mutex/Monitor currently owned by a thread: None

Heap address: 0x0000000602800000, size: 8152 MB, Compressed Oops mode: Zero based, Oop shift amount: 3

CDS archive(s) mapped at: [0x000001406e000000-0x000001406ebb0000-0x000001406ebb0000), size 12255232, SharedBaseAddress: 0x000001406e000000, ArchiveRelocationMode: 1.
Compressed class space mapped at: 0x000001406f000000-0x00000140af000000, reserved size: 1073741824
Narrow klass base: 0x000001406e000000, Narrow klass shift: 0, Narrow klass range: 0x100000000

GC Precious Log:
 CPUs: 12 total, 12 available
 Memory: 32599M
 Large Page Support: Disabled
 NUMA Support: Disabled
 Compressed Oops: Enabled (Zero based)
 Heap Region Size: 4M
 Heap Min Capacity: 8M
 Heap Initial Capacity: 512M
 Heap Max Capacity: 8152M
 Pre-touch: Disabled
 Parallel Workers: 10
 Concurrent Workers: 3
 Concurrent Refinement Workers: 10
 Periodic GC: Disabled

Heap:
 garbage-first heap   total 524288K, used 16384K [0x0000000602800000, 0x0000000800000000)
  region size 4096K, 6 young (24576K), 0 survivors (0K)
 Metaspace       used 5896K, committed 6016K, reserved 1114112K
  class space    used 301K, committed 384K, reserved 1048576K

Heap Regions: E=young(eden), S=young(survivor), O=old, HS=humongous(starts), HC=humongous(continues), CS=collection set, F=free, OA=open archive, CA=closed archive, TAMS=top-at-mark-start (previous, next)
|   0|0x0000000602800000, 0x0000000602800000, 0x0000000602c00000|  0%| F|  |TAMS 0x0000000602800000, 0x0000000602800000| Untracked 
|   1|0x0000000602c00000, 0x0000000602c00000, 0x0000000603000000|  0%| F|  |TAMS 0x0000000602c00000, 0x0000000602c00000| Untracked 
|   2|0x0000000603000000, 0x0000000603000000, 0x0000000603400000|  0%| F|  |TAMS 0x0000000603000000, 0x0000000603000000| Untracked 
|   3|0x0000000603400000, 0x0000000603400000, 0x0000000603800000|  0%| F|  |TAMS 0x0000000603400000, 0x0000000603400000| Untracked 
|   4|0x0000000603800000, 0x0000000603800000, 0x0000000603c00000|  0%| F|  |TAMS 0x0000000603800000, 0x0000000603800000| Untracked 
|   5|0x0000000603c00000, 0x0000000603c00000, 0x0000000604000000|  0%| F|  |TAMS 0x0000000603c00000, 0x0000000603c00000| Untracked 
|   6|0x0000000604000000, 0x0000000604000000, 0x0000000604400000|  0%| F|  |TAMS 0x0000000604000000, 0x0000000604000000| Untracked 
|   7|0x0000000604400000, 0x0000000604400000, 0x0000000604800000|  0%| F|  |TAMS 0x0000000604400000, 0x0000000604400000| Untracked 
|   8|0x0000000604800000, 0x0000000604800000, 0x0000000604c00000|  0%| F|  |TAMS 0x0000000604800000, 0x0000000604800000| Untracked 
|   9|0x0000000604c00000, 0x0000000604c00000, 0x0000000605000000|  0%| F|  |TAMS 0x0000000604c00000, 0x0000000604c00000| Untracked 
|  10|0x0000000605000000, 0x0000000605000000, 0x0000000605400000|  0%| F|  |TAMS 0x0000000605000000, 0x0000000605000000| Untracked 
|  11|0x0000000605400000, 0x0000000605400000, 0x0000000605800000|  0%| F|  |TAMS 0x0000000605400000, 0x0000000605400000| Untracked 
|  12|0x0000000605800000, 0x0000000605800000, 0x0000000605c00000|  0%| F|  |TAMS 0x0000000605800000, 0x0000000605800000| Untracked 
|  13|0x0000000605c00000, 0x0000000605c00000, 0x0000000606000000|  0%| F|  |TAMS 0x0000000605c00000, 0x0000000605c00000| Untracked 
|  14|0x0000000606000000, 0x0000000606000000, 0x0000000606400000|  0%| F|  |TAMS 0x0000000606000000, 0x0000000606000000| Untracked 
|  15|0x0000000606400000, 0x0000000606400000, 0x0000000606800000|  0%| F|  |TAMS 0x0000000606400000, 0x0000000606400000| Untracked 
|  16|0x0000000606800000, 0x0000000606800000, 0x0000000606c00000|  0%| F|  |TAMS 0x0000000606800000, 0x0000000606800000| Untracked 
|  17|0x0000000606c00000, 0x0000000606c00000, 0x0000000607000000|  0%| F|  |TAMS 0x0000000606c00000, 0x0000000606c00000| Untracked 
|  18|0x0000000607000000, 0x0000000607000000, 0x0000000607400000|  0%| F|  |TAMS 0x0000000607000000, 0x0000000607000000| Untracked 
|  19|0x0000000607400000, 0x0000000607400000, 0x0000000607800000|  0%| F|  |TAMS 0x0000000607400000, 0x0000000607400000| Untracked 
|  20|0x0000000607800000, 0x0000000607800000, 0x0000000607c00000|  0%| F|  |TAMS 0x0000000607800000, 0x0000000607800000| Untracked 
|  21|0x0000000607c00000, 0x0000000607c00000, 0x0000000608000000|  0%| F|  |TAMS 0x0000000607c00000, 0x0000000607c00000| Untracked 
|  22|0x0000000608000000, 0x0000000608000000, 0x0000000608400000|  0%| F|  |TAMS 0x0000000608000000, 0x0000000608000000| Untracked 
|  23|0x0000000608400000, 0x0000000608400000, 0x0000000608800000|  0%| F|  |TAMS 0x0000000608400000, 0x0000000608400000| Untracked 
|  24|0x0000000608800000, 0x0000000608800000, 0x0000000608c00000|  0%| F|  |TAMS 0x0000000608800000, 0x0000000608800000| Untracked 
|  25|0x0000000608c00000, 0x0000000608c00000, 0x0000000609000000|  0%| F|  |TAMS 0x0000000608c00000, 0x0000000608c00000| Untracked 
|  26|0x0000000609000000, 0x0000000609000000, 0x0000000609400000|  0%| F|  |TAMS 0x0000000609000000, 0x0000000609000000| Untracked 
|  27|0x0000000609400000, 0x0000000609400000, 0x0000000609800000|  0%| F|  |TAMS 0x0000000609400000, 0x0000000609400000| Untracked 
|  28|0x0000000609800000, 0x0000000609800000, 0x0000000609c00000|  0%| F|  |TAMS 0x0000000609800000, 0x0000000609800000| Untracked 
|  29|0x0000000609c00000, 0x0000000609c00000, 0x000000060a000000|  0%| F|  |TAMS 0x0000000609c00000, 0x0000000609c00000| Untracked 
|  30|0x000000060a000000, 0x000000060a000000, 0x000000060a400000|  0%| F|  |TAMS 0x000000060a000000, 0x000000060a000000| Untracked 
|  31|0x000000060a400000, 0x000000060a400000, 0x000000060a800000|  0%| F|  |TAMS 0x000000060a400000, 0x000000060a400000| Untracked 
|  32|0x000000060a800000, 0x000000060a800000, 0x000000060ac00000|  0%| F|  |TAMS 0x000000060a800000, 0x000000060a800000| Untracked 
|  33|0x000000060ac00000, 0x000000060ac00000, 0x000000060b000000|  0%| F|  |TAMS 0x000000060ac00000, 0x000000060ac00000| Untracked 
|  34|0x000000060b000000, 0x000000060b000000, 0x000000060b400000|  0%| F|  |TAMS 0x000000060b000000, 0x000000060b000000| Untracked 
|  35|0x000000060b400000, 0x000000060b400000, 0x000000060b800000|  0%| F|  |TAMS 0x000000060b400000, 0x000000060b400000| Untracked 
|  36|0x000000060b800000, 0x000000060b800000, 0x000000060bc00000|  0%| F|  |TAMS 0x000000060b800000, 0x000000060b800000| Untracked 
|  37|0x000000060bc00000, 0x000000060bc00000, 0x000000060c000000|  0%| F|  |TAMS 0x000000060bc00000, 0x000000060bc00000| Untracked 
|  38|0x000000060c000000, 0x000000060c000000, 0x000000060c400000|  0%| F|  |TAMS 0x000000060c000000, 0x000000060c000000| Untracked 
|  39|0x000000060c400000, 0x000000060c400000, 0x000000060c800000|  0%| F|  |TAMS 0x000000060c400000, 0x000000060c400000| Untracked 
|  40|0x000000060c800000, 0x000000060c800000, 0x000000060cc00000|  0%| F|  |TAMS 0x000000060c800000, 0x000000060c800000| Untracked 
|  41|0x000000060cc00000, 0x000000060cc00000, 0x000000060d000000|  0%| F|  |TAMS 0x000000060cc00000, 0x000000060cc00000| Untracked 
|  42|0x000000060d000000, 0x000000060d000000, 0x000000060d400000|  0%| F|  |TAMS 0x000000060d000000, 0x000000060d000000| Untracked 
|  43|0x000000060d400000, 0x000000060d400000, 0x000000060d800000|  0%| F|  |TAMS 0x000000060d400000, 0x000000060d400000| Untracked 
|  44|0x000000060d800000, 0x000000060d800000, 0x000000060dc00000|  0%| F|  |TAMS 0x000000060d800000, 0x000000060d800000| Untracked 
|  45|0x000000060dc00000, 0x000000060dc00000, 0x000000060e000000|  0%| F|  |TAMS 0x000000060dc00000, 0x000000060dc00000| Untracked 
|  46|0x000000060e000000, 0x000000060e000000, 0x000000060e400000|  0%| F|  |TAMS 0x000000060e000000, 0x000000060e000000| Untracked 
|  47|0x000000060e400000, 0x000000060e400000, 0x000000060e800000|  0%| F|  |TAMS 0x000000060e400000, 0x000000060e400000| Untracked 
|  48|0x000000060e800000, 0x000000060e800000, 0x000000060ec00000|  0%| F|  |TAMS 0x000000060e800000, 0x000000060e800000| Untracked 
|  49|0x000000060ec00000, 0x000000060ec00000, 0x000000060f000000|  0%| F|  |TAMS 0x000000060ec00000, 0x000000060ec00000| Untracked 
|  50|0x000000060f000000, 0x000000060f000000, 0x000000060f400000|  0%| F|  |TAMS 0x000000060f000000, 0x000000060f000000| Untracked 
|  51|0x000000060f400000, 0x000000060f400000, 0x000000060f800000|  0%| F|  |TAMS 0x000000060f400000, 0x000000060f400000| Untracked 
|  52|0x000000060f800000, 0x000000060f800000, 0x000000060fc00000|  0%| F|  |TAMS 0x000000060f800000, 0x000000060f800000| Untracked 
|  53|0x000000060fc00000, 0x000000060fc00000, 0x0000000610000000|  0%| F|  |TAMS 0x000000060fc00000, 0x000000060fc00000| Untracked 
|  54|0x0000000610000000, 0x0000000610000000, 0x0000000610400000|  0%| F|  |TAMS 0x0000000610000000, 0x0000000610000000| Untracked 
|  55|0x0000000610400000, 0x0000000610400000, 0x0000000610800000|  0%| F|  |TAMS 0x0000000610400000, 0x0000000610400000| Untracked 
|  56|0x0000000610800000, 0x0000000610800000, 0x0000000610c00000|  0%| F|  |TAMS 0x0000000610800000, 0x0000000610800000| Untracked 
|  57|0x0000000610c00000, 0x0000000610c00000, 0x0000000611000000|  0%| F|  |TAMS 0x0000000610c00000, 0x0000000610c00000| Untracked 
|  58|0x0000000611000000, 0x0000000611000000, 0x0000000611400000|  0%| F|  |TAMS 0x0000000611000000, 0x0000000611000000| Untracked 
|  59|0x0000000611400000, 0x0000000611400000, 0x0000000611800000|  0%| F|  |TAMS 0x0000000611400000, 0x0000000611400000| Untracked 
|  60|0x0000000611800000, 0x0000000611800000, 0x0000000611c00000|  0%| F|  |TAMS 0x0000000611800000, 0x0000000611800000| Untracked 
|  61|0x0000000611c00000, 0x0000000611c00000, 0x0000000612000000|  0%| F|  |TAMS 0x0000000611c00000, 0x0000000611c00000| Untracked 
|  62|0x0000000612000000, 0x0000000612000000, 0x0000000612400000|  0%| F|  |TAMS 0x0000000612000000, 0x0000000612000000| Untracked 
|  63|0x0000000612400000, 0x0000000612400000, 0x0000000612800000|  0%| F|  |TAMS 0x0000000612400000, 0x0000000612400000| Untracked 
|  64|0x0000000612800000, 0x0000000612800000, 0x0000000612c00000|  0%| F|  |TAMS 0x0000000612800000, 0x0000000612800000| Untracked 
|  65|0x0000000612c00000, 0x0000000612c00000, 0x0000000613000000|  0%| F|  |TAMS 0x0000000612c00000, 0x0000000612c00000| Untracked 
|  66|0x0000000613000000, 0x0000000613000000, 0x0000000613400000|  0%| F|  |TAMS 0x0000000613000000, 0x0000000613000000| Untracked 
|  67|0x0000000613400000, 0x0000000613400000, 0x0000000613800000|  0%| F|  |TAMS 0x0000000613400000, 0x0000000613400000| Untracked 
|  68|0x0000000613800000, 0x0000000613800000, 0x0000000613c00000|  0%| F|  |TAMS 0x0000000613800000, 0x0000000613800000| Untracked 
|  69|0x0000000613c00000, 0x0000000613c00000, 0x0000000614000000|  0%| F|  |TAMS 0x0000000613c00000, 0x0000000613c00000| Untracked 
|  70|0x0000000614000000, 0x0000000614000000, 0x0000000614400000|  0%| F|  |TAMS 0x0000000614000000, 0x0000000614000000| Untracked 
|  71|0x0000000614400000, 0x0000000614400000, 0x0000000614800000|  0%| F|  |TAMS 0x0000000614400000, 0x0000000614400000| Untracked 
|  72|0x0000000614800000, 0x0000000614800000, 0x0000000614c00000|  0%| F|  |TAMS 0x0000000614800000, 0x0000000614800000| Untracked 
|  73|0x0000000614c00000, 0x0000000614c00000, 0x0000000615000000|  0%| F|  |TAMS 0x0000000614c00000, 0x0000000614c00000| Untracked 
|  74|0x0000000615000000, 0x0000000615000000, 0x0000000615400000|  0%| F|  |TAMS 0x0000000615000000, 0x0000000615000000| Untracked 
|  75|0x0000000615400000, 0x0000000615400000, 0x0000000615800000|  0%| F|  |TAMS 0x0000000615400000, 0x0000000615400000| Untracked 
|  76|0x0000000615800000, 0x0000000615800000, 0x0000000615c00000|  0%| F|  |TAMS 0x0000000615800000, 0x0000000615800000| Untracked 
|  77|0x0000000615c00000, 0x0000000615c00000, 0x0000000616000000|  0%| F|  |TAMS 0x0000000615c00000, 0x0000000615c00000| Untracked 
|  78|0x0000000616000000, 0x0000000616000000, 0x0000000616400000|  0%| F|  |TAMS 0x0000000616000000, 0x0000000616000000| Untracked 
|  79|0x0000000616400000, 0x0000000616400000, 0x0000000616800000|  0%| F|  |TAMS 0x0000000616400000, 0x0000000616400000| Untracked 
|  80|0x0000000616800000, 0x0000000616800000, 0x0000000616c00000|  0%| F|  |TAMS 0x0000000616800000, 0x0000000616800000| Untracked 
|  81|0x0000000616c00000, 0x0000000616c00000, 0x0000000617000000|  0%| F|  |TAMS 0x0000000616c00000, 0x0000000616c00000| Untracked 
|  82|0x0000000617000000, 0x0000000617000000, 0x0000000617400000|  0%| F|  |TAMS 0x0000000617000000, 0x0000000617000000| Untracked 
|  83|0x0000000617400000, 0x0000000617400000, 0x0000000617800000|  0%| F|  |TAMS 0x0000000617400000, 0x0000000617400000| Untracked 
|  84|0x0000000617800000, 0x0000000617800000, 0x0000000617c00000|  0%| F|  |TAMS 0x0000000617800000, 0x0000000617800000| Untracked 
|  85|0x0000000617c00000, 0x0000000617c00000, 0x0000000618000000|  0%| F|  |TAMS 0x0000000617c00000, 0x0000000617c00000| Untracked 
|  86|0x0000000618000000, 0x0000000618000000, 0x0000000618400000|  0%| F|  |TAMS 0x0000000618000000, 0x0000000618000000| Untracked 
|  87|0x0000000618400000, 0x0000000618400000, 0x0000000618800000|  0%| F|  |TAMS 0x0000000618400000, 0x0000000618400000| Untracked 
|  88|0x0000000618800000, 0x0000000618800000, 0x0000000618c00000|  0%| F|  |TAMS 0x0000000618800000, 0x0000000618800000| Untracked 
|  89|0x0000000618c00000, 0x0000000618c00000, 0x0000000619000000|  0%| F|  |TAMS 0x0000000618c00000, 0x0000000618c00000| Untracked 
|  90|0x0000000619000000, 0x0000000619000000, 0x0000000619400000|  0%| F|  |TAMS 0x0000000619000000, 0x0000000619000000| Untracked 
|  91|0x0000000619400000, 0x0000000619400000, 0x0000000619800000|  0%| F|  |TAMS 0x0000000619400000, 0x0000000619400000| Untracked 
|  92|0x0000000619800000, 0x0000000619800000, 0x0000000619c00000|  0%| F|  |TAMS 0x0000000619800000, 0x0000000619800000| Untracked 
|  93|0x0000000619c00000, 0x0000000619c00000, 0x000000061a000000|  0%| F|  |TAMS 0x0000000619c00000, 0x0000000619c00000| Untracked 
|  94|0x000000061a000000, 0x000000061a000000, 0x000000061a400000|  0%| F|  |TAMS 0x000000061a000000, 0x000000061a000000| Untracked 
|  95|0x000000061a400000, 0x000000061a400000, 0x000000061a800000|  0%| F|  |TAMS 0x000000061a400000, 0x000000061a400000| Untracked 
|  96|0x000000061a800000, 0x000000061a800000, 0x000000061ac00000|  0%| F|  |TAMS 0x000000061a800000, 0x000000061a800000| Untracked 
|  97|0x000000061ac00000, 0x000000061ac00000, 0x000000061b000000|  0%| F|  |TAMS 0x000000061ac00000, 0x000000061ac00000| Untracked 
|  98|0x000000061b000000, 0x000000061b000000, 0x000000061b400000|  0%| F|  |TAMS 0x000000061b000000, 0x000000061b000000| Untracked 
|  99|0x000000061b400000, 0x000000061b400000, 0x000000061b800000|  0%| F|  |TAMS 0x000000061b400000, 0x000000061b400000| Untracked 
| 100|0x000000061b800000, 0x000000061b800000, 0x000000061bc00000|  0%| F|  |TAMS 0x000000061b800000, 0x000000061b800000| Untracked 
| 101|0x000000061bc00000, 0x000000061bc00000, 0x000000061c000000|  0%| F|  |TAMS 0x000000061bc00000, 0x000000061bc00000| Untracked 
| 102|0x000000061c000000, 0x000000061c000000, 0x000000061c400000|  0%| F|  |TAMS 0x000000061c000000, 0x000000061c000000| Untracked 
| 103|0x000000061c400000, 0x000000061c400000, 0x000000061c800000|  0%| F|  |TAMS 0x000000061c400000, 0x000000061c400000| Untracked 
| 104|0x000000061c800000, 0x000000061c800000, 0x000000061cc00000|  0%| F|  |TAMS 0x000000061c800000, 0x000000061c800000| Untracked 
| 105|0x000000061cc00000, 0x000000061cc00000, 0x000000061d000000|  0%| F|  |TAMS 0x000000061cc00000, 0x000000061cc00000| Untracked 
| 106|0x000000061d000000, 0x000000061d000000, 0x000000061d400000|  0%| F|  |TAMS 0x000000061d000000, 0x000000061d000000| Untracked 
| 107|0x000000061d400000, 0x000000061d400000, 0x000000061d800000|  0%| F|  |TAMS 0x000000061d400000, 0x000000061d400000| Untracked 
| 108|0x000000061d800000, 0x000000061d800000, 0x000000061dc00000|  0%| F|  |TAMS 0x000000061d800000, 0x000000061d800000| Untracked 
| 109|0x000000061dc00000, 0x000000061dc00000, 0x000000061e000000|  0%| F|  |TAMS 0x000000061dc00000, 0x000000061dc00000| Untracked 
| 110|0x000000061e000000, 0x000000061e000000, 0x000000061e400000|  0%| F|  |TAMS 0x000000061e000000, 0x000000061e000000| Untracked 
| 111|0x000000061e400000, 0x000000061e400000, 0x000000061e800000|  0%| F|  |TAMS 0x000000061e400000, 0x000000061e400000| Untracked 
| 112|0x000000061e800000, 0x000000061e800000, 0x000000061ec00000|  0%| F|  |TAMS 0x000000061e800000, 0x000000061e800000| Untracked 
| 113|0x000000061ec00000, 0x000000061ec00000, 0x000000061f000000|  0%| F|  |TAMS 0x000000061ec00000, 0x000000061ec00000| Untracked 
| 114|0x000000061f000000, 0x000000061f000000, 0x000000061f400000|  0%| F|  |TAMS 0x000000061f000000, 0x000000061f000000| Untracked 
| 115|0x000000061f400000, 0x000000061f400000, 0x000000061f800000|  0%| F|  |TAMS 0x000000061f400000, 0x000000061f400000| Untracked 
| 116|0x000000061f800000, 0x000000061f800000, 0x000000061fc00000|  0%| F|  |TAMS 0x000000061f800000, 0x000000061f800000| Untracked 
| 117|0x000000061fc00000, 0x000000061fc00000, 0x0000000620000000|  0%| F|  |TAMS 0x000000061fc00000, 0x000000061fc00000| Untracked 
| 118|0x0000000620000000, 0x0000000620000000, 0x0000000620400000|  0%| F|  |TAMS 0x0000000620000000, 0x0000000620000000| Untracked 
| 119|0x0000000620400000, 0x0000000620400000, 0x0000000620800000|  0%| F|  |TAMS 0x0000000620400000, 0x0000000620400000| Untracked 
| 120|0x0000000620800000, 0x0000000620800000, 0x0000000620c00000|  0%| F|  |TAMS 0x0000000620800000, 0x0000000620800000| Untracked 
| 121|0x0000000620c00000, 0x0000000620c00000, 0x0000000621000000|  0%| F|  |TAMS 0x0000000620c00000, 0x0000000620c00000| Untracked 
| 122|0x0000000621000000, 0x0000000621361130, 0x0000000621400000| 84%| E|  |TAMS 0x0000000621000000, 0x0000000621000000| Complete 
| 123|0x0000000621400000, 0x0000000621800000, 0x0000000621800000|100%| E|CS|TAMS 0x0000000621400000, 0x0000000621400000| Complete 
| 124|0x0000000621800000, 0x0000000621c00000, 0x0000000621c00000|100%| E|  |TAMS 0x0000000621800000, 0x0000000621800000| Complete 
| 125|0x0000000621c00000, 0x0000000622000000, 0x0000000622000000|100%| E|CS|TAMS 0x0000000621c00000, 0x0000000621c00000| Complete 
| 126|0x0000000622000000, 0x0000000622400000, 0x0000000622400000|100%| E|CS|TAMS 0x0000000622000000, 0x0000000622000000| Complete 
| 127|0x0000000622400000, 0x0000000622800000, 0x0000000622800000|100%| E|CS|TAMS 0x0000000622400000, 0x0000000622400000| Complete 

Card table byte_map: [0x0000014059410000,0x000001405a400000] _byte_map_base: 0x00000140563fc000

Marking Bits (Prev, Next): (CMBitMap*) 0x0000014040c961e0, (CMBitMap*) 0x0000014040c96220
 Prev Bits: [0x000001405b3f0000, 0x0000014063350000)
 Next Bits: [0x0000014063350000, 0x000001406b2b0000)

Polling page: 0x000001403f3d0000

Metaspace:

Usage:
  Non-class:      5.46 MB used.
      Class:    301.72 KB used.
       Both:      5.76 MB used.

Virtual space:
  Non-class space:       64.00 MB reserved,       5.50 MB (  9%) committed,  1 nodes.
      Class space:        1.00 GB reserved,     384.00 KB ( <1%) committed,  1 nodes.
             Both:        1.06 GB reserved,       5.88 MB ( <1%) committed. 

Chunk freelists:
   Non-Class:  7.94 MB
       Class:  15.52 MB
        Both:  23.46 MB

MaxMetaspaceSize: unlimited
CompressedClassSpaceSize: 1.00 GB
Initial GC threshold: 21.00 MB
Current GC threshold: 21.00 MB
CDS: on
MetaspaceReclaimPolicy: balanced
 - commit_granule_bytes: 65536.
 - commit_granule_words: 8192.
 - virtual_space_node_default_size: 8388608.
 - enlarge_chunks_in_place: 1.
 - new_chunks_are_fully_committed: 0.
 - uncommit_free_chunks: 1.
 - use_allocation_guard: 0.
 - handle_deallocations: 1.


Internal statistics:

num_allocs_failed_limit: 0.
num_arena_births: 74.
num_arena_deaths: 0.
num_vsnodes_births: 2.
num_vsnodes_deaths: 0.
num_space_committed: 92.
num_space_uncommitted: 0.
num_chunks_returned_to_freelist: 0.
num_chunks_taken_from_freelist: 236.
num_chunk_merges: 0.
num_chunk_splits: 179.
num_chunks_enlarged: 143.
num_inconsistent_stats: 0.

CodeHeap 'non-profiled nmethods': size=120000Kb used=398Kb max_used=398Kb free=119601Kb
 bounds [0x0000014050270000, 0x00000140504e0000, 0x00000140577a0000]
CodeHeap 'profiled nmethods': size=120000Kb used=1636Kb max_used=1636Kb free=118364Kb
 bounds [0x00000140487a0000, 0x0000014048a10000, 0x000001404fcd0000]
CodeHeap 'non-nmethods': size=5760Kb used=1607Kb max_used=1635Kb free=4152Kb
 bounds [0x000001404fcd0000, 0x000001404ff40000, 0x0000014050270000]
 total_blobs=1997 nmethods=957 adapters=953
 compilation: enabled
              stopped_count=0, restarted_count=0
 full_count=0

Compilation events (20 events):
Event: 1.027 Thread 0x000001406b532a80  948       1       java.lang.AbstractStringBuilder::length (5 bytes)
Event: 1.027 Thread 0x000001406b532a80 nmethod 948 0x00000140502d1490 code [0x00000140502d1620, 0x00000140502d16f8]
Event: 1.027 Thread 0x000001406b532a80  949       3       java.lang.invoke.DirectMethodHandle::internalMemberName (8 bytes)
Event: 1.027 Thread 0x000001406b532a80 nmethod 949 0x0000014048938b90 code [0x0000014048938d20, 0x0000014048938f18]
Event: 1.028 Thread 0x00000140afc676c0  950       4       java.lang.Character::charCount (12 bytes)
Event: 1.028 Thread 0x00000140afc676c0 nmethod 950 0x00000140502d1790 code [0x00000140502d1900, 0x00000140502d1978]
Event: 1.028 Thread 0x000001406b52caa0  951       4       java.nio.DirectIntBufferU::ix (10 bytes)
Event: 1.028 Thread 0x000001406b52caa0 nmethod 951 0x00000140502d1a90 code [0x00000140502d1c00, 0x00000140502d1c78]
Event: 1.028 Thread 0x000001406b52caa0  952 %     4       java.lang.StringCoding::hasNegatives @ 2 (25 bytes)
Event: 1.028 Thread 0x00000140afc676c0  953       4       java.lang.Character::codePointAt (51 bytes)
Event: 1.029 Thread 0x00000140afc676c0 nmethod 953 0x00000140502d1d90 code [0x00000140502d1f20, 0x00000140502d20d8]
Event: 1.029 Thread 0x00000140afc676c0  954       4       java.nio.CharBuffer::charAt (16 bytes)
Event: 1.030 Thread 0x000001406b532a80  957       1       org.lwjgl.system.MemoryStack::getPointer (5 bytes)
Event: 1.030 Thread 0x000001406b532a80 nmethod 957 0x00000140502d2390 code [0x00000140502d2520, 0x00000140502d25f8]
Event: 1.031 Thread 0x00000140afc676c0 nmethod 954 0x00000140502d2a90 code [0x00000140502d2c20, 0x00000140502d2d98]
Event: 1.031 Thread 0x00000140afc676c0  955       4       java.nio.HeapCharBuffer::get (15 bytes)
Event: 1.031 Thread 0x000001406b52caa0 nmethod 952% 0x00000140502d2f90 code [0x00000140502d3120, 0x00000140502d3338]
Event: 1.031 Thread 0x000001406b52caa0  956       4       java.util.regex.Pattern$$Lambda$25/0x000001406f055ae0::is (5 bytes)
Event: 1.031 Thread 0x000001406b52caa0 nmethod 956 0x00000140502d3490 code [0x00000140502d3600, 0x00000140502d3678]
Event: 1.031 Thread 0x00000140afc676c0 nmethod 955 0x00000140502d3790 code [0x00000140502d3900, 0x00000140502d39f8]

GC Heap History (0 events):
No events

Dll operation events (9 events):
Event: 0.006 Loaded shared library C:\Users\osama\.jdks\corretto-17.0.14\bin\java.dll
Event: 0.019 Loaded shared library C:\Users\osama\.jdks\corretto-17.0.14\bin\jsvml.dll
Event: 0.067 Loaded shared library C:\Users\osama\.jdks\corretto-17.0.14\bin\net.dll
Event: 0.068 Loaded shared library C:\Users\osama\.jdks\corretto-17.0.14\bin\nio.dll
Event: 0.069 Loaded shared library C:\Users\osama\.jdks\corretto-17.0.14\bin\zip.dll
Event: 0.076 Loaded shared library C:\Users\osama\.jdks\corretto-17.0.14\bin\verify.dll
Event: 0.184 Loaded shared library C:\Users\osama\.jdks\corretto-17.0.14\bin\jimage.dll
Event: 0.208 Loaded shared library C:\Users\osama\AppData\Local\Temp\lwjglosama\3.2.3-build-13\lwjgl.dll
Event: 0.840 Loaded shared library C:\Users\osama\AppData\Local\Temp\lwjglosama\3.2.3-build-13\lwjgl_opengl.dll

Deoptimization events (20 events):
Event: 1.015 Thread 0x0000014040c27310 Uncommon trap: trap_request=0xffffff45 fr.pc=0x0000014050288a38 relative=0x00000000000004f8
Event: 1.015 Thread 0x0000014040c27310 Uncommon trap: reason=unstable_if action=reinterpret pc=0x0000014050288a38 method=java.lang.AbstractStringBuilder.putStringAt(ILjava/lang/String;II)V @ 8 c2
Event: 1.015 Thread 0x0000014040c27310 DEOPT PACKING pc=0x0000014050288a38 sp=0x0000002dda3ff1a0
Event: 1.015 Thread 0x0000014040c27310 DEOPT UNPACKING pc=0x000001404fd269a3 sp=0x0000002dda3ff028 mode 2
Event: 1.015 Thread 0x0000014040c27310 Uncommon trap: trap_request=0xffffff45 fr.pc=0x000001405028d0b0 relative=0x00000000000004f0
Event: 1.015 Thread 0x0000014040c27310 Uncommon trap: reason=unstable_if action=reinterpret pc=0x000001405028d0b0 method=java.lang.AbstractStringBuilder.putStringAt(ILjava/lang/String;II)V @ 8 c2
Event: 1.015 Thread 0x0000014040c27310 DEOPT PACKING pc=0x000001405028d0b0 sp=0x0000002dda3ff140
Event: 1.015 Thread 0x0000014040c27310 DEOPT UNPACKING pc=0x000001404fd269a3 sp=0x0000002dda3ff030 mode 2
Event: 1.015 Thread 0x0000014040c27310 Uncommon trap: trap_request=0xffffff45 fr.pc=0x00000140502bd258 relative=0x00000000000003b8
Event: 1.015 Thread 0x0000014040c27310 Uncommon trap: reason=unstable_if action=reinterpret pc=0x00000140502bd258 method=java.lang.AbstractStringBuilder.isLatin1()Z @ 10 c2
Event: 1.015 Thread 0x0000014040c27310 DEOPT PACKING pc=0x00000140502bd258 sp=0x0000002dda3ff1c0
Event: 1.015 Thread 0x0000014040c27310 DEOPT UNPACKING pc=0x000001404fd269a3 sp=0x0000002dda3ff140 mode 2
Event: 1.017 Thread 0x0000014040c27310 Uncommon trap: trap_request=0xffffff45 fr.pc=0x000001405028a3d4 relative=0x0000000000000134
Event: 1.017 Thread 0x0000014040c27310 Uncommon trap: reason=unstable_if action=reinterpret pc=0x000001405028a3d4 method=java.lang.AbstractStringBuilder.putStringAt(ILjava/lang/String;II)V @ 8 c2
Event: 1.017 Thread 0x0000014040c27310 DEOPT PACKING pc=0x000001405028a3d4 sp=0x0000002dda3ff0e0
Event: 1.017 Thread 0x0000014040c27310 DEOPT UNPACKING pc=0x000001404fd269a3 sp=0x0000002dda3ff010 mode 2
Event: 1.017 Thread 0x0000014040c27310 Uncommon trap: trap_request=0xffffff45 fr.pc=0x000001405028d8dc relative=0x000000000000013c
Event: 1.017 Thread 0x0000014040c27310 Uncommon trap: reason=unstable_if action=reinterpret pc=0x000001405028d8dc method=java.lang.AbstractStringBuilder.putStringAt(ILjava/lang/String;II)V @ 8 c2
Event: 1.017 Thread 0x0000014040c27310 DEOPT PACKING pc=0x000001405028d8dc sp=0x0000002dda3ff040
Event: 1.017 Thread 0x0000014040c27310 DEOPT UNPACKING pc=0x000001404fd269a3 sp=0x0000002dda3ff008 mode 2

Classes loaded (20 events):
Event: 0.995 Loading class jdk/internal/reflect/UnsafeQualifiedFieldAccessorImpl done
Event: 0.995 Loading class jdk/internal/reflect/UnsafeQualifiedLongFieldAccessorImpl done
Event: 1.007 Loading class sun/net/ProgressMonitor
Event: 1.007 Loading class sun/net/ProgressMonitor done
Event: 1.007 Loading class sun/net/DefaultProgressMeteringPolicy
Event: 1.007 Loading class sun/net/ProgressMeteringPolicy
Event: 1.007 Loading class sun/net/ProgressMeteringPolicy done
Event: 1.007 Loading class sun/net/DefaultProgressMeteringPolicy done
Event: 1.007 Loading class java/util/Scanner
Event: 1.007 Loading class java/util/Scanner done
Event: 1.009 Loading class java/util/Scanner$PatternLRUCache
Event: 1.009 Loading class java/util/Scanner$PatternLRUCache done
Event: 1.010 Loading class jdk/internal/module/ModulePatcher$PatchedModuleReader
Event: 1.010 Loading class jdk/internal/module/ModulePatcher$PatchedModuleReader done
Event: 1.010 Loading class sun/net/www/protocol/jrt/Handler
Event: 1.010 Loading class sun/net/www/protocol/jrt/Handler done
Event: 1.012 Loading class sun/text/resources/cldr/FormatData_en
Event: 1.012 Loading class sun/text/resources/cldr/FormatData_en done
Event: 1.012 Loading class sun/text/resources/cldr/FormatData_en_US
Event: 1.012 Loading class sun/text/resources/cldr/FormatData_en_US done

Classes unloaded (0 events):
No events

Classes redefined (0 events):
No events

Internal exceptions (16 events):
Event: 0.160 Thread 0x0000014040c27310 Exception <a 'java/lang/NoSuchMethodError'{0x00000006223b24a0}: 'java.lang.Object java.lang.invoke.DirectMethodHandle$Holder.invokeStaticInit(java.lang.Object)'> (0x00000006223b24a0) 
thrown [s\src\hotspot\share\interpreter\linkResolver.cpp, line 759]
Event: 0.172 Thread 0x0000014040c27310 Exception <a 'java/lang/NoSuchMethodError'{0x0000000621c3ba60}: 'void java.lang.invoke.DirectMethodHandle$Holder.invokeStatic(java.lang.Object, java.lang.Object)'> (0x0000000621c3ba60) 
thrown [s\src\hotspot\share\interpreter\linkResolver.cpp, line 759]
Event: 0.172 Thread 0x0000014040c27310 Exception <a 'java/lang/NoSuchMethodError'{0x0000000621c412a8}: 'void java.lang.invoke.DirectMethodHandle$Holder.invokeSpecial(java.lang.Object, java.lang.Object, java.lang.Object)'> (0x0000000621c412a8) 
thrown [s\src\hotspot\share\interpreter\linkResolver.cpp, line 759]
Event: 0.175 Thread 0x0000014040c27310 Exception <a 'java/lang/NoSuchMethodError'{0x0000000621c54630}: 'java.lang.Object java.lang.invoke.DirectMethodHandle$Holder.invokeStatic(java.lang.Object, java.lang.Object, int)'> (0x0000000621c54630) 
thrown [s\src\hotspot\share\interpreter\linkResolver.cpp, line 759]
Event: 0.176 Thread 0x0000014040c27310 Exception <a 'java/lang/NoSuchMethodError'{0x0000000621c60490}: 'void java.lang.invoke.DelegatingMethodHandle$Holder.delegate(java.lang.Object, java.lang.Object, int, java.lang.Object)'> (0x0000000621c60490) 
thrown [s\src\hotspot\share\interpreter\linkResolver.cpp, line 759]
Event: 0.176 Thread 0x0000014040c27310 Exception <a 'java/lang/NoSuchMethodError'{0x0000000621c646d0}: 'int java.lang.invoke.DirectMethodHandle$Holder.invokeSpecial(java.lang.Object, java.lang.Object, java.lang.Object)'> (0x0000000621c646d0) 
thrown [s\src\hotspot\share\interpreter\linkResolver.cpp, line 759]
Event: 0.211 Thread 0x0000014040c27310 Exception <a 'sun/nio/fs/WindowsException'{0x0000000621dbfe50}> (0x0000000621dbfe50) 
thrown [s\src\hotspot\share\prims\jni.cpp, line 516]
Event: 0.211 Thread 0x0000014040c27310 Exception <a 'sun/nio/fs/WindowsException'{0x0000000621dc03a8}> (0x0000000621dc03a8) 
thrown [s\src\hotspot\share\prims\jni.cpp, line 516]
Event: 0.228 Thread 0x0000014040c27310 Exception <a 'sun/nio/fs/WindowsException'{0x0000000621efaf98}> (0x0000000621efaf98) 
thrown [s\src\hotspot\share\prims\jni.cpp, line 516]
Event: 0.228 Thread 0x0000014040c27310 Exception <a 'sun/nio/fs/WindowsException'{0x0000000621efb338}> (0x0000000621efb338) 
thrown [s\src\hotspot\share\prims\jni.cpp, line 516]
Event: 0.247 Thread 0x0000014040c27310 Exception <a 'sun/nio/fs/WindowsException'{0x0000000621fd6180}> (0x0000000621fd6180) 
thrown [s\src\hotspot\share\prims\jni.cpp, line 516]
Event: 0.248 Thread 0x0000014040c27310 Exception <a 'sun/nio/fs/WindowsException'{0x0000000621fd64f0}> (0x0000000621fd64f0) 
thrown [s\src\hotspot\share\prims\jni.cpp, line 516]
Event: 0.839 Thread 0x0000014040c27310 Exception <a 'sun/nio/fs/WindowsException'{0x00000006218b49c0}> (0x00000006218b49c0) 
thrown [s\src\hotspot\share\prims\jni.cpp, line 516]
Event: 0.839 Thread 0x0000014040c27310 Exception <a 'sun/nio/fs/WindowsException'{0x00000006218b4d70}> (0x00000006218b4d70) 
thrown [s\src\hotspot\share\prims\jni.cpp, line 516]
Event: 0.842 Thread 0x0000014040c27310 Exception <a 'sun/nio/fs/WindowsException'{0x00000006218c7880}> (0x00000006218c7880) 
thrown [s\src\hotspot\share\prims\jni.cpp, line 516]
Event: 0.842 Thread 0x0000014040c27310 Exception <a 'sun/nio/fs/WindowsException'{0x00000006218c7b68}> (0x00000006218c7b68) 
thrown [s\src\hotspot\share\prims\jni.cpp, line 516]

VM Operations (8 events):
Event: 0.071 Executing VM operation: HandshakeAllThreads
Event: 0.071 Executing VM operation: HandshakeAllThreads done
Event: 0.175 Executing VM operation: HandshakeAllThreads
Event: 0.175 Executing VM operation: HandshakeAllThreads done
Event: 0.197 Executing VM operation: HandshakeAllThreads
Event: 0.197 Executing VM operation: HandshakeAllThreads done
Event: 0.847 Executing VM operation: HandshakeAllThreads
Event: 0.847 Executing VM operation: HandshakeAllThreads done

Memory protections (0 events):
No events

Nmethod flushes (0 events):
No events

Events (16 events):
Event: 0.020 Thread 0x0000014040c27310 Thread added: 0x0000014040c27310
Event: 0.021 Thread 0x0000014040c27310 Thread added: 0x000001406b513f10
Event: 0.021 Thread 0x0000014040c27310 Thread added: 0x000001406b5148d0
Event: 0.027 Thread 0x0000014040c27310 Thread added: 0x000001406b524d60
Event: 0.027 Thread 0x0000014040c27310 Thread added: 0x000001406b525720
Event: 0.027 Thread 0x0000014040c27310 Thread added: 0x000001406b5260e0
Event: 0.027 Thread 0x0000014040c27310 Thread added: 0x000001406b5272c0
Event: 0.028 Thread 0x0000014040c27310 Thread added: 0x000001406b52caa0
Event: 0.028 Thread 0x0000014040c27310 Thread added: 0x000001406b532a80
Event: 0.028 Thread 0x0000014040c27310 Thread added: 0x000001406b53bfa0
Event: 0.058 Thread 0x0000014040c27310 Thread added: 0x00000140af1fa9d0
Event: 0.061 Thread 0x0000014040c27310 Thread added: 0x00000140af20bf90
Event: 0.233 Thread 0x000001406b532a80 Thread added: 0x00000140af65a6f0
Event: 0.625 Thread 0x00000140af65a6f0 Thread exited: 0x00000140af65a6f0
Event: 0.919 Thread 0x000001406b532a80 Thread added: 0x00000140b46d00c0
Event: 0.954 Thread 0x000001406b532a80 Thread added: 0x00000140afc676c0


Dynamic libraries:
0x00007ff714d20000 - 0x00007ff714d2e000 	C:\Users\osama\.jdks\corretto-17.0.14\bin\java.exe
0x00007ffeb6680000 - 0x00007ffeb68e0000 	C:\WINDOWS\SYSTEM32\ntdll.dll
0x00007ffeb4b00000 - 0x00007ffeb4bc7000 	C:\WINDOWS\System32\KERNEL32.DLL
0x00007ffeb3860000 - 0x00007ffeb3c2a000 	C:\WINDOWS\System32\KERNELBASE.dll
0x00007ffeb3fb0000 - 0x00007ffeb40fb000 	C:\WINDOWS\System32\ucrtbase.dll
0x00007ffe273f0000 - 0x00007ffe27407000 	C:\Users\osama\.jdks\corretto-17.0.14\bin\jli.dll
0x00007ffe273d0000 - 0x00007ffe273eb000 	C:\Users\osama\.jdks\corretto-17.0.14\bin\VCRUNTIME140.dll
0x00007ffeb4760000 - 0x00007ffeb492c000 	C:\WINDOWS\System32\USER32.dll
0x00007ffe99080000 - 0x00007ffe99317000 	C:\WINDOWS\WinSxS\amd64_microsoft.windows.common-controls_6595b64144ccf1df_6.0.26100.3624_none_3e086962e3345f24\COMCTL32.dll
0x00007ffeb4300000 - 0x00007ffeb4327000 	C:\WINDOWS\System32\win32u.dll
0x00007ffeb4930000 - 0x00007ffeb495a000 	C:\WINDOWS\System32\GDI32.dll
0x00007ffeb6280000 - 0x00007ffeb6329000 	C:\WINDOWS\System32\msvcrt.dll
0x00007ffeb3e70000 - 0x00007ffeb3fa1000 	C:\WINDOWS\System32\gdi32full.dll
0x00007ffeb4330000 - 0x00007ffeb43d3000 	C:\WINDOWS\System32\msvcp_win.dll
0x00007ffeb4c60000 - 0x00007ffeb4c8f000 	C:\WINDOWS\System32\IMM32.DLL
0x00007ffe78290000 - 0x00007ffe7829c000 	C:\Users\osama\.jdks\corretto-17.0.14\bin\vcruntime140_1.dll
0x00007ffe15ed0000 - 0x00007ffe15f5d000 	C:\Users\osama\.jdks\corretto-17.0.14\bin\msvcp140.dll
0x00007ffe07660000 - 0x00007ffe082cc000 	C:\Users\osama\.jdks\corretto-17.0.14\bin\server\jvm.dll
0x00007ffeb58b0000 - 0x00007ffeb5962000 	C:\WINDOWS\System32\ADVAPI32.dll
0x00007ffeb6330000 - 0x00007ffeb63d6000 	C:\WINDOWS\System32\sechost.dll
0x00007ffeb4530000 - 0x00007ffeb4646000 	C:\WINDOWS\System32\RPCRT4.dll
0x00007ffeb4bd0000 - 0x00007ffeb4c44000 	C:\WINDOWS\System32\WS2_32.dll
0x00007ffeb2f90000 - 0x00007ffeb2fee000 	C:\WINDOWS\SYSTEM32\POWRPROF.dll
0x00007ffead060000 - 0x00007ffead06b000 	C:\WINDOWS\SYSTEM32\VERSION.dll
0x00007ffea6fd0000 - 0x00007ffea7006000 	C:\WINDOWS\SYSTEM32\WINMM.dll
0x00007ffeb2f70000 - 0x00007ffeb2f84000 	C:\WINDOWS\SYSTEM32\UMPDC.dll
0x00007ffeb2630000 - 0x00007ffeb264a000 	C:\WINDOWS\SYSTEM32\kernel.appcore.dll
0x00007ffe771a0000 - 0x00007ffe771aa000 	C:\Users\osama\.jdks\corretto-17.0.14\bin\jimage.dll
0x00007ffeb0cc0000 - 0x00007ffeb0f01000 	C:\WINDOWS\SYSTEM32\DBGHELP.DLL
0x00007ffeb5390000 - 0x00007ffeb5712000 	C:\WINDOWS\System32\combase.dll
0x00007ffeb63e0000 - 0x00007ffeb64b6000 	C:\WINDOWS\System32\OLEAUT32.dll
0x00007ffe99cb0000 - 0x00007ffe99ce9000 	C:\WINDOWS\SYSTEM32\dbgcore.DLL
0x00007ffeb43e0000 - 0x00007ffeb4479000 	C:\WINDOWS\System32\bcryptPrimitives.dll
0x00007ffe26950000 - 0x00007ffe26975000 	C:\Users\osama\.jdks\corretto-17.0.14\bin\java.dll
0x00007ffe14f10000 - 0x00007ffe14fe7000 	C:\Users\osama\.jdks\corretto-17.0.14\bin\jsvml.dll
0x00007ffeb5970000 - 0x00007ffeb6099000 	C:\WINDOWS\System32\SHELL32.dll
0x00007ffeb4100000 - 0x00007ffeb4268000 	C:\WINDOWS\System32\wintypes.dll
0x00007ffeb14e0000 - 0x00007ffeb1d32000 	C:\WINDOWS\SYSTEM32\windows.storage.dll
0x00007ffeb5290000 - 0x00007ffeb537d000 	C:\WINDOWS\System32\SHCORE.dll
0x00007ffeb5810000 - 0x00007ffeb5874000 	C:\WINDOWS\System32\shlwapi.dll
0x00007ffeb3770000 - 0x00007ffeb379f000 	C:\WINDOWS\SYSTEM32\profapi.dll
0x00007ffe15eb0000 - 0x00007ffe15ec9000 	C:\Users\osama\.jdks\corretto-17.0.14\bin\net.dll
0x00007ffeab9e0000 - 0x00007ffeabafd000 	C:\WINDOWS\SYSTEM32\WINHTTP.dll
0x00007ffeb2b30000 - 0x00007ffeb2b9a000 	C:\WINDOWS\system32\mswsock.dll
0x00007ffe15e90000 - 0x00007ffe15ea6000 	C:\Users\osama\.jdks\corretto-17.0.14\bin\nio.dll
0x00007ffe26180000 - 0x00007ffe26198000 	C:\Users\osama\.jdks\corretto-17.0.14\bin\zip.dll
0x00007ffe760c0000 - 0x00007ffe760d0000 	C:\Users\osama\.jdks\corretto-17.0.14\bin\verify.dll
0x00007ffe979c0000 - 0x00007ffe97a24000 	C:\Users\osama\AppData\Local\Temp\lwjglosama\3.2.3-build-13\lwjgl.dll
0x00007ffe27430000 - 0x00007ffe27683000 	C:\Users\osama\AppData\Local\Temp\lwjglosama\3.2.3-build-13\jemalloc.dll
0x00007ffe97950000 - 0x00007ffe979b2000 	C:\Users\osama\AppData\Local\Temp\lwjglosama\3.2.3-build-13\glfw.dll
0x00007ffeb0620000 - 0x00007ffeb06ce000 	C:\WINDOWS\system32\uxtheme.dll
0x00007ffe492c0000 - 0x00007ffe4930b000 	C:\WINDOWS\SYSTEM32\dinput8.dll
0x00007ffead570000 - 0x00007ffead582000 	C:\WINDOWS\SYSTEM32\xinput1_4.dll
0x00007ffeb34c0000 - 0x00007ffeb351f000 	C:\WINDOWS\SYSTEM32\cfgmgr32.dll
0x00007ffeb3490000 - 0x00007ffeb34bd000 	C:\WINDOWS\SYSTEM32\DEVOBJ.dll
0x00007ffeb0940000 - 0x00007ffeb0976000 	C:\WINDOWS\SYSTEM32\dwmapi.dll
0x00007ffe9c1a0000 - 0x00007ffe9c380000 	C:\WINDOWS\SYSTEM32\inputhost.dll
0x00007ffeafff0000 - 0x00007ffeb0116000 	C:\WINDOWS\SYSTEM32\CoreMessaging.dll
0x00007ffeb5130000 - 0x00007ffeb528d000 	C:\WINDOWS\System32\MSCTF.dll
0x00007ffeb2d60000 - 0x00007ffeb2d6c000 	C:\WINDOWS\SYSTEM32\CRYPTBASE.DLL
0x00007ffeb1d40000 - 0x00007ffeb1d4f000 	C:\WINDOWS\SYSTEM32\HID.DLL
0x00007ffeb4ca0000 - 0x00007ffeb5126000 	C:\WINDOWS\System32\SETUPAPI.DLL
0x00007ffeb4270000 - 0x00007ffeb42ef000 	C:\WINDOWS\System32\WINTRUST.dll
0x00007ffeb3c30000 - 0x00007ffeb3da7000 	C:\WINDOWS\System32\CRYPT32.dll
0x00007ffeb3060000 - 0x00007ffeb3073000 	C:\WINDOWS\SYSTEM32\MSASN1.dll
0x00007ffe16040000 - 0x00007ffe1614c000 	C:\WINDOWS\SYSTEM32\opengl32.dll
0x00007ffe28a00000 - 0x00007ffe28a2d000 	C:\WINDOWS\SYSTEM32\GLU32.dll
0x00007ffeb0720000 - 0x00007ffeb0767000 	C:\WINDOWS\SYSTEM32\dxcore.dll
0x00007ffe9c8e0000 - 0x00007ffe9c8fa000 	C:\WINDOWS\SYSTEM32\windows.staterepositorycore.dll
0x00007ffe04e70000 - 0x00007ffe0765e000 	C:\WINDOWS\System32\DriverStore\FileRepository\nv_dispi.inf_amd64_9d15b9aa9e1c885b\nvoglv64.dll
0x00007ffeb4960000 - 0x00007ffeb4af6000 	C:\WINDOWS\System32\ole32.dll
0x00007ffeb04f0000 - 0x00007ffeb0506000 	C:\WINDOWS\SYSTEM32\WTSAPI32.dll
0x00007ffeac140000 - 0x00007ffeac17b000 	C:\WINDOWS\SYSTEM32\cryptnet.dll
0x00007ffeb2e00000 - 0x00007ffeb2e5d000 	C:\WINDOWS\SYSTEM32\wldp.dll
0x00007ffeabfc0000 - 0x00007ffeac13c000 	C:\WINDOWS\SYSTEM32\drvstore.dll
0x00007ffeb2750000 - 0x00007ffeb2785000 	C:\WINDOWS\SYSTEM32\ntmarta.dll
0x00007ffeb5880000 - 0x00007ffeb58a0000 	C:\WINDOWS\System32\imagehlp.dll
0x00007ffeb3000000 - 0x00007ffeb301c000 	C:\WINDOWS\SYSTEM32\CRYPTSP.dll
0x00007ffeb2590000 - 0x00007ffeb25ca000 	C:\WINDOWS\system32\rsaenh.dll
0x00007ffeb3740000 - 0x00007ffeb3766000 	C:\WINDOWS\SYSTEM32\bcrypt.dll
0x00007ffea8120000 - 0x00007ffeab8ba000 	C:\WINDOWS\System32\DriverStore\FileRepository\nv_dispi.inf_amd64_9d15b9aa9e1c885b\nvgpucomp64.dll
0x00007ffe825c0000 - 0x00007ffe828c4000 	C:\WINDOWS\system32\nvspcap64.dll
0x00007ffeb2e60000 - 0x00007ffeb2ec7000 	C:\WINDOWS\SYSTEM32\WINSTA.dll
0x00007ffe9e570000 - 0x00007ffe9e6b9000 	C:\WINDOWS\SYSTEM32\textinputframework.dll
0x00007ffeacd60000 - 0x00007ffead043000 	C:\WINDOWS\SYSTEM32\CoreUIComponents.dll
0x00007ffe86fa0000 - 0x00007ffe86ff9000 	C:\Users\osama\AppData\Local\Temp\lwjglosama\3.2.3-build-13\lwjgl_opengl.dll

dbghelp: loaded successfully - version: 4.0.5 - missing functions: none
symbol engine: initialized successfully - sym options: 0x614 - pdb path: .;C:\Users\osama\.jdks\corretto-17.0.14\bin;C:\WINDOWS\SYSTEM32;C:\WINDOWS\WinSxS\amd64_microsoft.windows.common-controls_6595b64144ccf1df_6.0.26100.3624_none_3e086962e3345f24;C:\Users\osama\.jdks\corretto-17.0.14\bin\server;C:\Users\osama\AppData\Local\Temp\lwjglosama\3.2.3-build-13;C:\WINDOWS\System32\DriverStore\FileRepository\nv_dispi.inf_amd64_9d15b9aa9e1c885b

VM Arguments:
jvm_args: -Dfile.encoding=UTF-8 -Duser.country=US -Duser.language=en -Duser.variant 
java_command: com.gameengine.test.Launcher
java_class_path (initial): C:\Users\osama\GameEngine\build\classes\java\main;C:\Users\osama\GameEngine\build\resources\main;C:\Users\osama\.gradle\caches\modules-2\files-2.1\org.joml\joml-primitives\1.10.0\b3ae3ae0dfee0bf5aef9f7964205cca0f3c6ea07\joml-primitives-1.10.0.jar;C:\Users\osama\.gradle\caches\modules-2\files-2.1\org.joml\joml\1.10.0\a29b8bf72dc1478e9ceea256db214188da94f313\joml-1.10.0.jar;C:\Users\osama\.gradle\caches\modules-2\files-2.1\org.lwjgl\lwjgl-assimp\3.2.3\f62aa07a20afbdd3097efc296c4841e0d29700eb\lwjgl-assimp-3.2.3.jar;C:\Users\osama\.gradle\caches\modules-2\files-2.1\org.lwjgl\lwjgl-assimp\3.2.3\4e60aeb75f0343c4a9ede4ef8b6b32ca702a00a3\lwjgl-assimp-3.2.3-natives-windows.jar;C:\Users\osama\.gradle\caches\modules-2\files-2.1\org.lwjgl\lwjgl-bgfx\3.2.3\433883c4040fa8df47244dffa1d42c96ce2143de\lwjgl-bgfx-3.2.3.jar;C:\Users\osama\.gradle\caches\modules-2\files-2.1\org.lwjgl\lwjgl-bgfx\3.2.3\f589da97dd3cfa96f42c8c812a0a028cf28223b8\lwjgl-bgfx-3.2.3-natives-windows.jar;C:\Users\osama\.gradle\caches\modules-2\files-2.1\org.lwjgl\lwjgl-cuda\3.2.3\fb91f3aaa29e69eee7f1314a63d3e3068ad138e4\lwjgl-cuda-3.2.3.jar;C:\Users\osama\.gradle\caches\modules-2\files-2.1\org.lwjgl\lwjgl-egl\3.2.3\45ad689a4346fac69d4e8696fa02aaa98f0ea196\lwjgl-egl-3.2.3.jar;C:\Users\osama\.gradle\caches\modules-2\files-2.1\org.lwjgl\lwjgl-glfw\3.2.3\5e520d5c290c8b012545a8d34fa5db5ab051ea53\lwjgl-glfw-3.2.3.jar;C:\Users\osama\.gradle\caches\modules-2\files-2.1\org.lwjgl\lwjgl-glfw\3.2.3\b4d8a3477cdc2edcf7a5f1e822926be846223f54\lwjgl-glfw-3.2.3-natives-windows.jar;C:\Users\osama\.gradle\caches\modules-2\files-2.1\org.lwjgl\lwjgl-jawt\3.2.3\b93ceb43c55c28651e178af42e1f344e1e9d8bf3\lwjgl-jawt-3.2.3.jar;C:\Users\osama\.gradle\caches\modules-2\files-2.1\org.lwjgl\lwjgl-jemalloc\3.2.3\b6fd0932171ba3f2eaa4547beddca3a3e645342d\lwjgl-jemalloc-3.2.3.jar;C:\Users\osama\.gradle\caches\modules-2\files-2.1\org.lwjgl\lwjgl-jemalloc\3.2.3\3423fd0d4c7c1916c8f46b2075c4c2df02f22675\lwjgl-jemalloc-3.2.3-n
Launcher Type: SUN_STANDARD

[Global flags]
     intx CICompilerCount                          = 4                                         {product} {ergonomic}
     uint ConcGCThreads                            = 3                                         {product} {ergonomic}
     uint G1ConcRefinementThreads                  = 10                                        {product} {ergonomic}
   size_t G1HeapRegionSize                         = 4194304                                   {product} {ergonomic}
    uintx GCDrainStackTargetSize                   = 64                                        {product} {ergonomic}
   size_t InitialHeapSize                          = 536870912                                 {product} {ergonomic}
   size_t MarkStackSize                            = 4194304                                   {product} {ergonomic}
   size_t MaxHeapSize                              = 8547991552                                {product} {ergonomic}
   size_t MaxNewSize                               = 5125439488                                {product} {ergonomic}
   size_t MinHeapDeltaBytes                        = 4194304                                   {product} {ergonomic}
   size_t MinHeapSize                              = 8388608                                   {product} {ergonomic}
    uintx NonNMethodCodeHeapSize                   = 5839372                                {pd product} {ergonomic}
    uintx NonProfiledCodeHeapSize                  = 122909434                              {pd product} {ergonomic}
    uintx ProfiledCodeHeapSize                     = 122909434                              {pd product} {ergonomic}
    uintx ReservedCodeCacheSize                    = 251658240                              {pd product} {ergonomic}
     bool SegmentedCodeCache                       = true                                      {product} {ergonomic}
   size_t SoftMaxHeapSize                          = 8547991552                             {manageable} {ergonomic}
     bool UseCompressedClassPointers               = true                           {product lp64_product} {ergonomic}
     bool UseCompressedOops                        = true                           {product lp64_product} {ergonomic}
     bool UseG1GC                                  = true                                      {product} {ergonomic}
     bool UseLargePagesIndividualAllocation        = false                                  {pd product} {ergonomic}

Logging:
Log output configuration:
 #0: stdout all=warning uptime,level,tags
 #1: stderr all=off uptime,level,tags

Environment Variables:
JAVA_HOME=C:\Program Files\Eclipse Adoptium\jdk-17.0.14.7-hotspot\
PATH=C:\Program Files\Eclipse Adoptium\jdk-17.0.14.7-hotspot\bin;C:\Program Files\NVIDIA\CUDNN\v9.6\bin;C:\WINDOWS\system32;C:\WINDOWS;C:\WINDOWS\System32\Wbem;C:\WINDOWS\System32\WindowsPowerShell\v1.0\;C:\WINDOWS\System32\OpenSSH\;C:\Program Files (x86)\NVIDIA Corporation\PhysX\Common;C:\Program Files\Git\cmd;C:\Program Files\Git\mingw64\bin;C:\Program Files\Git\usr\bin;C:\Program Files\nodejs\;C:\Program Files\dotnet\;C:\Program Files (x86)\Windows Kits\10\Windows Performance Toolkit\;C:\Program Files\Apache\Maven\bin;C:\Program Files\NVIDIA Corporation\Nsight Compute 2022.3.0\;C:\Program Files\NVIDIA Corporation\NVIDIA app\NvDLISR;C:\MinGW\bin;C:\Program Files\Docker\Docker\resources\bin;;C:\Program Files\Git LFS;C:\Users\osama\AppData\Local\Microsoft\WindowsApps;C:\Users\osama\AppData\Local\Programs\Microsoft VS Code\bin;C:\dev\flutter\bin;C:\Users\osama\AppData\Roaming\npm;C:\Users\osama\AppData\Local\Programs\mongosh\;
USERNAME=osama
OS=Windows_NT
PROCESSOR_IDENTIFIER=Intel64 Family 6 Model 151 Stepping 5, GenuineIntel
TMP=C:\Users\osama\AppData\Local\Temp
TEMP=C:\Users\osama\AppData\Local\Temp



Periodic native trim disabled


---------------  S Y S T E M  ---------------

OS:
 Windows 11 , 64 bit Build 26100 (10.0.26100.3775)
OS uptime: 0 days 1:08 hours
Hyper-V role detected

CPU: total 12 (initial active 12) (6 cores per cpu, 2 threads per core) family 6 model 151 stepping 5 microcode 0x35, cx8, cmov, fxsr, ht, mmx, 3dnowpref, sse, sse2, sse3, ssse3, sse4.1, sse4.2, popcnt, lzcnt, tsc, tscinvbit, avx, avx2, aes, erms, clmul, bmi1, bmi2, adx, sha, fma, vzeroupper, clflush, clflushopt, clwb, hv
Processor Information for all 12 processors :
  Max Mhz: 2500, Current Mhz: 2500, Mhz Limit: 2500

Memory: 4k page, system-wide physical 32599M (15630M free)
TotalPageFile size 34647M (AvailPageFile size 9548M)
current process WorkingSet (physical memory assigned to process): 148M, peak: 150M
current process commit charge ("private bytes"): 761M, peak: 763M

vm_info: OpenJDK 64-Bit Server VM (17.0.14+7-LTS) for windows-amd64 JRE (17.0.14+7-LTS), built on Jan  7 2025 20:14:24 by "Administrator" with MS VC++ 16.10 / 16.11 (VS2019)

END.
