#
# A fatal error has been detected by the Java Runtime Environment:
#
#  EXCEPTION_ACCESS_VIOLATION (0xc0000005) at pc=0x00007ffe97953f2f, pid=16584, tid=8896
#
# JRE version: OpenJDK Runtime Environment Corretto-17.0.14.7.1 (17.0.14+7) (build 17.0.14+7-LTS)
# Java VM: OpenJDK 64-Bit Server VM Corretto-17.0.14.7.1 (17.0.14+7-LTS, mixed mode, sharing, tiered, compressed oops, compressed class ptrs, g1 gc, windows-amd64)
# Problematic frame:
# C  [glfw.dll+0x3f2f]
#
# No core dump will be written. Minidumps are not enabled by default on client versions of Windows
#
# If you would like to submit a bug report, please visit:
#   https://github.com/corretto/corretto-17/issues/
# The crash happened outside the Java Virtual Machine in native code.
# See problematic frame for where to report the bug.
#

---------------  S U M M A R Y ------------

Command Line: -Dfile.encoding=UTF-8 -Duser.country=US -Duser.language=en -Duser.variant com.gameengine.test.Launcher

Host: 12th Gen Intel(R) Core(TM) i5-12400F, 12 cores, 31G,  Windows 11 , 64 bit Build 26100 (10.0.26100.3775)
Time: Fri Apr 18 13:17:08 2025 Arab Standard Time elapsed time: 1.029994 seconds (0d 0h 0m 1s)

---------------  T H R E A D  ---------------

Current thread (0x000001b87e2a8470):  JavaThread "main" [_thread_in_native, id=8896, stack(0x000000a2c4400000,0x000000a2c4500000)]

Stack: [0x000000a2c4400000,0x000000a2c4500000],  sp=0x000000a2c44fef30,  free space=1019k
Native frames: (J=compiled Java code, j=interpreted, Vv=VM code, C=native code)
C  [glfw.dll+0x3f2f]

Java frames: (J=compiled Java code, j=interpreted, Vv=VM code)
j  org.lwjgl.system.JNI.invokePV(JIIJ)V+0
j  org.lwjgl.glfw.GLFW.glfwSetInputMode(JII)V+21
j  com.gameengine.test.TestGame.init()V+7
j  com.gameengine.core.EngineManager.init()V+51
j  com.gameengine.core.EngineManager.start()V+1
j  com.gameengine.test.Launcher.main([Ljava/lang/String;)V+38
v  ~StubRoutines::call_stub

siginfo: EXCEPTION_ACCESS_VIOLATION (0xc0000005), reading address 0x0000000000000079


Registers:
RAX=0x0000000000000002, RBX=0x0000000000000005, RCX=0x0000000000000005, RDX=0x0000000000033001
RSP=0x000000a2c44fef30, RBP=0x000000a2c44feff8, RSI=0x0000000000000110, RDI=0x0000000000034003
R8 =0x0000000000034003, R9 =0x0000000000033001, R10=0x000001b80efbd6b2, R11=0x0000000621f567c0
R12=0x0000000000000000, R13=0x000001b86d4f6260, R14=0x000000a2c44ff040, R15=0x000001b87e2a8470
RIP=0x00007ffe97953f2f, EFLAGS=0x0000000000010246


Register to memory mapping:

RIP=0x00007ffe97953f2f glfw.dll
RAX=0x0000000000000002 is an unknown value
RBX=0x0000000000000005 is an unknown value
RCX=0x0000000000000005 is an unknown value
RDX=0x0000000000033001 is an unknown value
RSP=0x000000a2c44fef30 is pointing into the stack for thread: 0x000001b87e2a8470
RBP=0x000000a2c44feff8 is pointing into the stack for thread: 0x000001b87e2a8470
RSI=0x0000000000000110 is an unknown value
RDI=0x0000000000034003 is an unknown value
R8 =0x0000000000034003 is an unknown value
R9 =0x0000000000033001 is an unknown value
R10=0x000001b80efbd6b2 is at code_begin+946 in an Interpreter codelet
method entry point (kind = native)  [0x000001b80efbd300, 0x000001b80efbdc80]  2432 bytes
R11=0x0000000621f567c0 is an oop: java.lang.Class 
{0x0000000621f567c0} - klass: 'java/lang/Class'
 - ---- fields (total size 14 words):
 - private volatile transient 'classRedefinedCount' 'I' @12  0
 - private volatile transient 'cachedConstructor' 'Ljava/lang/reflect/Constructor;' @40  NULL (0)
 - private transient 'name' 'Ljava/lang/String;' @44  "org.lwjgl.system.JNI"{0x0000000621f56840} (c43ead08)
 - private transient 'module' 'Ljava/lang/Module;' @48  a 'java/lang/Module'{0x00000006224f98a8} (c449f315)
 - private final 'classLoader' 'Ljava/lang/ClassLoader;' @52  a 'jdk/internal/loader/ClassLoaders$AppClassLoader'{0x00000006224f96e8} (c449f2dd)
 - private transient 'classData' 'Ljava/lang/Object;' @56  NULL (0)
 - private transient 'packageName' 'Ljava/lang/String;' @60  "org.lwjgl.system"{0x0000000622202a18} (c4440543)
 - private final 'componentType' 'Ljava/lang/Class;' @64  NULL (0)
 - private volatile transient 'reflectionData' 'Ljava/lang/ref/SoftReference;' @68  NULL (0)
 - private volatile transient 'genericInfo' 'Lsun/reflect/generics/repository/ClassRepository;' @72  NULL (0)
 - private volatile transient 'enumConstants' '[Ljava/lang/Object;' @76  NULL (0)
 - private volatile transient 'enumConstantDirectory' 'Ljava/util/Map;' @80  NULL (0)
 - private volatile transient 'annotationData' 'Ljava/lang/Class$AnnotationData;' @84  NULL (0)
 - private volatile transient 'annotationType' 'Lsun/reflect/annotation/AnnotationType;' @88  NULL (0)
 - transient 'classValueMap' 'Ljava/lang/ClassValue$ClassValueMap;' @92  NULL (0)
 - signature: Lorg/lwjgl/system/JNI;
 - fake entry for mirror: 'org/lwjgl/system/JNI'
 - fake entry for array: NULL
 - fake entry for oop_size: 14
 - fake entry for static_oop_field_count: 0
R12=0x0 is NULL
R13={method} {0x000001b86d4f6268} 'invokePV' '(JIIJ)V' in 'org/lwjgl/system/JNI'
R14=0x000000a2c44ff040 is pointing into the stack for thread: 0x000001b87e2a8470
R15=0x000001b87e2a8470 is a thread


Top of Stack: (sp=0x000000a2c44fef30)
0x000000a2c44fef30:   000001b86d44f17b 000001b8000000b9
0x000000a2c44fef40:   000001b87e2a8470 000001b80efb9520
0x000000a2c44fef50:   0000000000000340 000001b80efbd6e1
0x000000a2c44fef60:   000001b86d4f6260 00007ffe07c96ce7
0x000000a2c44fef70:   000001b86d7dc9f0 000000a2c44fefc0
0x000000a2c44fef80:   0000000000034003 00007ffe97953ee0
0x000000a2c44fef90:   000001b80efb9520 00007ffe07c8ffce
0x000000a2c44fefa0:   3ff0000000000000 000001b87e2a8470
0x000000a2c44fefb0:   000000a2c44fefb0 0000000000000000
0x000000a2c44fefc0:   000000a2c44ff040 000001b86d51f220
0x000000a2c44fefd0:   0000000000000000 0000000621f567c0
0x000000a2c44fefe0:   000001b86d4f6260 0000000000000000
0x000000a2c44feff0:   000000a2c44ff018 000000a2c44ff090
0x000000a2c44ff000:   000001b80efb9520 0000000621f567c0
0x000000a2c44ff010:   000001b80efbaff8 00007ffe97953ee0
0x000000a2c44ff020:   0000000000000000 0000000000034003
0x000000a2c44ff030:   0000000000033001 0000000000000005
0x000000a2c44ff040:   0000000000000000 000000a2c44ff048
0x000000a2c44ff050:   000001b86d52e2ad 000000a2c44ff0c8
0x000000a2c44ff060:   000001b86d535aa0 0000000000000000
0x000000a2c44ff070:   0000000621fa3f30 000001b86d52e2f8
0x000000a2c44ff080:   000000a2c44ff018 000000a2c44ff0b0
0x000000a2c44ff090:   000000a2c44ff118 000001b80efb9520
0x000000a2c44ff0a0:   00007ffe97953ee0 0000000000000000
0x000000a2c44ff0b0:   0000000000034003 0000000000033001
0x000000a2c44ff0c0:   0000000000000005 0000000000000000
0x000000a2c44ff0d0:   000000a2c44ff0d0 000001b86d402037
0x000000a2c44ff0e0:   000000a2c44ff1c0 000001b86d451218
0x000000a2c44ff0f0:   0000000000000000 000000062253c198
0x000000a2c44ff100:   000001b86d402458 000000a2c44ff0b0
0x000000a2c44ff110:   000000a2c44ff1c0 000000a2c44ff210
0x000000a2c44ff120:   000001b80efb99a6 0000000000000000 

Instructions: (pc=0x00007ffe97953f2f)
0x00007ffe97953e2f:   04 00 66 49 0f 7e f9 0f 28 d6 66 49 0f 7e f0 b9
0x00007ffe97953e3f:   04 00 01 00 e8 18 de ff ff 0f 28 74 24 30 0f 28
0x00007ffe97953e4f:   7c 24 20 48 83 c4 40 5b c3 cc cc cc cc cc cc cc
0x00007ffe97953e5f:   cc 48 83 ec 28 83 3d 85 3c 05 00 00 75 13 33 d2
0x00007ffe97953e6f:   b9 01 00 01 00 e8 e7 dd ff ff 33 c0 48 83 c4 28
0x00007ffe97953e7f:   c3 48 8b 81 10 03 00 00 48 89 91 10 03 00 00 48
0x00007ffe97953e8f:   83 c4 28 c3 cc cc cc cc cc cc cc cc cc cc cc cc
0x00007ffe97953e9f:   cc 48 83 ec 28 83 3d 45 3c 05 00 00 75 13 33 d2
0x00007ffe97953eaf:   b9 01 00 01 00 e8 a7 dd ff ff 33 c0 48 83 c4 28
0x00007ffe97953ebf:   c3 48 8b 81 40 03 00 00 48 89 91 40 03 00 00 48
0x00007ffe97953ecf:   83 c4 28 c3 cc cc cc cc cc cc cc cc cc cc cc cc
0x00007ffe97953edf:   cc 48 89 5c 24 08 57 48 83 ec 20 83 3d ff 3b 05
0x00007ffe97953eef:   00 00 41 8b f8 48 8b d9 75 16 33 d2 b9 01 00 01
0x00007ffe97953eff:   00 48 8b 5c 24 30 48 83 c4 20 5f e9 51 dd ff ff
0x00007ffe97953f0f:   81 fa 01 30 03 00 75 4b 41 8d 80 ff bf fc ff 83
0x00007ffe97953f1f:   f8 02 76 0c 48 8d 15 36 1d 04 00 e9 74 01 00 00
0x00007ffe97953f2f:   39 79 74 0f 84 75 01 00 00 4c 8d 81 e8 01 00 00
0x00007ffe97953f3f:   89 79 74 48 8d 91 e0 01 00 00 e8 e2 71 00 00 8b
0x00007ffe97953f4f:   d7 48 8b cb 48 8b 5c 24 30 48 83 c4 20 5f e9 3e
0x00007ffe97953f5f:   7a 00 00 81 fa 02 30 03 00 75 45 33 d2 85 ff 0f
0x00007ffe97953f6f:   95 c2 39 51 68 0f 84 33 01 00 00 85 ff 75 23 48
0x00007ffe97953f7f:   8d 81 80 00 00 00 b9 5d 01 00 00 66 0f 1f 44 00
0x00007ffe97953f8f:   00 80 38 03 75 03 c6 00 00 48 ff c0 48 83 e9 01
0x00007ffe97953f9f:   75 ef 89 53 68 48 8b 5c 24 30 48 83 c4 20 5f c3
0x00007ffe97953faf:   81 fa 03 30 03 00 75 72 33 d2 85 ff 0f 95 c2 39
0x00007ffe97953fbf:   51 6c 0f 84 e6 00 00 00 85 ff 75 50 80 79 78 03
0x00007ffe97953fcf:   75 04 40 88 79 78 80 79 79 03 75 04 c6 41 79 00
0x00007ffe97953fdf:   80 79 7a 03 75 04 c6 41 7a 00 80 79 7b 03 75 04
0x00007ffe97953fef:   c6 41 7b 00 80 79 7c 03 75 04 c6 41 7c 00 80 79
0x00007ffe97953fff:   7d 03 75 04 c6 41 7d 00 80 79 7e 03 75 04 c6 41
0x00007ffe9795400f:   7e 00 80 79 7f 03 75 04 c6 41 7f 00 89 51 6c 48
0x00007ffe9795401f:   8b 5c 24 30 48 83 c4 20 5f c3 81 fa 04 30 03 00 


Stack slot to memory mapping:
stack at sp + 0 slots: 0x000001b86d44f17b is pointing into metadata
stack at sp + 1 slots: 0x000001b8000000b9 points into unknown readable memory: 00 00 00 00 00 00 00
stack at sp + 2 slots: 0x000001b87e2a8470 is a thread
stack at sp + 3 slots: 0x000001b80efb9520 is at code_begin+1152 in an Interpreter codelet
return entry points  [0x000001b80efb90a0, 0x000001b80efb9c00]  2912 bytes
stack at sp + 4 slots: 0x0000000000000340 is an unknown value
stack at sp + 5 slots: 0x000001b80efbd6e1 is at code_begin+993 in an Interpreter codelet
method entry point (kind = native)  [0x000001b80efbd300, 0x000001b80efbdc80]  2432 bytes
stack at sp + 6 slots: {method} {0x000001b86d4f6268} 'invokePV' '(JIIJ)V' in 'org/lwjgl/system/JNI'
stack at sp + 7 slots: 0x00007ffe07c96ce7 jvm.dll


---------------  P R O C E S S  ---------------

Threads class SMR info:
_java_thread_list=0x000001b871986790, length=14, elements={
0x000001b87e2a8470, 0x000001b87fa5f490, 0x000001b87fa62060, 0x000001b87fa72ba0,
0x000001b87fa73560, 0x000001b87fa73f20, 0x000001b87fa748e0, 0x000001b87fa80080,
0x000001b87fa8b560, 0x000001b86c09afe0, 0x000001b86c1c7160, 0x000001b86c1d7710,
0x000001b87fa89ad0, 0x000001b87fa8c000
}

Java Threads: ( => current thread )
=>0x000001b87e2a8470 JavaThread "main" [_thread_in_native, id=8896, stack(0x000000a2c4400000,0x000000a2c4500000)]
  0x000001b87fa5f490 JavaThread "Reference Handler" daemon [_thread_blocked, id=3620, stack(0x000000a2c4b00000,0x000000a2c4c00000)]
  0x000001b87fa62060 JavaThread "Finalizer" daemon [_thread_blocked, id=8596, stack(0x000000a2c4c00000,0x000000a2c4d00000)]
  0x000001b87fa72ba0 JavaThread "Signal Dispatcher" daemon [_thread_blocked, id=5600, stack(0x000000a2c4d00000,0x000000a2c4e00000)]
  0x000001b87fa73560 JavaThread "Attach Listener" daemon [_thread_blocked, id=15432, stack(0x000000a2c4e00000,0x000000a2c4f00000)]
  0x000001b87fa73f20 JavaThread "Service Thread" daemon [_thread_blocked, id=740, stack(0x000000a2c4f00000,0x000000a2c5000000)]
  0x000001b87fa748e0 JavaThread "Monitor Deflation Thread" daemon [_thread_blocked, id=5480, stack(0x000000a2c5000000,0x000000a2c5100000)]
  0x000001b87fa80080 JavaThread "C2 CompilerThread0" daemon [_thread_blocked, id=14484, stack(0x000000a2c5100000,0x000000a2c5200000)]
  0x000001b87fa8b560 JavaThread "C1 CompilerThread0" daemon [_thread_blocked, id=5440, stack(0x000000a2c5200000,0x000000a2c5300000)]
  0x000001b86c09afe0 JavaThread "Sweeper thread" daemon [_thread_blocked, id=14760, stack(0x000000a2c5300000,0x000000a2c5400000)]
  0x000001b86c1c7160 JavaThread "Notification Thread" daemon [_thread_blocked, id=9340, stack(0x000000a2c5400000,0x000000a2c5500000)]
  0x000001b86c1d7710 JavaThread "Common-Cleaner" daemon [_thread_blocked, id=1492, stack(0x000000a2c5600000,0x000000a2c5700000)]
  0x000001b87fa89ad0 JavaThread "C2 CompilerThread1" daemon [_thread_in_native, id=12692, stack(0x000000a2c5e00000,0x000000a2c5f00000)]
  0x000001b87fa8c000 JavaThread "C2 CompilerThread2" daemon [_thread_blocked, id=15304, stack(0x000000a2c5f00000,0x000000a2c6000000)]

Other Threads:
  0x000001b87fa5bf60 VMThread "VM Thread" [stack: 0x000000a2c4a00000,0x000000a2c4b00000] [id=9392]
  0x000001b86c1cd660 WatcherThread [stack: 0x000000a2c5500000,0x000000a2c5600000] [id=13200]
  0x000001b87f8d0c10 GCTaskThread "GC Thread#0" [stack: 0x000000a2c4500000,0x000000a2c4600000] [id=10196]
  0x000001b87e327dc0 ConcurrentGCThread "G1 Main Marker" [stack: 0x000000a2c4600000,0x000000a2c4700000] [id=17016]
  0x000001b87e32a9a0 ConcurrentGCThread "G1 Conc#0" [stack: 0x000000a2c4700000,0x000000a2c4800000] [id=5672]
  0x000001b87f992650 ConcurrentGCThread "G1 Refine#0" [stack: 0x000000a2c4800000,0x000000a2c4900000] [id=10912]
  0x000001b87f992f20 ConcurrentGCThread "G1 Service" [stack: 0x000000a2c4900000,0x000000a2c4a00000] [id=13552]

Threads with active compile tasks:
C2 CompilerThread1     1068  786   !   4       jdk.internal.loader.URLClassPath$JarLoader::getResource (354 bytes)

VM state: not at safepoint (normal execution)

VM Mutex/Monitor currently owned by a thread: None

Heap address: 0x0000000602800000, size: 8152 MB, Compressed Oops mode: Zero based, Oop shift amount: 3

CDS archive(s) mapped at: [0x000001b82b000000-0x000001b82bbb0000-0x000001b82bbb0000), size 12255232, SharedBaseAddress: 0x000001b82b000000, ArchiveRelocationMode: 1.
Compressed class space mapped at: 0x000001b82c000000-0x000001b86c000000, reserved size: 1073741824
Narrow klass base: 0x000001b82b000000, Narrow klass shift: 0, Narrow klass range: 0x100000000

GC Precious Log:
 CPUs: 12 total, 12 available
 Memory: 32599M
 Large Page Support: Disabled
 NUMA Support: Disabled
 Compressed Oops: Enabled (Zero based)
 Heap Region Size: 4M
 Heap Min Capacity: 8M
 Heap Initial Capacity: 512M
 Heap Max Capacity: 8152M
 Pre-touch: Disabled
 Parallel Workers: 10
 Concurrent Workers: 3
 Concurrent Refinement Workers: 10
 Periodic GC: Disabled

Heap:
 garbage-first heap   total 524288K, used 16384K [0x0000000602800000, 0x0000000800000000)
  region size 4096K, 6 young (24576K), 0 survivors (0K)
 Metaspace       used 5524K, committed 5696K, reserved 1114112K
  class space    used 275K, committed 384K, reserved 1048576K

Heap Regions: E=young(eden), S=young(survivor), O=old, HS=humongous(starts), HC=humongous(continues), CS=collection set, F=free, OA=open archive, CA=closed archive, TAMS=top-at-mark-start (previous, next)
|   0|0x0000000602800000, 0x0000000602800000, 0x0000000602c00000|  0%| F|  |TAMS 0x0000000602800000, 0x0000000602800000| Untracked 
|   1|0x0000000602c00000, 0x0000000602c00000, 0x0000000603000000|  0%| F|  |TAMS 0x0000000602c00000, 0x0000000602c00000| Untracked 
|   2|0x0000000603000000, 0x0000000603000000, 0x0000000603400000|  0%| F|  |TAMS 0x0000000603000000, 0x0000000603000000| Untracked 
|   3|0x0000000603400000, 0x0000000603400000, 0x0000000603800000|  0%| F|  |TAMS 0x0000000603400000, 0x0000000603400000| Untracked 
|   4|0x0000000603800000, 0x0000000603800000, 0x0000000603c00000|  0%| F|  |TAMS 0x0000000603800000, 0x0000000603800000| Untracked 
|   5|0x0000000603c00000, 0x0000000603c00000, 0x0000000604000000|  0%| F|  |TAMS 0x0000000603c00000, 0x0000000603c00000| Untracked 
|   6|0x0000000604000000, 0x0000000604000000, 0x0000000604400000|  0%| F|  |TAMS 0x0000000604000000, 0x0000000604000000| Untracked 
|   7|0x0000000604400000, 0x0000000604400000, 0x0000000604800000|  0%| F|  |TAMS 0x0000000604400000, 0x0000000604400000| Untracked 
|   8|0x0000000604800000, 0x0000000604800000, 0x0000000604c00000|  0%| F|  |TAMS 0x0000000604800000, 0x0000000604800000| Untracked 
|   9|0x0000000604c00000, 0x0000000604c00000, 0x0000000605000000|  0%| F|  |TAMS 0x0000000604c00000, 0x0000000604c00000| Untracked 
|  10|0x0000000605000000, 0x0000000605000000, 0x0000000605400000|  0%| F|  |TAMS 0x0000000605000000, 0x0000000605000000| Untracked 
|  11|0x0000000605400000, 0x0000000605400000, 0x0000000605800000|  0%| F|  |TAMS 0x0000000605400000, 0x0000000605400000| Untracked 
|  12|0x0000000605800000, 0x0000000605800000, 0x0000000605c00000|  0%| F|  |TAMS 0x0000000605800000, 0x0000000605800000| Untracked 
|  13|0x0000000605c00000, 0x0000000605c00000, 0x0000000606000000|  0%| F|  |TAMS 0x0000000605c00000, 0x0000000605c00000| Untracked 
|  14|0x0000000606000000, 0x0000000606000000, 0x0000000606400000|  0%| F|  |TAMS 0x0000000606000000, 0x0000000606000000| Untracked 
|  15|0x0000000606400000, 0x0000000606400000, 0x0000000606800000|  0%| F|  |TAMS 0x0000000606400000, 0x0000000606400000| Untracked 
|  16|0x0000000606800000, 0x0000000606800000, 0x0000000606c00000|  0%| F|  |TAMS 0x0000000606800000, 0x0000000606800000| Untracked 
|  17|0x0000000606c00000, 0x0000000606c00000, 0x0000000607000000|  0%| F|  |TAMS 0x0000000606c00000, 0x0000000606c00000| Untracked 
|  18|0x0000000607000000, 0x0000000607000000, 0x0000000607400000|  0%| F|  |TAMS 0x0000000607000000, 0x0000000607000000| Untracked 
|  19|0x0000000607400000, 0x0000000607400000, 0x0000000607800000|  0%| F|  |TAMS 0x0000000607400000, 0x0000000607400000| Untracked 
|  20|0x0000000607800000, 0x0000000607800000, 0x0000000607c00000|  0%| F|  |TAMS 0x0000000607800000, 0x0000000607800000| Untracked 
|  21|0x0000000607c00000, 0x0000000607c00000, 0x0000000608000000|  0%| F|  |TAMS 0x0000000607c00000, 0x0000000607c00000| Untracked 
|  22|0x0000000608000000, 0x0000000608000000, 0x0000000608400000|  0%| F|  |TAMS 0x0000000608000000, 0x0000000608000000| Untracked 
|  23|0x0000000608400000, 0x0000000608400000, 0x0000000608800000|  0%| F|  |TAMS 0x0000000608400000, 0x0000000608400000| Untracked 
|  24|0x0000000608800000, 0x0000000608800000, 0x0000000608c00000|  0%| F|  |TAMS 0x0000000608800000, 0x0000000608800000| Untracked 
|  25|0x0000000608c00000, 0x0000000608c00000, 0x0000000609000000|  0%| F|  |TAMS 0x0000000608c00000, 0x0000000608c00000| Untracked 
|  26|0x0000000609000000, 0x0000000609000000, 0x0000000609400000|  0%| F|  |TAMS 0x0000000609000000, 0x0000000609000000| Untracked 
|  27|0x0000000609400000, 0x0000000609400000, 0x0000000609800000|  0%| F|  |TAMS 0x0000000609400000, 0x0000000609400000| Untracked 
|  28|0x0000000609800000, 0x0000000609800000, 0x0000000609c00000|  0%| F|  |TAMS 0x0000000609800000, 0x0000000609800000| Untracked 
|  29|0x0000000609c00000, 0x0000000609c00000, 0x000000060a000000|  0%| F|  |TAMS 0x0000000609c00000, 0x0000000609c00000| Untracked 
|  30|0x000000060a000000, 0x000000060a000000, 0x000000060a400000|  0%| F|  |TAMS 0x000000060a000000, 0x000000060a000000| Untracked 
|  31|0x000000060a400000, 0x000000060a400000, 0x000000060a800000|  0%| F|  |TAMS 0x000000060a400000, 0x000000060a400000| Untracked 
|  32|0x000000060a800000, 0x000000060a800000, 0x000000060ac00000|  0%| F|  |TAMS 0x000000060a800000, 0x000000060a800000| Untracked 
|  33|0x000000060ac00000, 0x000000060ac00000, 0x000000060b000000|  0%| F|  |TAMS 0x000000060ac00000, 0x000000060ac00000| Untracked 
|  34|0x000000060b000000, 0x000000060b000000, 0x000000060b400000|  0%| F|  |TAMS 0x000000060b000000, 0x000000060b000000| Untracked 
|  35|0x000000060b400000, 0x000000060b400000, 0x000000060b800000|  0%| F|  |TAMS 0x000000060b400000, 0x000000060b400000| Untracked 
|  36|0x000000060b800000, 0x000000060b800000, 0x000000060bc00000|  0%| F|  |TAMS 0x000000060b800000, 0x000000060b800000| Untracked 
|  37|0x000000060bc00000, 0x000000060bc00000, 0x000000060c000000|  0%| F|  |TAMS 0x000000060bc00000, 0x000000060bc00000| Untracked 
|  38|0x000000060c000000, 0x000000060c000000, 0x000000060c400000|  0%| F|  |TAMS 0x000000060c000000, 0x000000060c000000| Untracked 
|  39|0x000000060c400000, 0x000000060c400000, 0x000000060c800000|  0%| F|  |TAMS 0x000000060c400000, 0x000000060c400000| Untracked 
|  40|0x000000060c800000, 0x000000060c800000, 0x000000060cc00000|  0%| F|  |TAMS 0x000000060c800000, 0x000000060c800000| Untracked 
|  41|0x000000060cc00000, 0x000000060cc00000, 0x000000060d000000|  0%| F|  |TAMS 0x000000060cc00000, 0x000000060cc00000| Untracked 
|  42|0x000000060d000000, 0x000000060d000000, 0x000000060d400000|  0%| F|  |TAMS 0x000000060d000000, 0x000000060d000000| Untracked 
|  43|0x000000060d400000, 0x000000060d400000, 0x000000060d800000|  0%| F|  |TAMS 0x000000060d400000, 0x000000060d400000| Untracked 
|  44|0x000000060d800000, 0x000000060d800000, 0x000000060dc00000|  0%| F|  |TAMS 0x000000060d800000, 0x000000060d800000| Untracked 
|  45|0x000000060dc00000, 0x000000060dc00000, 0x000000060e000000|  0%| F|  |TAMS 0x000000060dc00000, 0x000000060dc00000| Untracked 
|  46|0x000000060e000000, 0x000000060e000000, 0x000000060e400000|  0%| F|  |TAMS 0x000000060e000000, 0x000000060e000000| Untracked 
|  47|0x000000060e400000, 0x000000060e400000, 0x000000060e800000|  0%| F|  |TAMS 0x000000060e400000, 0x000000060e400000| Untracked 
|  48|0x000000060e800000, 0x000000060e800000, 0x000000060ec00000|  0%| F|  |TAMS 0x000000060e800000, 0x000000060e800000| Untracked 
|  49|0x000000060ec00000, 0x000000060ec00000, 0x000000060f000000|  0%| F|  |TAMS 0x000000060ec00000, 0x000000060ec00000| Untracked 
|  50|0x000000060f000000, 0x000000060f000000, 0x000000060f400000|  0%| F|  |TAMS 0x000000060f000000, 0x000000060f000000| Untracked 
|  51|0x000000060f400000, 0x000000060f400000, 0x000000060f800000|  0%| F|  |TAMS 0x000000060f400000, 0x000000060f400000| Untracked 
|  52|0x000000060f800000, 0x000000060f800000, 0x000000060fc00000|  0%| F|  |TAMS 0x000000060f800000, 0x000000060f800000| Untracked 
|  53|0x000000060fc00000, 0x000000060fc00000, 0x0000000610000000|  0%| F|  |TAMS 0x000000060fc00000, 0x000000060fc00000| Untracked 
|  54|0x0000000610000000, 0x0000000610000000, 0x0000000610400000|  0%| F|  |TAMS 0x0000000610000000, 0x0000000610000000| Untracked 
|  55|0x0000000610400000, 0x0000000610400000, 0x0000000610800000|  0%| F|  |TAMS 0x0000000610400000, 0x0000000610400000| Untracked 
|  56|0x0000000610800000, 0x0000000610800000, 0x0000000610c00000|  0%| F|  |TAMS 0x0000000610800000, 0x0000000610800000| Untracked 
|  57|0x0000000610c00000, 0x0000000610c00000, 0x0000000611000000|  0%| F|  |TAMS 0x0000000610c00000, 0x0000000610c00000| Untracked 
|  58|0x0000000611000000, 0x0000000611000000, 0x0000000611400000|  0%| F|  |TAMS 0x0000000611000000, 0x0000000611000000| Untracked 
|  59|0x0000000611400000, 0x0000000611400000, 0x0000000611800000|  0%| F|  |TAMS 0x0000000611400000, 0x0000000611400000| Untracked 
|  60|0x0000000611800000, 0x0000000611800000, 0x0000000611c00000|  0%| F|  |TAMS 0x0000000611800000, 0x0000000611800000| Untracked 
|  61|0x0000000611c00000, 0x0000000611c00000, 0x0000000612000000|  0%| F|  |TAMS 0x0000000611c00000, 0x0000000611c00000| Untracked 
|  62|0x0000000612000000, 0x0000000612000000, 0x0000000612400000|  0%| F|  |TAMS 0x0000000612000000, 0x0000000612000000| Untracked 
|  63|0x0000000612400000, 0x0000000612400000, 0x0000000612800000|  0%| F|  |TAMS 0x0000000612400000, 0x0000000612400000| Untracked 
|  64|0x0000000612800000, 0x0000000612800000, 0x0000000612c00000|  0%| F|  |TAMS 0x0000000612800000, 0x0000000612800000| Untracked 
|  65|0x0000000612c00000, 0x0000000612c00000, 0x0000000613000000|  0%| F|  |TAMS 0x0000000612c00000, 0x0000000612c00000| Untracked 
|  66|0x0000000613000000, 0x0000000613000000, 0x0000000613400000|  0%| F|  |TAMS 0x0000000613000000, 0x0000000613000000| Untracked 
|  67|0x0000000613400000, 0x0000000613400000, 0x0000000613800000|  0%| F|  |TAMS 0x0000000613400000, 0x0000000613400000| Untracked 
|  68|0x0000000613800000, 0x0000000613800000, 0x0000000613c00000|  0%| F|  |TAMS 0x0000000613800000, 0x0000000613800000| Untracked 
|  69|0x0000000613c00000, 0x0000000613c00000, 0x0000000614000000|  0%| F|  |TAMS 0x0000000613c00000, 0x0000000613c00000| Untracked 
|  70|0x0000000614000000, 0x0000000614000000, 0x0000000614400000|  0%| F|  |TAMS 0x0000000614000000, 0x0000000614000000| Untracked 
|  71|0x0000000614400000, 0x0000000614400000, 0x0000000614800000|  0%| F|  |TAMS 0x0000000614400000, 0x0000000614400000| Untracked 
|  72|0x0000000614800000, 0x0000000614800000, 0x0000000614c00000|  0%| F|  |TAMS 0x0000000614800000, 0x0000000614800000| Untracked 
|  73|0x0000000614c00000, 0x0000000614c00000, 0x0000000615000000|  0%| F|  |TAMS 0x0000000614c00000, 0x0000000614c00000| Untracked 
|  74|0x0000000615000000, 0x0000000615000000, 0x0000000615400000|  0%| F|  |TAMS 0x0000000615000000, 0x0000000615000000| Untracked 
|  75|0x0000000615400000, 0x0000000615400000, 0x0000000615800000|  0%| F|  |TAMS 0x0000000615400000, 0x0000000615400000| Untracked 
|  76|0x0000000615800000, 0x0000000615800000, 0x0000000615c00000|  0%| F|  |TAMS 0x0000000615800000, 0x0000000615800000| Untracked 
|  77|0x0000000615c00000, 0x0000000615c00000, 0x0000000616000000|  0%| F|  |TAMS 0x0000000615c00000, 0x0000000615c00000| Untracked 
|  78|0x0000000616000000, 0x0000000616000000, 0x0000000616400000|  0%| F|  |TAMS 0x0000000616000000, 0x0000000616000000| Untracked 
|  79|0x0000000616400000, 0x0000000616400000, 0x0000000616800000|  0%| F|  |TAMS 0x0000000616400000, 0x0000000616400000| Untracked 
|  80|0x0000000616800000, 0x0000000616800000, 0x0000000616c00000|  0%| F|  |TAMS 0x0000000616800000, 0x0000000616800000| Untracked 
|  81|0x0000000616c00000, 0x0000000616c00000, 0x0000000617000000|  0%| F|  |TAMS 0x0000000616c00000, 0x0000000616c00000| Untracked 
|  82|0x0000000617000000, 0x0000000617000000, 0x0000000617400000|  0%| F|  |TAMS 0x0000000617000000, 0x0000000617000000| Untracked 
|  83|0x0000000617400000, 0x0000000617400000, 0x0000000617800000|  0%| F|  |TAMS 0x0000000617400000, 0x0000000617400000| Untracked 
|  84|0x0000000617800000, 0x0000000617800000, 0x0000000617c00000|  0%| F|  |TAMS 0x0000000617800000, 0x0000000617800000| Untracked 
|  85|0x0000000617c00000, 0x0000000617c00000, 0x0000000618000000|  0%| F|  |TAMS 0x0000000617c00000, 0x0000000617c00000| Untracked 
|  86|0x0000000618000000, 0x0000000618000000, 0x0000000618400000|  0%| F|  |TAMS 0x0000000618000000, 0x0000000618000000| Untracked 
|  87|0x0000000618400000, 0x0000000618400000, 0x0000000618800000|  0%| F|  |TAMS 0x0000000618400000, 0x0000000618400000| Untracked 
|  88|0x0000000618800000, 0x0000000618800000, 0x0000000618c00000|  0%| F|  |TAMS 0x0000000618800000, 0x0000000618800000| Untracked 
|  89|0x0000000618c00000, 0x0000000618c00000, 0x0000000619000000|  0%| F|  |TAMS 0x0000000618c00000, 0x0000000618c00000| Untracked 
|  90|0x0000000619000000, 0x0000000619000000, 0x0000000619400000|  0%| F|  |TAMS 0x0000000619000000, 0x0000000619000000| Untracked 
|  91|0x0000000619400000, 0x0000000619400000, 0x0000000619800000|  0%| F|  |TAMS 0x0000000619400000, 0x0000000619400000| Untracked 
|  92|0x0000000619800000, 0x0000000619800000, 0x0000000619c00000|  0%| F|  |TAMS 0x0000000619800000, 0x0000000619800000| Untracked 
|  93|0x0000000619c00000, 0x0000000619c00000, 0x000000061a000000|  0%| F|  |TAMS 0x0000000619c00000, 0x0000000619c00000| Untracked 
|  94|0x000000061a000000, 0x000000061a000000, 0x000000061a400000|  0%| F|  |TAMS 0x000000061a000000, 0x000000061a000000| Untracked 
|  95|0x000000061a400000, 0x000000061a400000, 0x000000061a800000|  0%| F|  |TAMS 0x000000061a400000, 0x000000061a400000| Untracked 
|  96|0x000000061a800000, 0x000000061a800000, 0x000000061ac00000|  0%| F|  |TAMS 0x000000061a800000, 0x000000061a800000| Untracked 
|  97|0x000000061ac00000, 0x000000061ac00000, 0x000000061b000000|  0%| F|  |TAMS 0x000000061ac00000, 0x000000061ac00000| Untracked 
|  98|0x000000061b000000, 0x000000061b000000, 0x000000061b400000|  0%| F|  |TAMS 0x000000061b000000, 0x000000061b000000| Untracked 
|  99|0x000000061b400000, 0x000000061b400000, 0x000000061b800000|  0%| F|  |TAMS 0x000000061b400000, 0x000000061b400000| Untracked 
| 100|0x000000061b800000, 0x000000061b800000, 0x000000061bc00000|  0%| F|  |TAMS 0x000000061b800000, 0x000000061b800000| Untracked 
| 101|0x000000061bc00000, 0x000000061bc00000, 0x000000061c000000|  0%| F|  |TAMS 0x000000061bc00000, 0x000000061bc00000| Untracked 
| 102|0x000000061c000000, 0x000000061c000000, 0x000000061c400000|  0%| F|  |TAMS 0x000000061c000000, 0x000000061c000000| Untracked 
| 103|0x000000061c400000, 0x000000061c400000, 0x000000061c800000|  0%| F|  |TAMS 0x000000061c400000, 0x000000061c400000| Untracked 
| 104|0x000000061c800000, 0x000000061c800000, 0x000000061cc00000|  0%| F|  |TAMS 0x000000061c800000, 0x000000061c800000| Untracked 
| 105|0x000000061cc00000, 0x000000061cc00000, 0x000000061d000000|  0%| F|  |TAMS 0x000000061cc00000, 0x000000061cc00000| Untracked 
| 106|0x000000061d000000, 0x000000061d000000, 0x000000061d400000|  0%| F|  |TAMS 0x000000061d000000, 0x000000061d000000| Untracked 
| 107|0x000000061d400000, 0x000000061d400000, 0x000000061d800000|  0%| F|  |TAMS 0x000000061d400000, 0x000000061d400000| Untracked 
| 108|0x000000061d800000, 0x000000061d800000, 0x000000061dc00000|  0%| F|  |TAMS 0x000000061d800000, 0x000000061d800000| Untracked 
| 109|0x000000061dc00000, 0x000000061dc00000, 0x000000061e000000|  0%| F|  |TAMS 0x000000061dc00000, 0x000000061dc00000| Untracked 
| 110|0x000000061e000000, 0x000000061e000000, 0x000000061e400000|  0%| F|  |TAMS 0x000000061e000000, 0x000000061e000000| Untracked 
| 111|0x000000061e400000, 0x000000061e400000, 0x000000061e800000|  0%| F|  |TAMS 0x000000061e400000, 0x000000061e400000| Untracked 
| 112|0x000000061e800000, 0x000000061e800000, 0x000000061ec00000|  0%| F|  |TAMS 0x000000061e800000, 0x000000061e800000| Untracked 
| 113|0x000000061ec00000, 0x000000061ec00000, 0x000000061f000000|  0%| F|  |TAMS 0x000000061ec00000, 0x000000061ec00000| Untracked 
| 114|0x000000061f000000, 0x000000061f000000, 0x000000061f400000|  0%| F|  |TAMS 0x000000061f000000, 0x000000061f000000| Untracked 
| 115|0x000000061f400000, 0x000000061f400000, 0x000000061f800000|  0%| F|  |TAMS 0x000000061f400000, 0x000000061f400000| Untracked 
| 116|0x000000061f800000, 0x000000061f800000, 0x000000061fc00000|  0%| F|  |TAMS 0x000000061f800000, 0x000000061f800000| Untracked 
| 117|0x000000061fc00000, 0x000000061fc00000, 0x0000000620000000|  0%| F|  |TAMS 0x000000061fc00000, 0x000000061fc00000| Untracked 
| 118|0x0000000620000000, 0x0000000620000000, 0x0000000620400000|  0%| F|  |TAMS 0x0000000620000000, 0x0000000620000000| Untracked 
| 119|0x0000000620400000, 0x0000000620400000, 0x0000000620800000|  0%| F|  |TAMS 0x0000000620400000, 0x0000000620400000| Untracked 
| 120|0x0000000620800000, 0x0000000620800000, 0x0000000620c00000|  0%| F|  |TAMS 0x0000000620800000, 0x0000000620800000| Untracked 
| 121|0x0000000620c00000, 0x0000000620c00000, 0x0000000621000000|  0%| F|  |TAMS 0x0000000620c00000, 0x0000000620c00000| Untracked 
| 122|0x0000000621000000, 0x00000006211ef618, 0x0000000621400000| 48%| E|  |TAMS 0x0000000621000000, 0x0000000621000000| Complete 
| 123|0x0000000621400000, 0x0000000621800000, 0x0000000621800000|100%| E|CS|TAMS 0x0000000621400000, 0x0000000621400000| Complete 
| 124|0x0000000621800000, 0x0000000621c00000, 0x0000000621c00000|100%| E|  |TAMS 0x0000000621800000, 0x0000000621800000| Complete 
| 125|0x0000000621c00000, 0x0000000622000000, 0x0000000622000000|100%| E|CS|TAMS 0x0000000621c00000, 0x0000000621c00000| Complete 
| 126|0x0000000622000000, 0x0000000622400000, 0x0000000622400000|100%| E|CS|TAMS 0x0000000622000000, 0x0000000622000000| Complete 
| 127|0x0000000622400000, 0x0000000622800000, 0x0000000622800000|100%| E|CS|TAMS 0x0000000622400000, 0x0000000622400000| Complete 

Card table byte_map: [0x000001b816a80000,0x000001b817a70000] _byte_map_base: 0x000001b813a6c000

Marking Bits (Prev, Next): (CMBitMap*) 0x000001b87e317470, (CMBitMap*) 0x000001b87e3174b0
 Prev Bits: [0x000001b818a60000, 0x000001b8209c0000)
 Next Bits: [0x000001b8209c0000, 0x000001b828920000)

Polling page: 0x000001b87c280000

Metaspace:

Usage:
  Non-class:      5.13 MB used.
      Class:    275.41 KB used.
       Both:      5.39 MB used.

Virtual space:
  Non-class space:       64.00 MB reserved,       5.19 MB (  8%) committed,  1 nodes.
      Class space:        1.00 GB reserved,     384.00 KB ( <1%) committed,  1 nodes.
             Both:        1.06 GB reserved,       5.56 MB ( <1%) committed. 

Chunk freelists:
   Non-Class:  8.12 MB
       Class:  15.55 MB
        Both:  23.67 MB

MaxMetaspaceSize: unlimited
CompressedClassSpaceSize: 1.00 GB
Initial GC threshold: 21.00 MB
Current GC threshold: 21.00 MB
CDS: on
MetaspaceReclaimPolicy: balanced
 - commit_granule_bytes: 65536.
 - commit_granule_words: 8192.
 - virtual_space_node_default_size: 8388608.
 - enlarge_chunks_in_place: 1.
 - new_chunks_are_fully_committed: 0.
 - uncommit_free_chunks: 1.
 - use_allocation_guard: 0.
 - handle_deallocations: 1.


Internal statistics:

num_allocs_failed_limit: 0.
num_arena_births: 48.
num_arena_deaths: 0.
num_vsnodes_births: 2.
num_vsnodes_deaths: 0.
num_space_committed: 87.
num_space_uncommitted: 0.
num_chunks_returned_to_freelist: 0.
num_chunks_taken_from_freelist: 204.
num_chunk_merges: 0.
num_chunk_splits: 152.
num_chunks_enlarged: 124.
num_inconsistent_stats: 0.

CodeHeap 'non-profiled nmethods': size=120000Kb used=347Kb max_used=347Kb free=119653Kb
 bounds [0x000001b80f550000, 0x000001b80f7c0000, 0x000001b816a80000]
CodeHeap 'profiled nmethods': size=120000Kb used=1518Kb max_used=1518Kb free=118481Kb
 bounds [0x000001b807a80000, 0x000001b807cf0000, 0x000001b80efb0000]
CodeHeap 'non-nmethods': size=5760Kb used=1599Kb max_used=1613Kb free=4160Kb
 bounds [0x000001b80efb0000, 0x000001b80f220000, 0x000001b80f550000]
 total_blobs=1869 nmethods=841 adapters=941
 compilation: enabled
              stopped_count=0, restarted_count=0
 full_count=0

Compilation events (20 events):
Event: 1.024 Thread 0x000001b87fa8b560  831       3       java.lang.reflect.Field::getLong (29 bytes)
Event: 1.024 Thread 0x000001b87fa8b560 nmethod 831 0x000001b807bf7390 code [0x000001b807bf7560, 0x000001b807bf7918]
Event: 1.024 Thread 0x000001b87fa8b560  828       3       jdk.internal.reflect.UnsafeFieldAccessorImpl::<init> (56 bytes)
Event: 1.025 Thread 0x000001b87fa8b560 nmethod 828 0x000001b807bf7a90 code [0x000001b807bf7cc0, 0x000001b807bf8498]
Event: 1.025 Thread 0x000001b87fa8b560  829       3       jdk.internal.reflect.FieldAccessorImpl::<init> (5 bytes)
Event: 1.025 Thread 0x000001b87fa8b560 nmethod 829 0x000001b807bf8710 code [0x000001b807bf88c0, 0x000001b807bf8a78]
Event: 1.025 Thread 0x000001b87fa8b560  832       3       jdk.internal.reflect.UnsafeQualifiedLongFieldAccessorImpl::<init> (7 bytes)
Event: 1.025 Thread 0x000001b87fa8b560 nmethod 832 0x000001b807bf8b90 code [0x000001b807bf8d40, 0x000001b807bf8f08]
Event: 1.025 Thread 0x000001b87fa8b560  833       3       jdk.internal.reflect.UnsafeQualifiedFieldAccessorImpl::<init> (11 bytes)
Event: 1.025 Thread 0x000001b87fa8b560 nmethod 833 0x000001b807bf9010 code [0x000001b807bf91a0, 0x000001b807bf9308]
Event: 1.025 Thread 0x000001b87fa8b560  834       3       jdk.internal.reflect.UnsafeQualifiedLongFieldAccessorImpl::getLong (17 bytes)
Event: 1.025 Thread 0x000001b87fa8b560 nmethod 834 0x000001b807bf9390 code [0x000001b807bf9580, 0x000001b807bf9b88]
Event: 1.025 Thread 0x000001b87fa8b560  835       3       jdk.internal.reflect.UnsafeFieldAccessorImpl::ensureObj (23 bytes)
Event: 1.025 Thread 0x000001b87fa8b560 nmethod 835 0x000001b807bf9d90 code [0x000001b807bf9f80, 0x000001b807bfa488]
Event: 1.025 Thread 0x000001b87fa8b560  836       3       org.lwjgl.PointerBuffer::put (24 bytes)
Event: 1.025 Thread 0x000001b87fa8b560 nmethod 836 0x000001b807bfa690 code [0x000001b807bfa860, 0x000001b807bfac78]
Event: 1.025 Thread 0x000001b87fa8b560  837       3       org.lwjgl.system.Checks::check (17 bytes)
Event: 1.026 Thread 0x000001b87fa8b560 nmethod 837 0x000001b807bfae90 code [0x000001b807bfb060, 0x000001b807bfb3a8]
Event: 1.026 Thread 0x000001b87fa8b560  838       3       org.lwjgl.system.CheckIntrinsics::checkIndex (6 bytes)
Event: 1.026 Thread 0x000001b87fa8b560 nmethod 838 0x000001b807bfb510 code [0x000001b807bfb6c0, 0x000001b807bfb928]

GC Heap History (0 events):
No events

Dll operation events (9 events):
Event: 0.005 Loaded shared library C:\Users\osama\.jdks\corretto-17.0.14\bin\java.dll
Event: 0.017 Loaded shared library C:\Users\osama\.jdks\corretto-17.0.14\bin\jsvml.dll
Event: 0.060 Loaded shared library C:\Users\osama\.jdks\corretto-17.0.14\bin\net.dll
Event: 0.061 Loaded shared library C:\Users\osama\.jdks\corretto-17.0.14\bin\nio.dll
Event: 0.063 Loaded shared library C:\Users\osama\.jdks\corretto-17.0.14\bin\zip.dll
Event: 0.069 Loaded shared library C:\Users\osama\.jdks\corretto-17.0.14\bin\verify.dll
Event: 0.173 Loaded shared library C:\Users\osama\.jdks\corretto-17.0.14\bin\jimage.dll
Event: 0.195 Loaded shared library C:\Users\osama\AppData\Local\Temp\lwjglosama\3.2.3-build-13\lwjgl.dll
Event: 0.860 Loaded shared library C:\Users\osama\AppData\Local\Temp\lwjglosama\3.2.3-build-13\lwjgl_opengl.dll

Deoptimization events (20 events):
Event: 0.211 Thread 0x000001b87e2a8470 DEOPT PACKING pc=0x000001b807b302bb sp=0x000000a2c44f9480
Event: 0.211 Thread 0x000001b87e2a8470 DEOPT UNPACKING pc=0x000001b80f007143 sp=0x000000a2c44f88d0 mode 0
Event: 0.214 Thread 0x000001b87e2a8470 Uncommon trap: trap_request=0xffffffde fr.pc=0x000001b80f579748 relative=0x0000000000000388
Event: 0.214 Thread 0x000001b87e2a8470 Uncommon trap: reason=class_check action=maybe_recompile pc=0x000001b80f579748 method=java.util.HashMap.getNode(Ljava/lang/Object;)Ljava/util/HashMap$Node; @ 63 c2
Event: 0.214 Thread 0x000001b87e2a8470 DEOPT PACKING pc=0x000001b80f579748 sp=0x000000a2c44fb800
Event: 0.214 Thread 0x000001b87e2a8470 DEOPT UNPACKING pc=0x000001b80f0069a3 sp=0x000000a2c44fb708 mode 2
Event: 0.232 Thread 0x000001b87e2a8470 Uncommon trap: trap_request=0xffffff6e fr.pc=0x000001b80f57e744 relative=0x0000000000000424
Event: 0.232 Thread 0x000001b87e2a8470 Uncommon trap: reason=loop_limit_check action=maybe_recompile pc=0x000001b80f57e744 method=java.lang.StringLatin1.indexOf([BI[BII)I @ 37 c2
Event: 0.232 Thread 0x000001b87e2a8470 DEOPT PACKING pc=0x000001b80f57e744 sp=0x000000a2c44fdf40
Event: 0.232 Thread 0x000001b87e2a8470 DEOPT UNPACKING pc=0x000001b80f0069a3 sp=0x000000a2c44fdea0 mode 2
Event: 0.232 Thread 0x000001b87e2a8470 Uncommon trap: trap_request=0xffffffde fr.pc=0x000001b80f579748 relative=0x0000000000000388
Event: 0.232 Thread 0x000001b87e2a8470 Uncommon trap: reason=class_check action=maybe_recompile pc=0x000001b80f579748 method=java.util.HashMap.getNode(Ljava/lang/Object;)Ljava/util/HashMap$Node; @ 63 c2
Event: 0.232 Thread 0x000001b87e2a8470 DEOPT PACKING pc=0x000001b80f579748 sp=0x000000a2c44fdc60
Event: 0.232 Thread 0x000001b87e2a8470 DEOPT UNPACKING pc=0x000001b80f0069a3 sp=0x000000a2c44fdb68 mode 2
Event: 0.880 Thread 0x000001b87e2a8470 Uncommon trap: trap_request=0xffffff54 fr.pc=0x000001b80f58eee0 relative=0x0000000000000060
Event: 0.880 Thread 0x000001b87e2a8470 Uncommon trap: reason=speculate_null_assert action=make_not_entrant pc=0x000001b80f58eee0 method=sun.misc.Unsafe.putLong(Ljava/lang/Object;JJ)V @ 7 c2
Event: 0.880 Thread 0x000001b87e2a8470 DEOPT PACKING pc=0x000001b80f58eee0 sp=0x000000a2c44fed50
Event: 0.880 Thread 0x000001b87e2a8470 DEOPT UNPACKING pc=0x000001b80f0069a3 sp=0x000000a2c44fecc8 mode 2
Event: 0.942 Thread 0x000001b87e2a8470 DEOPT PACKING pc=0x000001b807aa0eb8 sp=0x000000a2c44fdbd0
Event: 0.942 Thread 0x000001b87e2a8470 DEOPT UNPACKING pc=0x000001b80f007143 sp=0x000000a2c44fd048 mode 0

Classes loaded (20 events):
Event: 0.201 Loading class jdk/internal/reflect/UnsafeQualifiedStaticObjectFieldAccessorImpl
Event: 0.201 Loading class jdk/internal/reflect/UnsafeQualifiedStaticFieldAccessorImpl
Event: 0.201 Loading class jdk/internal/reflect/UnsafeQualifiedStaticFieldAccessorImpl done
Event: 0.201 Loading class jdk/internal/reflect/UnsafeQualifiedStaticObjectFieldAccessorImpl done
Event: 0.204 Loading class java/nio/BufferOverflowException
Event: 0.204 Loading class java/nio/BufferOverflowException done
Event: 0.204 Loading class java/nio/InvalidMarkException
Event: 0.204 Loading class java/nio/InvalidMarkException done
Event: 0.204 Loading class java/nio/BufferUnderflowException
Event: 0.204 Loading class java/nio/BufferUnderflowException done
Event: 0.217 Loading class java/lang/NoSuchFieldError
Event: 0.217 Loading class java/lang/NoSuchFieldError done
Event: 0.235 Loading class jdk/internal/reflect/UnsafeQualifiedStaticIntegerFieldAccessorImpl
Event: 0.236 Loading class jdk/internal/reflect/UnsafeQualifiedStaticIntegerFieldAccessorImpl done
Event: 0.861 Loading class jdk/internal/misc/ScopedMemoryAccess$Scope
Event: 0.861 Loading class jdk/internal/misc/ScopedMemoryAccess$Scope done
Event: 1.019 Loading class jdk/internal/reflect/UnsafeQualifiedLongFieldAccessorImpl
Event: 1.019 Loading class jdk/internal/reflect/UnsafeQualifiedFieldAccessorImpl
Event: 1.019 Loading class jdk/internal/reflect/UnsafeQualifiedFieldAccessorImpl done
Event: 1.019 Loading class jdk/internal/reflect/UnsafeQualifiedLongFieldAccessorImpl done

Classes unloaded (0 events):
No events

Classes redefined (0 events):
No events

Internal exceptions (16 events):
Event: 0.150 Thread 0x000001b87e2a8470 Exception <a 'java/lang/NoSuchMethodError'{0x00000006223b2658}: 'java.lang.Object java.lang.invoke.DirectMethodHandle$Holder.invokeStaticInit(java.lang.Object)'> (0x00000006223b2658) 
thrown [s\src\hotspot\share\interpreter\linkResolver.cpp, line 759]
Event: 0.160 Thread 0x000001b87e2a8470 Exception <a 'java/lang/NoSuchMethodError'{0x0000000621c3bbc8}: 'void java.lang.invoke.DirectMethodHandle$Holder.invokeStatic(java.lang.Object, java.lang.Object)'> (0x0000000621c3bbc8) 
thrown [s\src\hotspot\share\interpreter\linkResolver.cpp, line 759]
Event: 0.161 Thread 0x000001b87e2a8470 Exception <a 'java/lang/NoSuchMethodError'{0x0000000621c41410}: 'void java.lang.invoke.DirectMethodHandle$Holder.invokeSpecial(java.lang.Object, java.lang.Object, java.lang.Object)'> (0x0000000621c41410) 
thrown [s\src\hotspot\share\interpreter\linkResolver.cpp, line 759]
Event: 0.163 Thread 0x000001b87e2a8470 Exception <a 'java/lang/NoSuchMethodError'{0x0000000621c54798}: 'java.lang.Object java.lang.invoke.DirectMethodHandle$Holder.invokeStatic(java.lang.Object, java.lang.Object, int)'> (0x0000000621c54798) 
thrown [s\src\hotspot\share\interpreter\linkResolver.cpp, line 759]
Event: 0.165 Thread 0x000001b87e2a8470 Exception <a 'java/lang/NoSuchMethodError'{0x0000000621c605f8}: 'void java.lang.invoke.DelegatingMethodHandle$Holder.delegate(java.lang.Object, java.lang.Object, int, java.lang.Object)'> (0x0000000621c605f8) 
thrown [s\src\hotspot\share\interpreter\linkResolver.cpp, line 759]
Event: 0.165 Thread 0x000001b87e2a8470 Exception <a 'java/lang/NoSuchMethodError'{0x0000000621c64838}: 'int java.lang.invoke.DirectMethodHandle$Holder.invokeSpecial(java.lang.Object, java.lang.Object, java.lang.Object)'> (0x0000000621c64838) 
thrown [s\src\hotspot\share\interpreter\linkResolver.cpp, line 759]
Event: 0.198 Thread 0x000001b87e2a8470 Exception <a 'sun/nio/fs/WindowsException'{0x0000000621dc0048}> (0x0000000621dc0048) 
thrown [s\src\hotspot\share\prims\jni.cpp, line 516]
Event: 0.198 Thread 0x000001b87e2a8470 Exception <a 'sun/nio/fs/WindowsException'{0x0000000621dc05a0}> (0x0000000621dc05a0) 
thrown [s\src\hotspot\share\prims\jni.cpp, line 516]
Event: 0.217 Thread 0x000001b87e2a8470 Exception <a 'sun/nio/fs/WindowsException'{0x0000000621efb1a0}> (0x0000000621efb1a0) 
thrown [s\src\hotspot\share\prims\jni.cpp, line 516]
Event: 0.217 Thread 0x000001b87e2a8470 Exception <a 'sun/nio/fs/WindowsException'{0x0000000621efb540}> (0x0000000621efb540) 
thrown [s\src\hotspot\share\prims\jni.cpp, line 516]
Event: 0.234 Thread 0x000001b87e2a8470 Exception <a 'sun/nio/fs/WindowsException'{0x0000000621fd62f8}> (0x0000000621fd62f8) 
thrown [s\src\hotspot\share\prims\jni.cpp, line 516]
Event: 0.234 Thread 0x000001b87e2a8470 Exception <a 'sun/nio/fs/WindowsException'{0x0000000621fd6668}> (0x0000000621fd6668) 
thrown [s\src\hotspot\share\prims\jni.cpp, line 516]
Event: 0.859 Thread 0x000001b87e2a8470 Exception <a 'sun/nio/fs/WindowsException'{0x00000006218b4770}> (0x00000006218b4770) 
thrown [s\src\hotspot\share\prims\jni.cpp, line 516]
Event: 0.859 Thread 0x000001b87e2a8470 Exception <a 'sun/nio/fs/WindowsException'{0x00000006218b4b20}> (0x00000006218b4b20) 
thrown [s\src\hotspot\share\prims\jni.cpp, line 516]
Event: 0.862 Thread 0x000001b87e2a8470 Exception <a 'sun/nio/fs/WindowsException'{0x00000006218c75f0}> (0x00000006218c75f0) 
thrown [s\src\hotspot\share\prims\jni.cpp, line 516]
Event: 0.862 Thread 0x000001b87e2a8470 Exception <a 'sun/nio/fs/WindowsException'{0x00000006218c78d8}> (0x00000006218c78d8) 
thrown [s\src\hotspot\share\prims\jni.cpp, line 516]

VM Operations (8 events):
Event: 0.064 Executing VM operation: HandshakeAllThreads
Event: 0.064 Executing VM operation: HandshakeAllThreads done
Event: 0.163 Executing VM operation: HandshakeAllThreads
Event: 0.163 Executing VM operation: HandshakeAllThreads done
Event: 0.184 Executing VM operation: HandshakeAllThreads
Event: 0.184 Executing VM operation: HandshakeAllThreads done
Event: 0.867 Executing VM operation: HandshakeAllThreads
Event: 0.867 Executing VM operation: HandshakeAllThreads done

Memory protections (0 events):
No events

Nmethod flushes (0 events):
No events

Events (16 events):
Event: 0.017 Thread 0x000001b87e2a8470 Thread added: 0x000001b87e2a8470
Event: 0.019 Thread 0x000001b87e2a8470 Thread added: 0x000001b87fa5f490
Event: 0.019 Thread 0x000001b87e2a8470 Thread added: 0x000001b87fa62060
Event: 0.023 Thread 0x000001b87e2a8470 Thread added: 0x000001b87fa72ba0
Event: 0.024 Thread 0x000001b87e2a8470 Thread added: 0x000001b87fa73560
Event: 0.024 Thread 0x000001b87e2a8470 Thread added: 0x000001b87fa73f20
Event: 0.024 Thread 0x000001b87e2a8470 Thread added: 0x000001b87fa748e0
Event: 0.024 Thread 0x000001b87e2a8470 Thread added: 0x000001b87fa80080
Event: 0.024 Thread 0x000001b87e2a8470 Thread added: 0x000001b87fa8b560
Event: 0.024 Thread 0x000001b87e2a8470 Thread added: 0x000001b86c09afe0
Event: 0.054 Thread 0x000001b87e2a8470 Thread added: 0x000001b86c1c7160
Event: 0.055 Thread 0x000001b87e2a8470 Thread added: 0x000001b86c1d7710
Event: 0.218 Thread 0x000001b87fa8b560 Thread added: 0x000001b87fa8bab0
Event: 0.603 Thread 0x000001b87fa8bab0 Thread exited: 0x000001b87fa8bab0
Event: 0.937 Thread 0x000001b87fa8b560 Thread added: 0x000001b87fa89ad0
Event: 0.992 Thread 0x000001b87fa89ad0 Thread added: 0x000001b87fa8c000


Dynamic libraries:
0x00007ff714d20000 - 0x00007ff714d2e000 	C:\Users\osama\.jdks\corretto-17.0.14\bin\java.exe
0x00007ffeb6680000 - 0x00007ffeb68e0000 	C:\WINDOWS\SYSTEM32\ntdll.dll
0x00007ffeb4b00000 - 0x00007ffeb4bc7000 	C:\WINDOWS\System32\KERNEL32.DLL
0x00007ffeb3860000 - 0x00007ffeb3c2a000 	C:\WINDOWS\System32\KERNELBASE.dll
0x00007ffeb3fb0000 - 0x00007ffeb40fb000 	C:\WINDOWS\System32\ucrtbase.dll
0x00007ffe273f0000 - 0x00007ffe27407000 	C:\Users\osama\.jdks\corretto-17.0.14\bin\jli.dll
0x00007ffe273d0000 - 0x00007ffe273eb000 	C:\Users\osama\.jdks\corretto-17.0.14\bin\VCRUNTIME140.dll
0x00007ffeb4760000 - 0x00007ffeb492c000 	C:\WINDOWS\System32\USER32.dll
0x00007ffe99080000 - 0x00007ffe99317000 	C:\WINDOWS\WinSxS\amd64_microsoft.windows.common-controls_6595b64144ccf1df_6.0.26100.3624_none_3e086962e3345f24\COMCTL32.dll
0x00007ffeb4300000 - 0x00007ffeb4327000 	C:\WINDOWS\System32\win32u.dll
0x00007ffeb6280000 - 0x00007ffeb6329000 	C:\WINDOWS\System32\msvcrt.dll
0x00007ffeb4930000 - 0x00007ffeb495a000 	C:\WINDOWS\System32\GDI32.dll
0x00007ffeb3e70000 - 0x00007ffeb3fa1000 	C:\WINDOWS\System32\gdi32full.dll
0x00007ffeb4330000 - 0x00007ffeb43d3000 	C:\WINDOWS\System32\msvcp_win.dll
0x00007ffeb4c60000 - 0x00007ffeb4c8f000 	C:\WINDOWS\System32\IMM32.DLL
0x00007ffe78290000 - 0x00007ffe7829c000 	C:\Users\osama\.jdks\corretto-17.0.14\bin\vcruntime140_1.dll
0x00007ffe15ed0000 - 0x00007ffe15f5d000 	C:\Users\osama\.jdks\corretto-17.0.14\bin\msvcp140.dll
0x00007ffe07660000 - 0x00007ffe082cc000 	C:\Users\osama\.jdks\corretto-17.0.14\bin\server\jvm.dll
0x00007ffeb58b0000 - 0x00007ffeb5962000 	C:\WINDOWS\System32\ADVAPI32.dll
0x00007ffeb6330000 - 0x00007ffeb63d6000 	C:\WINDOWS\System32\sechost.dll
0x00007ffeb4530000 - 0x00007ffeb4646000 	C:\WINDOWS\System32\RPCRT4.dll
0x00007ffeb4bd0000 - 0x00007ffeb4c44000 	C:\WINDOWS\System32\WS2_32.dll
0x00007ffeb2f90000 - 0x00007ffeb2fee000 	C:\WINDOWS\SYSTEM32\POWRPROF.dll
0x00007ffead060000 - 0x00007ffead06b000 	C:\WINDOWS\SYSTEM32\VERSION.dll
0x00007ffea6fd0000 - 0x00007ffea7006000 	C:\WINDOWS\SYSTEM32\WINMM.dll
0x00007ffeb2f70000 - 0x00007ffeb2f84000 	C:\WINDOWS\SYSTEM32\UMPDC.dll
0x00007ffeb2630000 - 0x00007ffeb264a000 	C:\WINDOWS\SYSTEM32\kernel.appcore.dll
0x00007ffe771a0000 - 0x00007ffe771aa000 	C:\Users\osama\.jdks\corretto-17.0.14\bin\jimage.dll
0x00007ffeb0cc0000 - 0x00007ffeb0f01000 	C:\WINDOWS\SYSTEM32\DBGHELP.DLL
0x00007ffeb5390000 - 0x00007ffeb5712000 	C:\WINDOWS\System32\combase.dll
0x00007ffeb63e0000 - 0x00007ffeb64b6000 	C:\WINDOWS\System32\OLEAUT32.dll
0x00007ffe99cb0000 - 0x00007ffe99ce9000 	C:\WINDOWS\SYSTEM32\dbgcore.DLL
0x00007ffeb43e0000 - 0x00007ffeb4479000 	C:\WINDOWS\System32\bcryptPrimitives.dll
0x00007ffe26950000 - 0x00007ffe26975000 	C:\Users\osama\.jdks\corretto-17.0.14\bin\java.dll
0x00007ffe14f10000 - 0x00007ffe14fe7000 	C:\Users\osama\.jdks\corretto-17.0.14\bin\jsvml.dll
0x00007ffeb5970000 - 0x00007ffeb6099000 	C:\WINDOWS\System32\SHELL32.dll
0x00007ffeb4100000 - 0x00007ffeb4268000 	C:\WINDOWS\System32\wintypes.dll
0x00007ffeb14e0000 - 0x00007ffeb1d32000 	C:\WINDOWS\SYSTEM32\windows.storage.dll
0x00007ffeb5290000 - 0x00007ffeb537d000 	C:\WINDOWS\System32\SHCORE.dll
0x00007ffeb5810000 - 0x00007ffeb5874000 	C:\WINDOWS\System32\shlwapi.dll
0x00007ffeb3770000 - 0x00007ffeb379f000 	C:\WINDOWS\SYSTEM32\profapi.dll
0x00007ffe15eb0000 - 0x00007ffe15ec9000 	C:\Users\osama\.jdks\corretto-17.0.14\bin\net.dll
0x00007ffeab9e0000 - 0x00007ffeabafd000 	C:\WINDOWS\SYSTEM32\WINHTTP.dll
0x00007ffeb2b30000 - 0x00007ffeb2b9a000 	C:\WINDOWS\system32\mswsock.dll
0x00007ffe15e90000 - 0x00007ffe15ea6000 	C:\Users\osama\.jdks\corretto-17.0.14\bin\nio.dll
0x00007ffe26180000 - 0x00007ffe26198000 	C:\Users\osama\.jdks\corretto-17.0.14\bin\zip.dll
0x00007ffe760c0000 - 0x00007ffe760d0000 	C:\Users\osama\.jdks\corretto-17.0.14\bin\verify.dll
0x00007ffe979c0000 - 0x00007ffe97a24000 	C:\Users\osama\AppData\Local\Temp\lwjglosama\3.2.3-build-13\lwjgl.dll
0x00007ffe2a7c0000 - 0x00007ffe2aa13000 	C:\Users\osama\AppData\Local\Temp\lwjglosama\3.2.3-build-13\jemalloc.dll
0x00007ffe97950000 - 0x00007ffe979b2000 	C:\Users\osama\AppData\Local\Temp\lwjglosama\3.2.3-build-13\glfw.dll
0x00007ffeb0620000 - 0x00007ffeb06ce000 	C:\WINDOWS\system32\uxtheme.dll
0x00007ffe492c0000 - 0x00007ffe4930b000 	C:\WINDOWS\SYSTEM32\dinput8.dll
0x00007ffead570000 - 0x00007ffead582000 	C:\WINDOWS\SYSTEM32\xinput1_4.dll
0x00007ffeb34c0000 - 0x00007ffeb351f000 	C:\WINDOWS\SYSTEM32\cfgmgr32.dll
0x00007ffeb3490000 - 0x00007ffeb34bd000 	C:\WINDOWS\SYSTEM32\DEVOBJ.dll
0x00007ffeb0940000 - 0x00007ffeb0976000 	C:\WINDOWS\SYSTEM32\dwmapi.dll
0x00007ffe9c1a0000 - 0x00007ffe9c380000 	C:\WINDOWS\SYSTEM32\inputhost.dll
0x00007ffeafff0000 - 0x00007ffeb0116000 	C:\WINDOWS\SYSTEM32\CoreMessaging.dll
0x00007ffeb5130000 - 0x00007ffeb528d000 	C:\WINDOWS\System32\MSCTF.dll
0x00007ffeb2d60000 - 0x00007ffeb2d6c000 	C:\WINDOWS\SYSTEM32\CRYPTBASE.DLL
0x00007ffeb1d40000 - 0x00007ffeb1d4f000 	C:\WINDOWS\SYSTEM32\HID.DLL
0x00007ffeb4ca0000 - 0x00007ffeb5126000 	C:\WINDOWS\System32\SETUPAPI.DLL
0x00007ffeb4270000 - 0x00007ffeb42ef000 	C:\WINDOWS\System32\WINTRUST.dll
0x00007ffeb3c30000 - 0x00007ffeb3da7000 	C:\WINDOWS\System32\CRYPT32.dll
0x00007ffeb3060000 - 0x00007ffeb3073000 	C:\WINDOWS\SYSTEM32\MSASN1.dll
0x00007ffe16040000 - 0x00007ffe1614c000 	C:\WINDOWS\SYSTEM32\opengl32.dll
0x00007ffe28a00000 - 0x00007ffe28a2d000 	C:\WINDOWS\SYSTEM32\GLU32.dll
0x00007ffeb0720000 - 0x00007ffeb0767000 	C:\WINDOWS\SYSTEM32\dxcore.dll
0x00007ffe9c8e0000 - 0x00007ffe9c8fa000 	C:\WINDOWS\SYSTEM32\windows.staterepositorycore.dll
0x00007ffe04e70000 - 0x00007ffe0765e000 	C:\WINDOWS\System32\DriverStore\FileRepository\nv_dispi.inf_amd64_9d15b9aa9e1c885b\nvoglv64.dll
0x00007ffeb4960000 - 0x00007ffeb4af6000 	C:\WINDOWS\System32\ole32.dll
0x00007ffeb04f0000 - 0x00007ffeb0506000 	C:\WINDOWS\SYSTEM32\WTSAPI32.dll
0x00007ffeac140000 - 0x00007ffeac17b000 	C:\WINDOWS\SYSTEM32\cryptnet.dll
0x00007ffeb2e00000 - 0x00007ffeb2e5d000 	C:\WINDOWS\SYSTEM32\wldp.dll
0x00007ffeabfc0000 - 0x00007ffeac13c000 	C:\WINDOWS\SYSTEM32\drvstore.dll
0x00007ffeb2750000 - 0x00007ffeb2785000 	C:\WINDOWS\SYSTEM32\ntmarta.dll
0x00007ffeb5880000 - 0x00007ffeb58a0000 	C:\WINDOWS\System32\imagehlp.dll
0x00007ffeb3000000 - 0x00007ffeb301c000 	C:\WINDOWS\SYSTEM32\CRYPTSP.dll
0x00007ffeb2590000 - 0x00007ffeb25ca000 	C:\WINDOWS\system32\rsaenh.dll
0x00007ffeb3740000 - 0x00007ffeb3766000 	C:\WINDOWS\SYSTEM32\bcrypt.dll
0x00007ffea8120000 - 0x00007ffeab8ba000 	C:\WINDOWS\System32\DriverStore\FileRepository\nv_dispi.inf_amd64_9d15b9aa9e1c885b\nvgpucomp64.dll
0x00007ffe825c0000 - 0x00007ffe828c4000 	C:\WINDOWS\system32\nvspcap64.dll
0x00007ffeb2e60000 - 0x00007ffeb2ec7000 	C:\WINDOWS\SYSTEM32\WINSTA.dll
0x00007ffe9e570000 - 0x00007ffe9e6b9000 	C:\WINDOWS\SYSTEM32\textinputframework.dll
0x00007ffeacd60000 - 0x00007ffead043000 	C:\WINDOWS\SYSTEM32\CoreUIComponents.dll
0x00007ffe86fa0000 - 0x00007ffe86ff9000 	C:\Users\osama\AppData\Local\Temp\lwjglosama\3.2.3-build-13\lwjgl_opengl.dll

dbghelp: loaded successfully - version: 4.0.5 - missing functions: none
symbol engine: initialized successfully - sym options: 0x614 - pdb path: .;C:\Users\osama\.jdks\corretto-17.0.14\bin;C:\WINDOWS\SYSTEM32;C:\WINDOWS\WinSxS\amd64_microsoft.windows.common-controls_6595b64144ccf1df_6.0.26100.3624_none_3e086962e3345f24;C:\Users\osama\.jdks\corretto-17.0.14\bin\server;C:\Users\osama\AppData\Local\Temp\lwjglosama\3.2.3-build-13;C:\WINDOWS\System32\DriverStore\FileRepository\nv_dispi.inf_amd64_9d15b9aa9e1c885b

VM Arguments:
jvm_args: -Dfile.encoding=UTF-8 -Duser.country=US -Duser.language=en -Duser.variant 
java_command: com.gameengine.test.Launcher
java_class_path (initial): C:\Users\osama\GameEngine\build\classes\java\main;C:\Users\osama\GameEngine\build\resources\main;C:\Users\osama\.gradle\caches\modules-2\files-2.1\org.joml\joml-primitives\1.10.0\b3ae3ae0dfee0bf5aef9f7964205cca0f3c6ea07\joml-primitives-1.10.0.jar;C:\Users\osama\.gradle\caches\modules-2\files-2.1\org.joml\joml\1.10.0\a29b8bf72dc1478e9ceea256db214188da94f313\joml-1.10.0.jar;C:\Users\osama\.gradle\caches\modules-2\files-2.1\org.lwjgl\lwjgl-assimp\3.2.3\f62aa07a20afbdd3097efc296c4841e0d29700eb\lwjgl-assimp-3.2.3.jar;C:\Users\osama\.gradle\caches\modules-2\files-2.1\org.lwjgl\lwjgl-assimp\3.2.3\4e60aeb75f0343c4a9ede4ef8b6b32ca702a00a3\lwjgl-assimp-3.2.3-natives-windows.jar;C:\Users\osama\.gradle\caches\modules-2\files-2.1\org.lwjgl\lwjgl-bgfx\3.2.3\433883c4040fa8df47244dffa1d42c96ce2143de\lwjgl-bgfx-3.2.3.jar;C:\Users\osama\.gradle\caches\modules-2\files-2.1\org.lwjgl\lwjgl-bgfx\3.2.3\f589da97dd3cfa96f42c8c812a0a028cf28223b8\lwjgl-bgfx-3.2.3-natives-windows.jar;C:\Users\osama\.gradle\caches\modules-2\files-2.1\org.lwjgl\lwjgl-cuda\3.2.3\fb91f3aaa29e69eee7f1314a63d3e3068ad138e4\lwjgl-cuda-3.2.3.jar;C:\Users\osama\.gradle\caches\modules-2\files-2.1\org.lwjgl\lwjgl-egl\3.2.3\45ad689a4346fac69d4e8696fa02aaa98f0ea196\lwjgl-egl-3.2.3.jar;C:\Users\osama\.gradle\caches\modules-2\files-2.1\org.lwjgl\lwjgl-glfw\3.2.3\5e520d5c290c8b012545a8d34fa5db5ab051ea53\lwjgl-glfw-3.2.3.jar;C:\Users\osama\.gradle\caches\modules-2\files-2.1\org.lwjgl\lwjgl-glfw\3.2.3\b4d8a3477cdc2edcf7a5f1e822926be846223f54\lwjgl-glfw-3.2.3-natives-windows.jar;C:\Users\osama\.gradle\caches\modules-2\files-2.1\org.lwjgl\lwjgl-jawt\3.2.3\b93ceb43c55c28651e178af42e1f344e1e9d8bf3\lwjgl-jawt-3.2.3.jar;C:\Users\osama\.gradle\caches\modules-2\files-2.1\org.lwjgl\lwjgl-jemalloc\3.2.3\b6fd0932171ba3f2eaa4547beddca3a3e645342d\lwjgl-jemalloc-3.2.3.jar;C:\Users\osama\.gradle\caches\modules-2\files-2.1\org.lwjgl\lwjgl-jemalloc\3.2.3\3423fd0d4c7c1916c8f46b2075c4c2df02f22675\lwjgl-jemalloc-3.2.3-n
Launcher Type: SUN_STANDARD

[Global flags]
     intx CICompilerCount                          = 4                                         {product} {ergonomic}
     uint ConcGCThreads                            = 3                                         {product} {ergonomic}
     uint G1ConcRefinementThreads                  = 10                                        {product} {ergonomic}
   size_t G1HeapRegionSize                         = 4194304                                   {product} {ergonomic}
    uintx GCDrainStackTargetSize                   = 64                                        {product} {ergonomic}
   size_t InitialHeapSize                          = 536870912                                 {product} {ergonomic}
   size_t MarkStackSize                            = 4194304                                   {product} {ergonomic}
   size_t MaxHeapSize                              = 8547991552                                {product} {ergonomic}
   size_t MaxNewSize                               = 5125439488                                {product} {ergonomic}
   size_t MinHeapDeltaBytes                        = 4194304                                   {product} {ergonomic}
   size_t MinHeapSize                              = 8388608                                   {product} {ergonomic}
    uintx NonNMethodCodeHeapSize                   = 5839372                                {pd product} {ergonomic}
    uintx NonProfiledCodeHeapSize                  = 122909434                              {pd product} {ergonomic}
    uintx ProfiledCodeHeapSize                     = 122909434                              {pd product} {ergonomic}
    uintx ReservedCodeCacheSize                    = 251658240                              {pd product} {ergonomic}
     bool SegmentedCodeCache                       = true                                      {product} {ergonomic}
   size_t SoftMaxHeapSize                          = 8547991552                             {manageable} {ergonomic}
     bool UseCompressedClassPointers               = true                           {product lp64_product} {ergonomic}
     bool UseCompressedOops                        = true                           {product lp64_product} {ergonomic}
     bool UseG1GC                                  = true                                      {product} {ergonomic}
     bool UseLargePagesIndividualAllocation        = false                                  {pd product} {ergonomic}

Logging:
Log output configuration:
 #0: stdout all=warning uptime,level,tags
 #1: stderr all=off uptime,level,tags

Environment Variables:
JAVA_HOME=C:\Program Files\Eclipse Adoptium\jdk-17.0.14.7-hotspot\
PATH=C:\Program Files\Eclipse Adoptium\jdk-17.0.14.7-hotspot\bin;C:\Program Files\NVIDIA\CUDNN\v9.6\bin;C:\WINDOWS\system32;C:\WINDOWS;C:\WINDOWS\System32\Wbem;C:\WINDOWS\System32\WindowsPowerShell\v1.0\;C:\WINDOWS\System32\OpenSSH\;C:\Program Files (x86)\NVIDIA Corporation\PhysX\Common;C:\Program Files\Git\cmd;C:\Program Files\Git\mingw64\bin;C:\Program Files\Git\usr\bin;C:\Program Files\nodejs\;C:\Program Files\dotnet\;C:\Program Files (x86)\Windows Kits\10\Windows Performance Toolkit\;C:\Program Files\Apache\Maven\bin;C:\Program Files\NVIDIA Corporation\Nsight Compute 2022.3.0\;C:\Program Files\NVIDIA Corporation\NVIDIA app\NvDLISR;C:\MinGW\bin;C:\Program Files\Docker\Docker\resources\bin;;C:\Program Files\Git LFS;C:\Users\osama\AppData\Local\Microsoft\WindowsApps;C:\Users\osama\AppData\Local\Programs\Microsoft VS Code\bin;C:\dev\flutter\bin;C:\Users\osama\AppData\Roaming\npm;C:\Users\osama\AppData\Local\Programs\mongosh\;
USERNAME=osama
OS=Windows_NT
PROCESSOR_IDENTIFIER=Intel64 Family 6 Model 151 Stepping 5, GenuineIntel
TMP=C:\Users\osama\AppData\Local\Temp
TEMP=C:\Users\osama\AppData\Local\Temp



Periodic native trim disabled


---------------  S Y S T E M  ---------------

OS:
 Windows 11 , 64 bit Build 26100 (10.0.26100.3775)
OS uptime: 0 days 0:47 hours
Hyper-V role detected

CPU: total 12 (initial active 12) (6 cores per cpu, 2 threads per core) family 6 model 151 stepping 5 microcode 0x35, cx8, cmov, fxsr, ht, mmx, 3dnowpref, sse, sse2, sse3, ssse3, sse4.1, sse4.2, popcnt, lzcnt, tsc, tscinvbit, avx, avx2, aes, erms, clmul, bmi1, bmi2, adx, sha, fma, vzeroupper, clflush, clflushopt, clwb, hv
Processor Information for all 12 processors :
  Max Mhz: 2500, Current Mhz: 2500, Mhz Limit: 2500

Memory: 4k page, system-wide physical 32599M (15194M free)
TotalPageFile size 34647M (AvailPageFile size 10075M)
current process WorkingSet (physical memory assigned to process): 133M, peak: 134M
current process commit charge ("private bytes"): 746M, peak: 747M

vm_info: OpenJDK 64-Bit Server VM (17.0.14+7-LTS) for windows-amd64 JRE (17.0.14+7-LTS), built on Jan  7 2025 20:14:24 by "Administrator" with MS VC++ 16.10 / 16.11 (VS2019)

END.
