#
# A fatal error has been detected by the Java Runtime Environment:
#
#  EXCEPTION_ACCESS_VIOLATION (0xc0000005) at pc=0x00007ffe97953f2f, pid=7012, tid=7904
#
# JRE version: OpenJDK Runtime Environment Corretto-17.0.14.7.1 (17.0.14+7) (build 17.0.14+7-LTS)
# Java VM: OpenJDK 64-Bit Server VM Corretto-17.0.14.7.1 (17.0.14+7-LTS, mixed mode, sharing, tiered, compressed oops, compressed class ptrs, g1 gc, windows-amd64)
# Problematic frame:
# C  [glfw.dll+0x3f2f]
#
# No core dump will be written. Minidumps are not enabled by default on client versions of Windows
#
# If you would like to submit a bug report, please visit:
#   https://github.com/corretto/corretto-17/issues/
# The crash happened outside the Java Virtual Machine in native code.
# See problematic frame for where to report the bug.
#

---------------  S U M M A R Y ------------

Command Line: -Dfile.encoding=UTF-8 -Duser.country=US -Duser.language=en -Duser.variant com.gameengine.test.Launcher

Host: 12th Gen Intel(R) Core(TM) i5-12400F, 12 cores, 31G,  Windows 11 , 64 bit Build 26100 (10.0.26100.3775)
Time: Fri Apr 18 13:17:24 2025 Arab Standard Time elapsed time: 1.051033 seconds (0d 0h 0m 1s)

---------------  T H R E A D  ---------------

Current thread (0x000001c9a6d97b10):  JavaThread "main" [_thread_in_native, id=7904, stack(0x000000687bb00000,0x000000687bc00000)]

Stack: [0x000000687bb00000,0x000000687bc00000],  sp=0x000000687bbfed50,  free space=1019k
Native frames: (J=compiled Java code, j=interpreted, Vv=VM code, C=native code)
C  [glfw.dll+0x3f2f]

Java frames: (J=compiled Java code, j=interpreted, Vv=VM code)
j  org.lwjgl.system.JNI.invokePV(JIIJ)V+0
j  org.lwjgl.glfw.GLFW.glfwSetInputMode(JII)V+21
j  com.gameengine.test.TestGame.init()V+51
j  com.gameengine.core.EngineManager.init()V+51
j  com.gameengine.core.EngineManager.start()V+1
j  com.gameengine.test.Launcher.main([Ljava/lang/String;)V+38
v  ~StubRoutines::call_stub

siginfo: EXCEPTION_ACCESS_VIOLATION (0xc0000005), reading address 0x0000000000000075


Registers:
RAX=0x0000000000000002, RBX=0x0000000000000001, RCX=0x0000000000000001, RDX=0x0000000000033001
RSP=0x000000687bbfed50, RBP=0x000000687bbfee18, RSI=0x0000000000000110, RDI=0x0000000000034003
R8 =0x0000000000034003, R9 =0x0000000000033001, R10=0x000001c9b5dfd6b2, R11=0x0000000621f569a8
R12=0x0000000000000000, R13=0x000001ca154f6260, R14=0x000000687bbfee60, R15=0x000001c9a6d97b10
RIP=0x00007ffe97953f2f, EFLAGS=0x0000000000010246


Register to memory mapping:

RIP=0x00007ffe97953f2f glfw.dll
RAX=0x0000000000000002 is an unknown value
RBX=0x0000000000000001 is an unknown value
RCX=0x0000000000000001 is an unknown value
RDX=0x0000000000033001 is an unknown value
RSP=0x000000687bbfed50 is pointing into the stack for thread: 0x000001c9a6d97b10
RBP=0x000000687bbfee18 is pointing into the stack for thread: 0x000001c9a6d97b10
RSI=0x0000000000000110 is an unknown value
RDI=0x0000000000034003 is an unknown value
R8 =0x0000000000034003 is an unknown value
R9 =0x0000000000033001 is an unknown value
R10=0x000001c9b5dfd6b2 is at code_begin+946 in an Interpreter codelet
method entry point (kind = native)  [0x000001c9b5dfd300, 0x000001c9b5dfdc80]  2432 bytes
R11=0x0000000621f569a8 is an oop: java.lang.Class 
{0x0000000621f569a8} - klass: 'java/lang/Class'
 - ---- fields (total size 14 words):
 - private volatile transient 'classRedefinedCount' 'I' @12  0
 - private volatile transient 'cachedConstructor' 'Ljava/lang/reflect/Constructor;' @40  NULL (0)
 - private transient 'name' 'Ljava/lang/String;' @44  "org.lwjgl.system.JNI"{0x0000000621f56a28} (c43ead45)
 - private transient 'module' 'Ljava/lang/Module;' @48  a 'java/lang/Module'{0x00000006224f98a8} (c449f315)
 - private final 'classLoader' 'Ljava/lang/ClassLoader;' @52  a 'jdk/internal/loader/ClassLoaders$AppClassLoader'{0x00000006224f96e8} (c449f2dd)
 - private transient 'classData' 'Ljava/lang/Object;' @56  NULL (0)
 - private transient 'packageName' 'Ljava/lang/String;' @60  "org.lwjgl.system"{0x0000000622202e50} (c44405ca)
 - private final 'componentType' 'Ljava/lang/Class;' @64  NULL (0)
 - private volatile transient 'reflectionData' 'Ljava/lang/ref/SoftReference;' @68  NULL (0)
 - private volatile transient 'genericInfo' 'Lsun/reflect/generics/repository/ClassRepository;' @72  NULL (0)
 - private volatile transient 'enumConstants' '[Ljava/lang/Object;' @76  NULL (0)
 - private volatile transient 'enumConstantDirectory' 'Ljava/util/Map;' @80  NULL (0)
 - private volatile transient 'annotationData' 'Ljava/lang/Class$AnnotationData;' @84  NULL (0)
 - private volatile transient 'annotationType' 'Lsun/reflect/annotation/AnnotationType;' @88  NULL (0)
 - transient 'classValueMap' 'Ljava/lang/ClassValue$ClassValueMap;' @92  NULL (0)
 - signature: Lorg/lwjgl/system/JNI;
 - fake entry for mirror: 'org/lwjgl/system/JNI'
 - fake entry for array: NULL
 - fake entry for oop_size: 14
 - fake entry for static_oop_field_count: 0
R12=0x0 is NULL
R13={method} {0x000001ca154f6268} 'invokePV' '(JIIJ)V' in 'org/lwjgl/system/JNI'
R14=0x000000687bbfee60 is pointing into the stack for thread: 0x000001c9a6d97b10
R15=0x000001c9a6d97b10 is a thread


Top of Stack: (sp=0x000000687bbfed50)
0x000000687bbfed50:   0000000000000007 000001c9d0e881d0
0x000000687bbfed60:   000001c9a6d97b10 000001c9b5df9520
0x000000687bbfed70:   00000000000002d2 000001c9b5dfd6e1
0x000000687bbfed80:   000001ca154f6260 00007ffe07c96ce7
0x000000687bbfed90:   000001ca15836658 000000687bbfede0
0x000000687bbfeda0:   0000000000034003 00007ffe97953ee0
0x000000687bbfedb0:   000001c9b5df9520 00007ffe07c8ffce
0x000000687bbfedc0:   3ff0000000000000 000001c9a6d97b10
0x000000687bbfedd0:   000000687bbfedd0 0000000000000000
0x000000687bbfede0:   000000687bbfee60 000001ca1551f220
0x000000687bbfedf0:   0000000000000000 0000000621f569a8
0x000000687bbfee00:   000001ca154f6260 0000000000000000
0x000000687bbfee10:   000000687bbfee38 000000687bbfeeb0
0x000000687bbfee20:   000001c9b5df9520 0000000621f569a8
0x000000687bbfee30:   000001c9b5dfaff8 00007ffe97953ee0
0x000000687bbfee40:   0000000000000000 0000000000034003
0x000000687bbfee50:   0000000000033001 0000000000000001
0x000000687bbfee60:   0000000000000000 000000687bbfee68
0x000000687bbfee70:   000001ca1552e2e5 000000687bbfeee8
0x000000687bbfee80:   000001ca15535ae0 0000000000000000
0x000000687bbfee90:   0000000621fa40f8 000001ca1552e330
0x000000687bbfeea0:   000000687bbfee38 000000687bbfeed0
0x000000687bbfeeb0:   000000687bbfef38 000001c9b5df9520
0x000000687bbfeec0:   00007ffe97953ee0 0000000000000000
0x000000687bbfeed0:   0000000000034003 0000000000033001
0x000000687bbfeee0:   0000000000000001 0000000000000000
0x000000687bbfeef0:   000000687bbfeef0 000001ca15403b5b
0x000000687bbfef00:   000000687bbfefe0 000001ca15451428
0x000000687bbfef10:   0000000000000000 000000062253f480
0x000000687bbfef20:   000001ca15403f50 000000687bbfeed0
0x000000687bbfef30:   000000687bbfefe0 000000687bbff030
0x000000687bbfef40:   000001c9b5df99a6 0000000000000000 

Instructions: (pc=0x00007ffe97953f2f)
0x00007ffe97953e2f:   04 00 66 49 0f 7e f9 0f 28 d6 66 49 0f 7e f0 b9
0x00007ffe97953e3f:   04 00 01 00 e8 18 de ff ff 0f 28 74 24 30 0f 28
0x00007ffe97953e4f:   7c 24 20 48 83 c4 40 5b c3 cc cc cc cc cc cc cc
0x00007ffe97953e5f:   cc 48 83 ec 28 83 3d 85 3c 05 00 00 75 13 33 d2
0x00007ffe97953e6f:   b9 01 00 01 00 e8 e7 dd ff ff 33 c0 48 83 c4 28
0x00007ffe97953e7f:   c3 48 8b 81 10 03 00 00 48 89 91 10 03 00 00 48
0x00007ffe97953e8f:   83 c4 28 c3 cc cc cc cc cc cc cc cc cc cc cc cc
0x00007ffe97953e9f:   cc 48 83 ec 28 83 3d 45 3c 05 00 00 75 13 33 d2
0x00007ffe97953eaf:   b9 01 00 01 00 e8 a7 dd ff ff 33 c0 48 83 c4 28
0x00007ffe97953ebf:   c3 48 8b 81 40 03 00 00 48 89 91 40 03 00 00 48
0x00007ffe97953ecf:   83 c4 28 c3 cc cc cc cc cc cc cc cc cc cc cc cc
0x00007ffe97953edf:   cc 48 89 5c 24 08 57 48 83 ec 20 83 3d ff 3b 05
0x00007ffe97953eef:   00 00 41 8b f8 48 8b d9 75 16 33 d2 b9 01 00 01
0x00007ffe97953eff:   00 48 8b 5c 24 30 48 83 c4 20 5f e9 51 dd ff ff
0x00007ffe97953f0f:   81 fa 01 30 03 00 75 4b 41 8d 80 ff bf fc ff 83
0x00007ffe97953f1f:   f8 02 76 0c 48 8d 15 36 1d 04 00 e9 74 01 00 00
0x00007ffe97953f2f:   39 79 74 0f 84 75 01 00 00 4c 8d 81 e8 01 00 00
0x00007ffe97953f3f:   89 79 74 48 8d 91 e0 01 00 00 e8 e2 71 00 00 8b
0x00007ffe97953f4f:   d7 48 8b cb 48 8b 5c 24 30 48 83 c4 20 5f e9 3e
0x00007ffe97953f5f:   7a 00 00 81 fa 02 30 03 00 75 45 33 d2 85 ff 0f
0x00007ffe97953f6f:   95 c2 39 51 68 0f 84 33 01 00 00 85 ff 75 23 48
0x00007ffe97953f7f:   8d 81 80 00 00 00 b9 5d 01 00 00 66 0f 1f 44 00
0x00007ffe97953f8f:   00 80 38 03 75 03 c6 00 00 48 ff c0 48 83 e9 01
0x00007ffe97953f9f:   75 ef 89 53 68 48 8b 5c 24 30 48 83 c4 20 5f c3
0x00007ffe97953faf:   81 fa 03 30 03 00 75 72 33 d2 85 ff 0f 95 c2 39
0x00007ffe97953fbf:   51 6c 0f 84 e6 00 00 00 85 ff 75 50 80 79 78 03
0x00007ffe97953fcf:   75 04 40 88 79 78 80 79 79 03 75 04 c6 41 79 00
0x00007ffe97953fdf:   80 79 7a 03 75 04 c6 41 7a 00 80 79 7b 03 75 04
0x00007ffe97953fef:   c6 41 7b 00 80 79 7c 03 75 04 c6 41 7c 00 80 79
0x00007ffe97953fff:   7d 03 75 04 c6 41 7d 00 80 79 7e 03 75 04 c6 41
0x00007ffe9795400f:   7e 00 80 79 7f 03 75 04 c6 41 7f 00 89 51 6c 48
0x00007ffe9795401f:   8b 5c 24 30 48 83 c4 20 5f c3 81 fa 04 30 03 00 


Stack slot to memory mapping:
stack at sp + 0 slots: 0x0000000000000007 is an unknown value
stack at sp + 1 slots: 0x000001c9d0e881d0 points into unknown readable memory: 0x000001c9d3a92e48 | 48 2e a9 d3 c9 01 00 00
stack at sp + 2 slots: 0x000001c9a6d97b10 is a thread
stack at sp + 3 slots: 0x000001c9b5df9520 is at code_begin+1152 in an Interpreter codelet
return entry points  [0x000001c9b5df90a0, 0x000001c9b5df9c00]  2912 bytes
stack at sp + 4 slots: 0x00000000000002d2 is an unknown value
stack at sp + 5 slots: 0x000001c9b5dfd6e1 is at code_begin+993 in an Interpreter codelet
method entry point (kind = native)  [0x000001c9b5dfd300, 0x000001c9b5dfdc80]  2432 bytes
stack at sp + 6 slots: {method} {0x000001ca154f6268} 'invokePV' '(JIIJ)V' in 'org/lwjgl/system/JNI'
stack at sp + 7 slots: 0x00007ffe07c96ce7 jvm.dll


---------------  P R O C E S S  ---------------

Threads class SMR info:
_java_thread_list=0x000001ca1a0cf1c0, length=14, elements={
0x000001c9a6d97b10, 0x000001c9d0e81a10, 0x000001c9d0e825d0, 0x000001c9d0e92090,
0x000001c9d0e92a50, 0x000001c9d0e93410, 0x000001c9d0e94de0, 0x000001c9d0e9dff0,
0x000001c9d0ea6a00, 0x000001c9d0eabbf0, 0x000001c9d3b1bcd0, 0x000001c9d3b349a0,
0x000001ca1a0296c0, 0x000001ca1a0cb570
}

Java Threads: ( => current thread )
=>0x000001c9a6d97b10 JavaThread "main" [_thread_in_native, id=7904, stack(0x000000687bb00000,0x000000687bc00000)]
  0x000001c9d0e81a10 JavaThread "Reference Handler" daemon [_thread_blocked, id=15976, stack(0x000000687c200000,0x000000687c300000)]
  0x000001c9d0e825d0 JavaThread "Finalizer" daemon [_thread_blocked, id=15256, stack(0x000000687c300000,0x000000687c400000)]
  0x000001c9d0e92090 JavaThread "Signal Dispatcher" daemon [_thread_blocked, id=9760, stack(0x000000687c400000,0x000000687c500000)]
  0x000001c9d0e92a50 JavaThread "Attach Listener" daemon [_thread_blocked, id=8216, stack(0x000000687c500000,0x000000687c600000)]
  0x000001c9d0e93410 JavaThread "Service Thread" daemon [_thread_blocked, id=11184, stack(0x000000687c600000,0x000000687c700000)]
  0x000001c9d0e94de0 JavaThread "Monitor Deflation Thread" daemon [_thread_blocked, id=3388, stack(0x000000687c700000,0x000000687c800000)]
  0x000001c9d0e9dff0 JavaThread "C2 CompilerThread0" daemon [_thread_blocked, id=16064, stack(0x000000687c800000,0x000000687c900000)]
  0x000001c9d0ea6a00 JavaThread "C1 CompilerThread0" daemon [_thread_blocked, id=4068, stack(0x000000687c900000,0x000000687ca00000)]
  0x000001c9d0eabbf0 JavaThread "Sweeper thread" daemon [_thread_blocked, id=2660, stack(0x000000687ca00000,0x000000687cb00000)]
  0x000001c9d3b1bcd0 JavaThread "Notification Thread" daemon [_thread_blocked, id=10992, stack(0x000000687cb00000,0x000000687cc00000)]
  0x000001c9d3b349a0 JavaThread "Common-Cleaner" daemon [_thread_blocked, id=3476, stack(0x000000687cd00000,0x000000687ce00000)]
  0x000001ca1a0296c0 JavaThread "C2 CompilerThread1" daemon [_thread_in_native, id=7708, stack(0x000000687d500000,0x000000687d600000)]
  0x000001ca1a0cb570 JavaThread "C2 CompilerThread2" daemon [_thread_blocked, id=5060, stack(0x000000687d600000,0x000000687d700000)]

Other Threads:
  0x000001c9d0e7c4d0 VMThread "VM Thread" [stack: 0x000000687c100000,0x000000687c200000] [id=10404]
  0x000001c9d3b205d0 WatcherThread [stack: 0x000000687cc00000,0x000000687cd00000] [id=16404]
  0x000001c9d0cf0c10 GCTaskThread "GC Thread#0" [stack: 0x000000687bc00000,0x000000687bd00000] [id=5636]
  0x000001c9a6e18e60 ConcurrentGCThread "G1 Main Marker" [stack: 0x000000687bd00000,0x000000687be00000] [id=16648]
  0x000001c9a6e1a020 ConcurrentGCThread "G1 Conc#0" [stack: 0x000000687be00000,0x000000687bf00000] [id=1568]
  0x000001c9d0dabbd0 ConcurrentGCThread "G1 Refine#0" [stack: 0x000000687bf00000,0x000000687c000000] [id=15900]
  0x000001c9d0daf4c0 ConcurrentGCThread "G1 Service" [stack: 0x000000687c000000,0x000000687c100000] [id=15504]

Threads with active compile tasks:
C2 CompilerThread1     1098  763   !   4       jdk.internal.loader.URLClassPath$JarLoader::getResource (354 bytes)

VM state: not at safepoint (normal execution)

VM Mutex/Monitor currently owned by a thread: None

Heap address: 0x0000000602800000, size: 8152 MB, Compressed Oops mode: Zero based, Oop shift amount: 3

CDS archive(s) mapped at: [0x000001c9d4000000-0x000001c9d4bb0000-0x000001c9d4bb0000), size 12255232, SharedBaseAddress: 0x000001c9d4000000, ArchiveRelocationMode: 1.
Compressed class space mapped at: 0x000001c9d5000000-0x000001ca15000000, reserved size: 1073741824
Narrow klass base: 0x000001c9d4000000, Narrow klass shift: 0, Narrow klass range: 0x100000000

GC Precious Log:
 CPUs: 12 total, 12 available
 Memory: 32599M
 Large Page Support: Disabled
 NUMA Support: Disabled
 Compressed Oops: Enabled (Zero based)
 Heap Region Size: 4M
 Heap Min Capacity: 8M
 Heap Initial Capacity: 512M
 Heap Max Capacity: 8152M
 Pre-touch: Disabled
 Parallel Workers: 10
 Concurrent Workers: 3
 Concurrent Refinement Workers: 10
 Periodic GC: Disabled

Heap:
 garbage-first heap   total 524288K, used 16384K [0x0000000602800000, 0x0000000800000000)
  region size 4096K, 6 young (24576K), 0 survivors (0K)
 Metaspace       used 6184K, committed 6336K, reserved 1114112K
  class space    used 322K, committed 384K, reserved 1048576K

Heap Regions: E=young(eden), S=young(survivor), O=old, HS=humongous(starts), HC=humongous(continues), CS=collection set, F=free, OA=open archive, CA=closed archive, TAMS=top-at-mark-start (previous, next)
|   0|0x0000000602800000, 0x0000000602800000, 0x0000000602c00000|  0%| F|  |TAMS 0x0000000602800000, 0x0000000602800000| Untracked 
|   1|0x0000000602c00000, 0x0000000602c00000, 0x0000000603000000|  0%| F|  |TAMS 0x0000000602c00000, 0x0000000602c00000| Untracked 
|   2|0x0000000603000000, 0x0000000603000000, 0x0000000603400000|  0%| F|  |TAMS 0x0000000603000000, 0x0000000603000000| Untracked 
|   3|0x0000000603400000, 0x0000000603400000, 0x0000000603800000|  0%| F|  |TAMS 0x0000000603400000, 0x0000000603400000| Untracked 
|   4|0x0000000603800000, 0x0000000603800000, 0x0000000603c00000|  0%| F|  |TAMS 0x0000000603800000, 0x0000000603800000| Untracked 
|   5|0x0000000603c00000, 0x0000000603c00000, 0x0000000604000000|  0%| F|  |TAMS 0x0000000603c00000, 0x0000000603c00000| Untracked 
|   6|0x0000000604000000, 0x0000000604000000, 0x0000000604400000|  0%| F|  |TAMS 0x0000000604000000, 0x0000000604000000| Untracked 
|   7|0x0000000604400000, 0x0000000604400000, 0x0000000604800000|  0%| F|  |TAMS 0x0000000604400000, 0x0000000604400000| Untracked 
|   8|0x0000000604800000, 0x0000000604800000, 0x0000000604c00000|  0%| F|  |TAMS 0x0000000604800000, 0x0000000604800000| Untracked 
|   9|0x0000000604c00000, 0x0000000604c00000, 0x0000000605000000|  0%| F|  |TAMS 0x0000000604c00000, 0x0000000604c00000| Untracked 
|  10|0x0000000605000000, 0x0000000605000000, 0x0000000605400000|  0%| F|  |TAMS 0x0000000605000000, 0x0000000605000000| Untracked 
|  11|0x0000000605400000, 0x0000000605400000, 0x0000000605800000|  0%| F|  |TAMS 0x0000000605400000, 0x0000000605400000| Untracked 
|  12|0x0000000605800000, 0x0000000605800000, 0x0000000605c00000|  0%| F|  |TAMS 0x0000000605800000, 0x0000000605800000| Untracked 
|  13|0x0000000605c00000, 0x0000000605c00000, 0x0000000606000000|  0%| F|  |TAMS 0x0000000605c00000, 0x0000000605c00000| Untracked 
|  14|0x0000000606000000, 0x0000000606000000, 0x0000000606400000|  0%| F|  |TAMS 0x0000000606000000, 0x0000000606000000| Untracked 
|  15|0x0000000606400000, 0x0000000606400000, 0x0000000606800000|  0%| F|  |TAMS 0x0000000606400000, 0x0000000606400000| Untracked 
|  16|0x0000000606800000, 0x0000000606800000, 0x0000000606c00000|  0%| F|  |TAMS 0x0000000606800000, 0x0000000606800000| Untracked 
|  17|0x0000000606c00000, 0x0000000606c00000, 0x0000000607000000|  0%| F|  |TAMS 0x0000000606c00000, 0x0000000606c00000| Untracked 
|  18|0x0000000607000000, 0x0000000607000000, 0x0000000607400000|  0%| F|  |TAMS 0x0000000607000000, 0x0000000607000000| Untracked 
|  19|0x0000000607400000, 0x0000000607400000, 0x0000000607800000|  0%| F|  |TAMS 0x0000000607400000, 0x0000000607400000| Untracked 
|  20|0x0000000607800000, 0x0000000607800000, 0x0000000607c00000|  0%| F|  |TAMS 0x0000000607800000, 0x0000000607800000| Untracked 
|  21|0x0000000607c00000, 0x0000000607c00000, 0x0000000608000000|  0%| F|  |TAMS 0x0000000607c00000, 0x0000000607c00000| Untracked 
|  22|0x0000000608000000, 0x0000000608000000, 0x0000000608400000|  0%| F|  |TAMS 0x0000000608000000, 0x0000000608000000| Untracked 
|  23|0x0000000608400000, 0x0000000608400000, 0x0000000608800000|  0%| F|  |TAMS 0x0000000608400000, 0x0000000608400000| Untracked 
|  24|0x0000000608800000, 0x0000000608800000, 0x0000000608c00000|  0%| F|  |TAMS 0x0000000608800000, 0x0000000608800000| Untracked 
|  25|0x0000000608c00000, 0x0000000608c00000, 0x0000000609000000|  0%| F|  |TAMS 0x0000000608c00000, 0x0000000608c00000| Untracked 
|  26|0x0000000609000000, 0x0000000609000000, 0x0000000609400000|  0%| F|  |TAMS 0x0000000609000000, 0x0000000609000000| Untracked 
|  27|0x0000000609400000, 0x0000000609400000, 0x0000000609800000|  0%| F|  |TAMS 0x0000000609400000, 0x0000000609400000| Untracked 
|  28|0x0000000609800000, 0x0000000609800000, 0x0000000609c00000|  0%| F|  |TAMS 0x0000000609800000, 0x0000000609800000| Untracked 
|  29|0x0000000609c00000, 0x0000000609c00000, 0x000000060a000000|  0%| F|  |TAMS 0x0000000609c00000, 0x0000000609c00000| Untracked 
|  30|0x000000060a000000, 0x000000060a000000, 0x000000060a400000|  0%| F|  |TAMS 0x000000060a000000, 0x000000060a000000| Untracked 
|  31|0x000000060a400000, 0x000000060a400000, 0x000000060a800000|  0%| F|  |TAMS 0x000000060a400000, 0x000000060a400000| Untracked 
|  32|0x000000060a800000, 0x000000060a800000, 0x000000060ac00000|  0%| F|  |TAMS 0x000000060a800000, 0x000000060a800000| Untracked 
|  33|0x000000060ac00000, 0x000000060ac00000, 0x000000060b000000|  0%| F|  |TAMS 0x000000060ac00000, 0x000000060ac00000| Untracked 
|  34|0x000000060b000000, 0x000000060b000000, 0x000000060b400000|  0%| F|  |TAMS 0x000000060b000000, 0x000000060b000000| Untracked 
|  35|0x000000060b400000, 0x000000060b400000, 0x000000060b800000|  0%| F|  |TAMS 0x000000060b400000, 0x000000060b400000| Untracked 
|  36|0x000000060b800000, 0x000000060b800000, 0x000000060bc00000|  0%| F|  |TAMS 0x000000060b800000, 0x000000060b800000| Untracked 
|  37|0x000000060bc00000, 0x000000060bc00000, 0x000000060c000000|  0%| F|  |TAMS 0x000000060bc00000, 0x000000060bc00000| Untracked 
|  38|0x000000060c000000, 0x000000060c000000, 0x000000060c400000|  0%| F|  |TAMS 0x000000060c000000, 0x000000060c000000| Untracked 
|  39|0x000000060c400000, 0x000000060c400000, 0x000000060c800000|  0%| F|  |TAMS 0x000000060c400000, 0x000000060c400000| Untracked 
|  40|0x000000060c800000, 0x000000060c800000, 0x000000060cc00000|  0%| F|  |TAMS 0x000000060c800000, 0x000000060c800000| Untracked 
|  41|0x000000060cc00000, 0x000000060cc00000, 0x000000060d000000|  0%| F|  |TAMS 0x000000060cc00000, 0x000000060cc00000| Untracked 
|  42|0x000000060d000000, 0x000000060d000000, 0x000000060d400000|  0%| F|  |TAMS 0x000000060d000000, 0x000000060d000000| Untracked 
|  43|0x000000060d400000, 0x000000060d400000, 0x000000060d800000|  0%| F|  |TAMS 0x000000060d400000, 0x000000060d400000| Untracked 
|  44|0x000000060d800000, 0x000000060d800000, 0x000000060dc00000|  0%| F|  |TAMS 0x000000060d800000, 0x000000060d800000| Untracked 
|  45|0x000000060dc00000, 0x000000060dc00000, 0x000000060e000000|  0%| F|  |TAMS 0x000000060dc00000, 0x000000060dc00000| Untracked 
|  46|0x000000060e000000, 0x000000060e000000, 0x000000060e400000|  0%| F|  |TAMS 0x000000060e000000, 0x000000060e000000| Untracked 
|  47|0x000000060e400000, 0x000000060e400000, 0x000000060e800000|  0%| F|  |TAMS 0x000000060e400000, 0x000000060e400000| Untracked 
|  48|0x000000060e800000, 0x000000060e800000, 0x000000060ec00000|  0%| F|  |TAMS 0x000000060e800000, 0x000000060e800000| Untracked 
|  49|0x000000060ec00000, 0x000000060ec00000, 0x000000060f000000|  0%| F|  |TAMS 0x000000060ec00000, 0x000000060ec00000| Untracked 
|  50|0x000000060f000000, 0x000000060f000000, 0x000000060f400000|  0%| F|  |TAMS 0x000000060f000000, 0x000000060f000000| Untracked 
|  51|0x000000060f400000, 0x000000060f400000, 0x000000060f800000|  0%| F|  |TAMS 0x000000060f400000, 0x000000060f400000| Untracked 
|  52|0x000000060f800000, 0x000000060f800000, 0x000000060fc00000|  0%| F|  |TAMS 0x000000060f800000, 0x000000060f800000| Untracked 
|  53|0x000000060fc00000, 0x000000060fc00000, 0x0000000610000000|  0%| F|  |TAMS 0x000000060fc00000, 0x000000060fc00000| Untracked 
|  54|0x0000000610000000, 0x0000000610000000, 0x0000000610400000|  0%| F|  |TAMS 0x0000000610000000, 0x0000000610000000| Untracked 
|  55|0x0000000610400000, 0x0000000610400000, 0x0000000610800000|  0%| F|  |TAMS 0x0000000610400000, 0x0000000610400000| Untracked 
|  56|0x0000000610800000, 0x0000000610800000, 0x0000000610c00000|  0%| F|  |TAMS 0x0000000610800000, 0x0000000610800000| Untracked 
|  57|0x0000000610c00000, 0x0000000610c00000, 0x0000000611000000|  0%| F|  |TAMS 0x0000000610c00000, 0x0000000610c00000| Untracked 
|  58|0x0000000611000000, 0x0000000611000000, 0x0000000611400000|  0%| F|  |TAMS 0x0000000611000000, 0x0000000611000000| Untracked 
|  59|0x0000000611400000, 0x0000000611400000, 0x0000000611800000|  0%| F|  |TAMS 0x0000000611400000, 0x0000000611400000| Untracked 
|  60|0x0000000611800000, 0x0000000611800000, 0x0000000611c00000|  0%| F|  |TAMS 0x0000000611800000, 0x0000000611800000| Untracked 
|  61|0x0000000611c00000, 0x0000000611c00000, 0x0000000612000000|  0%| F|  |TAMS 0x0000000611c00000, 0x0000000611c00000| Untracked 
|  62|0x0000000612000000, 0x0000000612000000, 0x0000000612400000|  0%| F|  |TAMS 0x0000000612000000, 0x0000000612000000| Untracked 
|  63|0x0000000612400000, 0x0000000612400000, 0x0000000612800000|  0%| F|  |TAMS 0x0000000612400000, 0x0000000612400000| Untracked 
|  64|0x0000000612800000, 0x0000000612800000, 0x0000000612c00000|  0%| F|  |TAMS 0x0000000612800000, 0x0000000612800000| Untracked 
|  65|0x0000000612c00000, 0x0000000612c00000, 0x0000000613000000|  0%| F|  |TAMS 0x0000000612c00000, 0x0000000612c00000| Untracked 
|  66|0x0000000613000000, 0x0000000613000000, 0x0000000613400000|  0%| F|  |TAMS 0x0000000613000000, 0x0000000613000000| Untracked 
|  67|0x0000000613400000, 0x0000000613400000, 0x0000000613800000|  0%| F|  |TAMS 0x0000000613400000, 0x0000000613400000| Untracked 
|  68|0x0000000613800000, 0x0000000613800000, 0x0000000613c00000|  0%| F|  |TAMS 0x0000000613800000, 0x0000000613800000| Untracked 
|  69|0x0000000613c00000, 0x0000000613c00000, 0x0000000614000000|  0%| F|  |TAMS 0x0000000613c00000, 0x0000000613c00000| Untracked 
|  70|0x0000000614000000, 0x0000000614000000, 0x0000000614400000|  0%| F|  |TAMS 0x0000000614000000, 0x0000000614000000| Untracked 
|  71|0x0000000614400000, 0x0000000614400000, 0x0000000614800000|  0%| F|  |TAMS 0x0000000614400000, 0x0000000614400000| Untracked 
|  72|0x0000000614800000, 0x0000000614800000, 0x0000000614c00000|  0%| F|  |TAMS 0x0000000614800000, 0x0000000614800000| Untracked 
|  73|0x0000000614c00000, 0x0000000614c00000, 0x0000000615000000|  0%| F|  |TAMS 0x0000000614c00000, 0x0000000614c00000| Untracked 
|  74|0x0000000615000000, 0x0000000615000000, 0x0000000615400000|  0%| F|  |TAMS 0x0000000615000000, 0x0000000615000000| Untracked 
|  75|0x0000000615400000, 0x0000000615400000, 0x0000000615800000|  0%| F|  |TAMS 0x0000000615400000, 0x0000000615400000| Untracked 
|  76|0x0000000615800000, 0x0000000615800000, 0x0000000615c00000|  0%| F|  |TAMS 0x0000000615800000, 0x0000000615800000| Untracked 
|  77|0x0000000615c00000, 0x0000000615c00000, 0x0000000616000000|  0%| F|  |TAMS 0x0000000615c00000, 0x0000000615c00000| Untracked 
|  78|0x0000000616000000, 0x0000000616000000, 0x0000000616400000|  0%| F|  |TAMS 0x0000000616000000, 0x0000000616000000| Untracked 
|  79|0x0000000616400000, 0x0000000616400000, 0x0000000616800000|  0%| F|  |TAMS 0x0000000616400000, 0x0000000616400000| Untracked 
|  80|0x0000000616800000, 0x0000000616800000, 0x0000000616c00000|  0%| F|  |TAMS 0x0000000616800000, 0x0000000616800000| Untracked 
|  81|0x0000000616c00000, 0x0000000616c00000, 0x0000000617000000|  0%| F|  |TAMS 0x0000000616c00000, 0x0000000616c00000| Untracked 
|  82|0x0000000617000000, 0x0000000617000000, 0x0000000617400000|  0%| F|  |TAMS 0x0000000617000000, 0x0000000617000000| Untracked 
|  83|0x0000000617400000, 0x0000000617400000, 0x0000000617800000|  0%| F|  |TAMS 0x0000000617400000, 0x0000000617400000| Untracked 
|  84|0x0000000617800000, 0x0000000617800000, 0x0000000617c00000|  0%| F|  |TAMS 0x0000000617800000, 0x0000000617800000| Untracked 
|  85|0x0000000617c00000, 0x0000000617c00000, 0x0000000618000000|  0%| F|  |TAMS 0x0000000617c00000, 0x0000000617c00000| Untracked 
|  86|0x0000000618000000, 0x0000000618000000, 0x0000000618400000|  0%| F|  |TAMS 0x0000000618000000, 0x0000000618000000| Untracked 
|  87|0x0000000618400000, 0x0000000618400000, 0x0000000618800000|  0%| F|  |TAMS 0x0000000618400000, 0x0000000618400000| Untracked 
|  88|0x0000000618800000, 0x0000000618800000, 0x0000000618c00000|  0%| F|  |TAMS 0x0000000618800000, 0x0000000618800000| Untracked 
|  89|0x0000000618c00000, 0x0000000618c00000, 0x0000000619000000|  0%| F|  |TAMS 0x0000000618c00000, 0x0000000618c00000| Untracked 
|  90|0x0000000619000000, 0x0000000619000000, 0x0000000619400000|  0%| F|  |TAMS 0x0000000619000000, 0x0000000619000000| Untracked 
|  91|0x0000000619400000, 0x0000000619400000, 0x0000000619800000|  0%| F|  |TAMS 0x0000000619400000, 0x0000000619400000| Untracked 
|  92|0x0000000619800000, 0x0000000619800000, 0x0000000619c00000|  0%| F|  |TAMS 0x0000000619800000, 0x0000000619800000| Untracked 
|  93|0x0000000619c00000, 0x0000000619c00000, 0x000000061a000000|  0%| F|  |TAMS 0x0000000619c00000, 0x0000000619c00000| Untracked 
|  94|0x000000061a000000, 0x000000061a000000, 0x000000061a400000|  0%| F|  |TAMS 0x000000061a000000, 0x000000061a000000| Untracked 
|  95|0x000000061a400000, 0x000000061a400000, 0x000000061a800000|  0%| F|  |TAMS 0x000000061a400000, 0x000000061a400000| Untracked 
|  96|0x000000061a800000, 0x000000061a800000, 0x000000061ac00000|  0%| F|  |TAMS 0x000000061a800000, 0x000000061a800000| Untracked 
|  97|0x000000061ac00000, 0x000000061ac00000, 0x000000061b000000|  0%| F|  |TAMS 0x000000061ac00000, 0x000000061ac00000| Untracked 
|  98|0x000000061b000000, 0x000000061b000000, 0x000000061b400000|  0%| F|  |TAMS 0x000000061b000000, 0x000000061b000000| Untracked 
|  99|0x000000061b400000, 0x000000061b400000, 0x000000061b800000|  0%| F|  |TAMS 0x000000061b400000, 0x000000061b400000| Untracked 
| 100|0x000000061b800000, 0x000000061b800000, 0x000000061bc00000|  0%| F|  |TAMS 0x000000061b800000, 0x000000061b800000| Untracked 
| 101|0x000000061bc00000, 0x000000061bc00000, 0x000000061c000000|  0%| F|  |TAMS 0x000000061bc00000, 0x000000061bc00000| Untracked 
| 102|0x000000061c000000, 0x000000061c000000, 0x000000061c400000|  0%| F|  |TAMS 0x000000061c000000, 0x000000061c000000| Untracked 
| 103|0x000000061c400000, 0x000000061c400000, 0x000000061c800000|  0%| F|  |TAMS 0x000000061c400000, 0x000000061c400000| Untracked 
| 104|0x000000061c800000, 0x000000061c800000, 0x000000061cc00000|  0%| F|  |TAMS 0x000000061c800000, 0x000000061c800000| Untracked 
| 105|0x000000061cc00000, 0x000000061cc00000, 0x000000061d000000|  0%| F|  |TAMS 0x000000061cc00000, 0x000000061cc00000| Untracked 
| 106|0x000000061d000000, 0x000000061d000000, 0x000000061d400000|  0%| F|  |TAMS 0x000000061d000000, 0x000000061d000000| Untracked 
| 107|0x000000061d400000, 0x000000061d400000, 0x000000061d800000|  0%| F|  |TAMS 0x000000061d400000, 0x000000061d400000| Untracked 
| 108|0x000000061d800000, 0x000000061d800000, 0x000000061dc00000|  0%| F|  |TAMS 0x000000061d800000, 0x000000061d800000| Untracked 
| 109|0x000000061dc00000, 0x000000061dc00000, 0x000000061e000000|  0%| F|  |TAMS 0x000000061dc00000, 0x000000061dc00000| Untracked 
| 110|0x000000061e000000, 0x000000061e000000, 0x000000061e400000|  0%| F|  |TAMS 0x000000061e000000, 0x000000061e000000| Untracked 
| 111|0x000000061e400000, 0x000000061e400000, 0x000000061e800000|  0%| F|  |TAMS 0x000000061e400000, 0x000000061e400000| Untracked 
| 112|0x000000061e800000, 0x000000061e800000, 0x000000061ec00000|  0%| F|  |TAMS 0x000000061e800000, 0x000000061e800000| Untracked 
| 113|0x000000061ec00000, 0x000000061ec00000, 0x000000061f000000|  0%| F|  |TAMS 0x000000061ec00000, 0x000000061ec00000| Untracked 
| 114|0x000000061f000000, 0x000000061f000000, 0x000000061f400000|  0%| F|  |TAMS 0x000000061f000000, 0x000000061f000000| Untracked 
| 115|0x000000061f400000, 0x000000061f400000, 0x000000061f800000|  0%| F|  |TAMS 0x000000061f400000, 0x000000061f400000| Untracked 
| 116|0x000000061f800000, 0x000000061f800000, 0x000000061fc00000|  0%| F|  |TAMS 0x000000061f800000, 0x000000061f800000| Untracked 
| 117|0x000000061fc00000, 0x000000061fc00000, 0x0000000620000000|  0%| F|  |TAMS 0x000000061fc00000, 0x000000061fc00000| Untracked 
| 118|0x0000000620000000, 0x0000000620000000, 0x0000000620400000|  0%| F|  |TAMS 0x0000000620000000, 0x0000000620000000| Untracked 
| 119|0x0000000620400000, 0x0000000620400000, 0x0000000620800000|  0%| F|  |TAMS 0x0000000620400000, 0x0000000620400000| Untracked 
| 120|0x0000000620800000, 0x0000000620800000, 0x0000000620c00000|  0%| F|  |TAMS 0x0000000620800000, 0x0000000620800000| Untracked 
| 121|0x0000000620c00000, 0x0000000620c00000, 0x0000000621000000|  0%| F|  |TAMS 0x0000000620c00000, 0x0000000620c00000| Untracked 
| 122|0x0000000621000000, 0x00000006213f5ac0, 0x0000000621400000| 98%| E|  |TAMS 0x0000000621000000, 0x0000000621000000| Complete 
| 123|0x0000000621400000, 0x0000000621800000, 0x0000000621800000|100%| E|CS|TAMS 0x0000000621400000, 0x0000000621400000| Complete 
| 124|0x0000000621800000, 0x0000000621c00000, 0x0000000621c00000|100%| E|  |TAMS 0x0000000621800000, 0x0000000621800000| Complete 
| 125|0x0000000621c00000, 0x0000000622000000, 0x0000000622000000|100%| E|CS|TAMS 0x0000000621c00000, 0x0000000621c00000| Complete 
| 126|0x0000000622000000, 0x0000000622400000, 0x0000000622400000|100%| E|CS|TAMS 0x0000000622000000, 0x0000000622000000| Complete 
| 127|0x0000000622400000, 0x0000000622800000, 0x0000000622800000|100%| E|CS|TAMS 0x0000000622400000, 0x0000000622400000| Complete 

Card table byte_map: [0x000001c9bee10000,0x000001c9bfe00000] _byte_map_base: 0x000001c9bbdfc000

Marking Bits (Prev, Next): (CMBitMap*) 0x000001c9a6e079a0, (CMBitMap*) 0x000001c9a6e079e0
 Prev Bits: [0x000001c9c0df0000, 0x000001c9c8d50000)
 Next Bits: [0x000001c9c8d50000, 0x000001c9d0cb0000)

Polling page: 0x000001c9a49b0000

Metaspace:

Usage:
  Non-class:      5.72 MB used.
      Class:    322.84 KB used.
       Both:      6.04 MB used.

Virtual space:
  Non-class space:       64.00 MB reserved,       5.81 MB (  9%) committed,  1 nodes.
      Class space:        1.00 GB reserved,     384.00 KB ( <1%) committed,  1 nodes.
             Both:        1.06 GB reserved,       6.19 MB ( <1%) committed. 

Chunk freelists:
   Non-Class:  7.79 MB
       Class:  15.52 MB
        Both:  23.30 MB

MaxMetaspaceSize: unlimited
CompressedClassSpaceSize: 1.00 GB
Initial GC threshold: 21.00 MB
Current GC threshold: 21.00 MB
CDS: on
MetaspaceReclaimPolicy: balanced
 - commit_granule_bytes: 65536.
 - commit_granule_words: 8192.
 - virtual_space_node_default_size: 8388608.
 - enlarge_chunks_in_place: 1.
 - new_chunks_are_fully_committed: 0.
 - uncommit_free_chunks: 1.
 - use_allocation_guard: 0.
 - handle_deallocations: 1.


Internal statistics:

num_allocs_failed_limit: 0.
num_arena_births: 76.
num_arena_deaths: 0.
num_vsnodes_births: 2.
num_vsnodes_deaths: 0.
num_space_committed: 97.
num_space_uncommitted: 0.
num_chunks_returned_to_freelist: 0.
num_chunks_taken_from_freelist: 246.
num_chunk_merges: 0.
num_chunk_splits: 186.
num_chunks_enlarged: 147.
num_inconsistent_stats: 0.

CodeHeap 'non-profiled nmethods': size=120000Kb used=405Kb max_used=405Kb free=119594Kb
 bounds [0x000001c9b6390000, 0x000001c9b6600000, 0x000001c9bd8c0000]
CodeHeap 'profiled nmethods': size=120000Kb used=1665Kb max_used=1665Kb free=118334Kb
 bounds [0x000001c9ae8c0000, 0x000001c9aeb30000, 0x000001c9b5df0000]
CodeHeap 'non-nmethods': size=5760Kb used=1623Kb max_used=1628Kb free=4136Kb
 bounds [0x000001c9b5df0000, 0x000001c9b6060000, 0x000001c9b6390000]
 total_blobs=2045 nmethods=987 adapters=971
 compilation: enabled
              stopped_count=0, restarted_count=0
 full_count=0

Compilation events (20 events):
Event: 0.966 Thread 0x000001c9d0ea6a00  979       1       sun.nio.fs.WindowsPath::getFileSystem (5 bytes)
Event: 0.966 Thread 0x000001c9d0ea6a00 nmethod 979 0x000001c9b63f5410 code [0x000001c9b63f55a0, 0x000001c9b63f5678]
Event: 0.967 Thread 0x000001c9d0ea6a00  980       3       java.io.FilterInputStream::read (11 bytes)
Event: 0.967 Thread 0x000001c9d0ea6a00 nmethod 980 0x000001c9aea5d090 code [0x000001c9aea5d240, 0x000001c9aea5d428]
Event: 0.967 Thread 0x000001c9d0ea6a00  981       3       java.io.FilterInputStream::read (9 bytes)
Event: 0.967 Thread 0x000001c9d0ea6a00 nmethod 981 0x000001c9aea5d510 code [0x000001c9aea5d6c0, 0x000001c9aea5d8a8]
Event: 0.969 Thread 0x000001c9d0ea6a00  982       3       java.nio.MappedByteBuffer::limit (8 bytes)
Event: 0.969 Thread 0x000001c9d0ea6a00 nmethod 982 0x000001c9aea5d990 code [0x000001c9aea5db40, 0x000001c9aea5dce8]
Event: 0.969 Thread 0x000001c9d0ea6a00  983       3       sun.nio.ch.FileChannelImpl::ensureOpen (16 bytes)
Event: 0.969 Thread 0x000001c9d0ea6a00 nmethod 983 0x000001c9aea5dd90 code [0x000001c9aea5df40, 0x000001c9aea5e1a8]
Event: 0.969 Thread 0x000001c9d0ea6a00  984   !   3       sun.nio.ch.NativeThreadSet::add (155 bytes)
Event: 0.970 Thread 0x000001c9d0ea6a00 nmethod 984 0x000001c9aea5e290 code [0x000001c9aea5e460, 0x000001c9aea5ea68]
Event: 0.970 Thread 0x000001c9d0ea6a00  985   !   3       sun.nio.ch.NativeThreadSet::remove (50 bytes)
Event: 0.970 Thread 0x000001c9d0ea6a00 nmethod 985 0x000001c9aea5ed10 code [0x000001c9aea5eec0, 0x000001c9aea5f188]
Event: 0.970 Thread 0x000001c9d0ea6a00  986       3       java.nio.Buffer::checkScope (16 bytes)
Event: 0.970 Thread 0x000001c9d0ea6a00 nmethod 986 0x000001c9aea5f310 code [0x000001c9aea5f4c0, 0x000001c9aea5f798]
Event: 0.971 Thread 0x000001c9d0ea6a00  987       3       java.util.ArrayList::grow (60 bytes)
Event: 0.971 Thread 0x000001c9d0ea6a00 nmethod 987 0x000001c9aea5f890 code [0x000001c9aea5fa80, 0x000001c9aea600d8]
Event: 0.971 Thread 0x000001c9d0ea6a00  988       3       java.util.ArrayList$Itr::hasNext (20 bytes)
Event: 0.971 Thread 0x000001c9d0ea6a00 nmethod 988 0x000001c9aea60310 code [0x000001c9aea604a0, 0x000001c9aea60618]

GC Heap History (0 events):
No events

Dll operation events (10 events):
Event: 0.005 Loaded shared library C:\Users\osama\.jdks\corretto-17.0.14\bin\java.dll
Event: 0.017 Loaded shared library C:\Users\osama\.jdks\corretto-17.0.14\bin\jsvml.dll
Event: 0.063 Loaded shared library C:\Users\osama\.jdks\corretto-17.0.14\bin\net.dll
Event: 0.064 Loaded shared library C:\Users\osama\.jdks\corretto-17.0.14\bin\nio.dll
Event: 0.065 Loaded shared library C:\Users\osama\.jdks\corretto-17.0.14\bin\zip.dll
Event: 0.071 Loaded shared library C:\Users\osama\.jdks\corretto-17.0.14\bin\verify.dll
Event: 0.171 Loaded shared library C:\Users\osama\.jdks\corretto-17.0.14\bin\jimage.dll
Event: 0.191 Loaded shared library C:\Users\osama\AppData\Local\Temp\lwjglosama\3.2.3-build-13\lwjgl.dll
Event: 0.759 Loaded shared library C:\Users\osama\AppData\Local\Temp\lwjglosama\3.2.3-build-13\lwjgl_opengl.dll
Event: 0.970 Loaded shared library C:\Users\osama\AppData\Local\Temp\lwjglosama\3.2.3-build-13\lwjgl_stb.dll

Deoptimization events (20 events):
Event: 0.938 Thread 0x000001c9a6d97b10 Uncommon trap: trap_request=0xffffff45 fr.pc=0x000001c9b63b4478 relative=0x00000000000003d8
Event: 0.938 Thread 0x000001c9a6d97b10 Uncommon trap: reason=unstable_if action=reinterpret pc=0x000001c9b63b4478 method=java.lang.StringLatin1.newString([BII)Ljava/lang/String; @ 1 c2
Event: 0.938 Thread 0x000001c9a6d97b10 DEOPT PACKING pc=0x000001c9b63b4478 sp=0x000000687bbfe680
Event: 0.938 Thread 0x000001c9a6d97b10 DEOPT UNPACKING pc=0x000001c9b5e469a3 sp=0x000000687bbfe660 mode 2
Event: 0.938 Thread 0x000001c9a6d97b10 Uncommon trap: trap_request=0xffffff45 fr.pc=0x000001c9b63a9538 relative=0x00000000000004f8
Event: 0.938 Thread 0x000001c9a6d97b10 Uncommon trap: reason=unstable_if action=reinterpret pc=0x000001c9b63a9538 method=java.lang.AbstractStringBuilder.putStringAt(ILjava/lang/String;II)V @ 8 c2
Event: 0.938 Thread 0x000001c9a6d97b10 DEOPT PACKING pc=0x000001c9b63a9538 sp=0x000000687bbfea90
Event: 0.938 Thread 0x000001c9a6d97b10 DEOPT UNPACKING pc=0x000001c9b5e469a3 sp=0x000000687bbfe918 mode 2
Event: 0.938 Thread 0x000001c9a6d97b10 Uncommon trap: trap_request=0xffffff45 fr.pc=0x000001c9b63ab2b0 relative=0x00000000000004f0
Event: 0.938 Thread 0x000001c9a6d97b10 Uncommon trap: reason=unstable_if action=reinterpret pc=0x000001c9b63ab2b0 method=java.lang.AbstractStringBuilder.putStringAt(ILjava/lang/String;II)V @ 8 c2
Event: 0.938 Thread 0x000001c9a6d97b10 DEOPT PACKING pc=0x000001c9b63ab2b0 sp=0x000000687bbfea30
Event: 0.938 Thread 0x000001c9a6d97b10 DEOPT UNPACKING pc=0x000001c9b5e469a3 sp=0x000000687bbfe920 mode 2
Event: 0.938 Thread 0x000001c9a6d97b10 Uncommon trap: trap_request=0xffffff45 fr.pc=0x000001c9b63a405c relative=0x000000000000005c
Event: 0.938 Thread 0x000001c9a6d97b10 Uncommon trap: reason=unstable_if action=reinterpret pc=0x000001c9b63a405c method=java.lang.AbstractStringBuilder.isLatin1()Z @ 10 c2
Event: 0.938 Thread 0x000001c9a6d97b10 DEOPT PACKING pc=0x000001c9b63a405c sp=0x000000687bbfe8c0
Event: 0.938 Thread 0x000001c9a6d97b10 DEOPT UNPACKING pc=0x000001c9b5e469a3 sp=0x000000687bbfe850 mode 2
Event: 0.940 Thread 0x000001c9a6d97b10 Uncommon trap: trap_request=0xffffff45 fr.pc=0x000001c9b63a86d4 relative=0x0000000000000134
Event: 0.940 Thread 0x000001c9a6d97b10 Uncommon trap: reason=unstable_if action=reinterpret pc=0x000001c9b63a86d4 method=java.lang.AbstractStringBuilder.putStringAt(ILjava/lang/String;II)V @ 8 c2
Event: 0.940 Thread 0x000001c9a6d97b10 DEOPT PACKING pc=0x000001c9b63a86d4 sp=0x000000687bbfe9d0
Event: 0.940 Thread 0x000001c9a6d97b10 DEOPT UNPACKING pc=0x000001c9b5e469a3 sp=0x000000687bbfe918 mode 2

Classes loaded (20 events):
Event: 0.960 Loading class java/util/stream/Node$OfInt done
Event: 0.960 Loading class java/util/stream/Nodes$EmptyNode$OfInt done
Event: 0.960 Loading class java/util/stream/Nodes$EmptyNode$OfLong
Event: 0.960 Loading class java/util/stream/Node$OfLong
Event: 0.960 Loading class java/util/stream/Node$OfLong done
Event: 0.960 Loading class java/util/stream/Nodes$EmptyNode$OfLong done
Event: 0.960 Loading class java/util/stream/Nodes$EmptyNode$OfDouble
Event: 0.960 Loading class java/util/stream/Node$OfDouble
Event: 0.960 Loading class java/util/stream/Node$OfDouble done
Event: 0.960 Loading class java/util/stream/Nodes$EmptyNode$OfDouble done
Event: 0.960 Loading class java/util/stream/Nodes$IntFixedNodeBuilder
Event: 0.960 Loading class java/util/stream/Node$Builder$OfInt
Event: 0.960 Loading class java/util/stream/Node$Builder
Event: 0.960 Loading class java/util/stream/Node$Builder done
Event: 0.960 Loading class java/util/stream/Node$Builder$OfInt done
Event: 0.960 Loading class java/util/stream/Nodes$IntArrayNode
Event: 0.960 Loading class java/util/stream/Nodes$IntArrayNode done
Event: 0.960 Loading class java/util/stream/Nodes$IntFixedNodeBuilder done
Event: 0.961 Loading class java/util/stream/ReferencePipeline$4$1
Event: 0.961 Loading class java/util/stream/ReferencePipeline$4$1 done

Classes unloaded (0 events):
No events

Classes redefined (0 events):
No events

Internal exceptions (18 events):
Event: 0.152 Thread 0x000001c9a6d97b10 Exception <a 'java/lang/NoSuchMethodError'{0x00000006223b2b48}: 'java.lang.Object java.lang.invoke.DirectMethodHandle$Holder.invokeStaticInit(java.lang.Object)'> (0x00000006223b2b48) 
thrown [s\src\hotspot\share\interpreter\linkResolver.cpp, line 759]
Event: 0.161 Thread 0x000001c9a6d97b10 Exception <a 'java/lang/NoSuchMethodError'{0x0000000621c3bfe0}: 'void java.lang.invoke.DirectMethodHandle$Holder.invokeStatic(java.lang.Object, java.lang.Object)'> (0x0000000621c3bfe0) 
thrown [s\src\hotspot\share\interpreter\linkResolver.cpp, line 759]
Event: 0.161 Thread 0x000001c9a6d97b10 Exception <a 'java/lang/NoSuchMethodError'{0x0000000621c41828}: 'void java.lang.invoke.DirectMethodHandle$Holder.invokeSpecial(java.lang.Object, java.lang.Object, java.lang.Object)'> (0x0000000621c41828) 
thrown [s\src\hotspot\share\interpreter\linkResolver.cpp, line 759]
Event: 0.163 Thread 0x000001c9a6d97b10 Exception <a 'java/lang/NoSuchMethodError'{0x0000000621c54bb0}: 'java.lang.Object java.lang.invoke.DirectMethodHandle$Holder.invokeStatic(java.lang.Object, java.lang.Object, int)'> (0x0000000621c54bb0) 
thrown [s\src\hotspot\share\interpreter\linkResolver.cpp, line 759]
Event: 0.164 Thread 0x000001c9a6d97b10 Exception <a 'java/lang/NoSuchMethodError'{0x0000000621c60a10}: 'void java.lang.invoke.DelegatingMethodHandle$Holder.delegate(java.lang.Object, java.lang.Object, int, java.lang.Object)'> (0x0000000621c60a10) 
thrown [s\src\hotspot\share\interpreter\linkResolver.cpp, line 759]
Event: 0.165 Thread 0x000001c9a6d97b10 Exception <a 'java/lang/NoSuchMethodError'{0x0000000621c64c50}: 'int java.lang.invoke.DirectMethodHandle$Holder.invokeSpecial(java.lang.Object, java.lang.Object, java.lang.Object)'> (0x0000000621c64c50) 
thrown [s\src\hotspot\share\interpreter\linkResolver.cpp, line 759]
Event: 0.194 Thread 0x000001c9a6d97b10 Exception <a 'sun/nio/fs/WindowsException'{0x0000000621dc0678}> (0x0000000621dc0678) 
thrown [s\src\hotspot\share\prims\jni.cpp, line 516]
Event: 0.194 Thread 0x000001c9a6d97b10 Exception <a 'sun/nio/fs/WindowsException'{0x0000000621dc0bd0}> (0x0000000621dc0bd0) 
thrown [s\src\hotspot\share\prims\jni.cpp, line 516]
Event: 0.213 Thread 0x000001c9a6d97b10 Exception <a 'sun/nio/fs/WindowsException'{0x0000000621efb7c0}> (0x0000000621efb7c0) 
thrown [s\src\hotspot\share\prims\jni.cpp, line 516]
Event: 0.213 Thread 0x000001c9a6d97b10 Exception <a 'sun/nio/fs/WindowsException'{0x0000000621efbb60}> (0x0000000621efbb60) 
thrown [s\src\hotspot\share\prims\jni.cpp, line 516]
Event: 0.230 Thread 0x000001c9a6d97b10 Exception <a 'sun/nio/fs/WindowsException'{0x0000000621fd64c0}> (0x0000000621fd64c0) 
thrown [s\src\hotspot\share\prims\jni.cpp, line 516]
Event: 0.230 Thread 0x000001c9a6d97b10 Exception <a 'sun/nio/fs/WindowsException'{0x0000000621fd6830}> (0x0000000621fd6830) 
thrown [s\src\hotspot\share\prims\jni.cpp, line 516]
Event: 0.758 Thread 0x000001c9a6d97b10 Exception <a 'sun/nio/fs/WindowsException'{0x00000006218b49c0}> (0x00000006218b49c0) 
thrown [s\src\hotspot\share\prims\jni.cpp, line 516]
Event: 0.758 Thread 0x000001c9a6d97b10 Exception <a 'sun/nio/fs/WindowsException'{0x00000006218b4d70}> (0x00000006218b4d70) 
thrown [s\src\hotspot\share\prims\jni.cpp, line 516]
Event: 0.761 Thread 0x000001c9a6d97b10 Exception <a 'sun/nio/fs/WindowsException'{0x00000006218c7880}> (0x00000006218c7880) 
thrown [s\src\hotspot\share\prims\jni.cpp, line 516]
Event: 0.761 Thread 0x000001c9a6d97b10 Exception <a 'sun/nio/fs/WindowsException'{0x00000006218c7b68}> (0x00000006218c7b68) 
thrown [s\src\hotspot\share\prims\jni.cpp, line 516]
Event: 0.970 Thread 0x000001c9a6d97b10 Exception <a 'sun/nio/fs/WindowsException'{0x00000006213e9ee0}> (0x00000006213e9ee0) 
thrown [s\src\hotspot\share\prims\jni.cpp, line 516]
Event: 0.970 Thread 0x000001c9a6d97b10 Exception <a 'sun/nio/fs/WindowsException'{0x00000006213ea268}> (0x00000006213ea268) 
thrown [s\src\hotspot\share\prims\jni.cpp, line 516]

VM Operations (8 events):
Event: 0.066 Executing VM operation: HandshakeAllThreads
Event: 0.066 Executing VM operation: HandshakeAllThreads done
Event: 0.163 Executing VM operation: HandshakeAllThreads
Event: 0.163 Executing VM operation: HandshakeAllThreads done
Event: 0.181 Executing VM operation: HandshakeAllThreads
Event: 0.181 Executing VM operation: HandshakeAllThreads done
Event: 0.766 Executing VM operation: HandshakeAllThreads
Event: 0.766 Executing VM operation: HandshakeAllThreads done

Memory protections (0 events):
No events

Nmethod flushes (0 events):
No events

Events (16 events):
Event: 0.017 Thread 0x000001c9a6d97b10 Thread added: 0x000001c9a6d97b10
Event: 0.018 Thread 0x000001c9a6d97b10 Thread added: 0x000001c9d0e81a10
Event: 0.018 Thread 0x000001c9a6d97b10 Thread added: 0x000001c9d0e825d0
Event: 0.023 Thread 0x000001c9a6d97b10 Thread added: 0x000001c9d0e92090
Event: 0.023 Thread 0x000001c9a6d97b10 Thread added: 0x000001c9d0e92a50
Event: 0.023 Thread 0x000001c9a6d97b10 Thread added: 0x000001c9d0e93410
Event: 0.023 Thread 0x000001c9a6d97b10 Thread added: 0x000001c9d0e94de0
Event: 0.024 Thread 0x000001c9a6d97b10 Thread added: 0x000001c9d0e9dff0
Event: 0.024 Thread 0x000001c9a6d97b10 Thread added: 0x000001c9d0ea6a00
Event: 0.024 Thread 0x000001c9a6d97b10 Thread added: 0x000001c9d0eabbf0
Event: 0.056 Thread 0x000001c9a6d97b10 Thread added: 0x000001c9d3b1bcd0
Event: 0.058 Thread 0x000001c9a6d97b10 Thread added: 0x000001c9d3b349a0
Event: 0.094 Thread 0x000001c9d0ea6a00 Thread added: 0x000001ca1912e8b0
Event: 0.545 Thread 0x000001ca1912e8b0 Thread exited: 0x000001ca1912e8b0
Event: 0.837 Thread 0x000001c9d0ea6a00 Thread added: 0x000001ca1a0296c0
Event: 0.875 Thread 0x000001c9d0ea6a00 Thread added: 0x000001ca1a0cb570


Dynamic libraries:
0x00007ff714d20000 - 0x00007ff714d2e000 	C:\Users\osama\.jdks\corretto-17.0.14\bin\java.exe
0x00007ffeb6680000 - 0x00007ffeb68e0000 	C:\WINDOWS\SYSTEM32\ntdll.dll
0x00007ffeb4b00000 - 0x00007ffeb4bc7000 	C:\WINDOWS\System32\KERNEL32.DLL
0x00007ffeb3860000 - 0x00007ffeb3c2a000 	C:\WINDOWS\System32\KERNELBASE.dll
0x00007ffeb3fb0000 - 0x00007ffeb40fb000 	C:\WINDOWS\System32\ucrtbase.dll
0x00007ffe273f0000 - 0x00007ffe27407000 	C:\Users\osama\.jdks\corretto-17.0.14\bin\jli.dll
0x00007ffe273d0000 - 0x00007ffe273eb000 	C:\Users\osama\.jdks\corretto-17.0.14\bin\VCRUNTIME140.dll
0x00007ffeb4760000 - 0x00007ffeb492c000 	C:\WINDOWS\System32\USER32.dll
0x00007ffe99080000 - 0x00007ffe99317000 	C:\WINDOWS\WinSxS\amd64_microsoft.windows.common-controls_6595b64144ccf1df_6.0.26100.3624_none_3e086962e3345f24\COMCTL32.dll
0x00007ffeb4300000 - 0x00007ffeb4327000 	C:\WINDOWS\System32\win32u.dll
0x00007ffeb4930000 - 0x00007ffeb495a000 	C:\WINDOWS\System32\GDI32.dll
0x00007ffeb6280000 - 0x00007ffeb6329000 	C:\WINDOWS\System32\msvcrt.dll
0x00007ffeb3e70000 - 0x00007ffeb3fa1000 	C:\WINDOWS\System32\gdi32full.dll
0x00007ffeb4330000 - 0x00007ffeb43d3000 	C:\WINDOWS\System32\msvcp_win.dll
0x00007ffeb4c60000 - 0x00007ffeb4c8f000 	C:\WINDOWS\System32\IMM32.DLL
0x00007ffe78290000 - 0x00007ffe7829c000 	C:\Users\osama\.jdks\corretto-17.0.14\bin\vcruntime140_1.dll
0x00007ffe15ed0000 - 0x00007ffe15f5d000 	C:\Users\osama\.jdks\corretto-17.0.14\bin\msvcp140.dll
0x00007ffe07660000 - 0x00007ffe082cc000 	C:\Users\osama\.jdks\corretto-17.0.14\bin\server\jvm.dll
0x00007ffeb58b0000 - 0x00007ffeb5962000 	C:\WINDOWS\System32\ADVAPI32.dll
0x00007ffeb6330000 - 0x00007ffeb63d6000 	C:\WINDOWS\System32\sechost.dll
0x00007ffeb4530000 - 0x00007ffeb4646000 	C:\WINDOWS\System32\RPCRT4.dll
0x00007ffeb4bd0000 - 0x00007ffeb4c44000 	C:\WINDOWS\System32\WS2_32.dll
0x00007ffeb2f90000 - 0x00007ffeb2fee000 	C:\WINDOWS\SYSTEM32\POWRPROF.dll
0x00007ffead060000 - 0x00007ffead06b000 	C:\WINDOWS\SYSTEM32\VERSION.dll
0x00007ffea6fd0000 - 0x00007ffea7006000 	C:\WINDOWS\SYSTEM32\WINMM.dll
0x00007ffeb2f70000 - 0x00007ffeb2f84000 	C:\WINDOWS\SYSTEM32\UMPDC.dll
0x00007ffeb2630000 - 0x00007ffeb264a000 	C:\WINDOWS\SYSTEM32\kernel.appcore.dll
0x00007ffe771a0000 - 0x00007ffe771aa000 	C:\Users\osama\.jdks\corretto-17.0.14\bin\jimage.dll
0x00007ffeb0cc0000 - 0x00007ffeb0f01000 	C:\WINDOWS\SYSTEM32\DBGHELP.DLL
0x00007ffeb5390000 - 0x00007ffeb5712000 	C:\WINDOWS\System32\combase.dll
0x00007ffeb63e0000 - 0x00007ffeb64b6000 	C:\WINDOWS\System32\OLEAUT32.dll
0x00007ffe99cb0000 - 0x00007ffe99ce9000 	C:\WINDOWS\SYSTEM32\dbgcore.DLL
0x00007ffeb43e0000 - 0x00007ffeb4479000 	C:\WINDOWS\System32\bcryptPrimitives.dll
0x00007ffe26950000 - 0x00007ffe26975000 	C:\Users\osama\.jdks\corretto-17.0.14\bin\java.dll
0x00007ffe14f10000 - 0x00007ffe14fe7000 	C:\Users\osama\.jdks\corretto-17.0.14\bin\jsvml.dll
0x00007ffeb5970000 - 0x00007ffeb6099000 	C:\WINDOWS\System32\SHELL32.dll
0x00007ffeb4100000 - 0x00007ffeb4268000 	C:\WINDOWS\System32\wintypes.dll
0x00007ffeb14e0000 - 0x00007ffeb1d32000 	C:\WINDOWS\SYSTEM32\windows.storage.dll
0x00007ffeb5290000 - 0x00007ffeb537d000 	C:\WINDOWS\System32\SHCORE.dll
0x00007ffeb5810000 - 0x00007ffeb5874000 	C:\WINDOWS\System32\shlwapi.dll
0x00007ffeb3770000 - 0x00007ffeb379f000 	C:\WINDOWS\SYSTEM32\profapi.dll
0x00007ffe15eb0000 - 0x00007ffe15ec9000 	C:\Users\osama\.jdks\corretto-17.0.14\bin\net.dll
0x00007ffeab9e0000 - 0x00007ffeabafd000 	C:\WINDOWS\SYSTEM32\WINHTTP.dll
0x00007ffeb2b30000 - 0x00007ffeb2b9a000 	C:\WINDOWS\system32\mswsock.dll
0x00007ffe15e90000 - 0x00007ffe15ea6000 	C:\Users\osama\.jdks\corretto-17.0.14\bin\nio.dll
0x00007ffe26180000 - 0x00007ffe26198000 	C:\Users\osama\.jdks\corretto-17.0.14\bin\zip.dll
0x00007ffe760c0000 - 0x00007ffe760d0000 	C:\Users\osama\.jdks\corretto-17.0.14\bin\verify.dll
0x00007ffe979c0000 - 0x00007ffe97a24000 	C:\Users\osama\AppData\Local\Temp\lwjglosama\3.2.3-build-13\lwjgl.dll
0x00007ffe2a7c0000 - 0x00007ffe2aa13000 	C:\Users\osama\AppData\Local\Temp\lwjglosama\3.2.3-build-13\jemalloc.dll
0x00007ffe97950000 - 0x00007ffe979b2000 	C:\Users\osama\AppData\Local\Temp\lwjglosama\3.2.3-build-13\glfw.dll
0x00007ffeb0620000 - 0x00007ffeb06ce000 	C:\WINDOWS\system32\uxtheme.dll
0x00007ffe492c0000 - 0x00007ffe4930b000 	C:\WINDOWS\SYSTEM32\dinput8.dll
0x00007ffead570000 - 0x00007ffead582000 	C:\WINDOWS\SYSTEM32\xinput1_4.dll
0x00007ffeb34c0000 - 0x00007ffeb351f000 	C:\WINDOWS\SYSTEM32\cfgmgr32.dll
0x00007ffeb3490000 - 0x00007ffeb34bd000 	C:\WINDOWS\SYSTEM32\DEVOBJ.dll
0x00007ffeb0940000 - 0x00007ffeb0976000 	C:\WINDOWS\SYSTEM32\dwmapi.dll
0x00007ffe9c1a0000 - 0x00007ffe9c380000 	C:\WINDOWS\SYSTEM32\inputhost.dll
0x00007ffeafff0000 - 0x00007ffeb0116000 	C:\WINDOWS\SYSTEM32\CoreMessaging.dll
0x00007ffeb5130000 - 0x00007ffeb528d000 	C:\WINDOWS\System32\MSCTF.dll
0x00007ffeb2d60000 - 0x00007ffeb2d6c000 	C:\WINDOWS\SYSTEM32\CRYPTBASE.DLL
0x00007ffeb1d40000 - 0x00007ffeb1d4f000 	C:\WINDOWS\SYSTEM32\HID.DLL
0x00007ffeb4ca0000 - 0x00007ffeb5126000 	C:\WINDOWS\System32\SETUPAPI.DLL
0x00007ffeb4270000 - 0x00007ffeb42ef000 	C:\WINDOWS\System32\WINTRUST.dll
0x00007ffeb3c30000 - 0x00007ffeb3da7000 	C:\WINDOWS\System32\CRYPT32.dll
0x00007ffeb3060000 - 0x00007ffeb3073000 	C:\WINDOWS\SYSTEM32\MSASN1.dll
0x00007ffe16040000 - 0x00007ffe1614c000 	C:\WINDOWS\SYSTEM32\opengl32.dll
0x00007ffe28a00000 - 0x00007ffe28a2d000 	C:\WINDOWS\SYSTEM32\GLU32.dll
0x00007ffeb0720000 - 0x00007ffeb0767000 	C:\WINDOWS\SYSTEM32\dxcore.dll
0x00007ffe9c8e0000 - 0x00007ffe9c8fa000 	C:\WINDOWS\SYSTEM32\windows.staterepositorycore.dll
0x00007ffe04e70000 - 0x00007ffe0765e000 	C:\WINDOWS\System32\DriverStore\FileRepository\nv_dispi.inf_amd64_9d15b9aa9e1c885b\nvoglv64.dll
0x00007ffeb4960000 - 0x00007ffeb4af6000 	C:\WINDOWS\System32\ole32.dll
0x00007ffeb04f0000 - 0x00007ffeb0506000 	C:\WINDOWS\SYSTEM32\WTSAPI32.dll
0x00007ffeac140000 - 0x00007ffeac17b000 	C:\WINDOWS\SYSTEM32\cryptnet.dll
0x00007ffeb2e00000 - 0x00007ffeb2e5d000 	C:\WINDOWS\SYSTEM32\wldp.dll
0x00007ffeabfc0000 - 0x00007ffeac13c000 	C:\WINDOWS\SYSTEM32\drvstore.dll
0x00007ffeb2750000 - 0x00007ffeb2785000 	C:\WINDOWS\SYSTEM32\ntmarta.dll
0x00007ffeb5880000 - 0x00007ffeb58a0000 	C:\WINDOWS\System32\imagehlp.dll
0x00007ffeb3000000 - 0x00007ffeb301c000 	C:\WINDOWS\SYSTEM32\CRYPTSP.dll
0x00007ffeb2590000 - 0x00007ffeb25ca000 	C:\WINDOWS\system32\rsaenh.dll
0x00007ffeb3740000 - 0x00007ffeb3766000 	C:\WINDOWS\SYSTEM32\bcrypt.dll
0x00007ffea8120000 - 0x00007ffeab8ba000 	C:\WINDOWS\System32\DriverStore\FileRepository\nv_dispi.inf_amd64_9d15b9aa9e1c885b\nvgpucomp64.dll
0x00007ffe825c0000 - 0x00007ffe828c4000 	C:\WINDOWS\system32\nvspcap64.dll
0x00007ffeb2e60000 - 0x00007ffeb2ec7000 	C:\WINDOWS\SYSTEM32\WINSTA.dll
0x00007ffe9e570000 - 0x00007ffe9e6b9000 	C:\WINDOWS\SYSTEM32\textinputframework.dll
0x00007ffeacd60000 - 0x00007ffead043000 	C:\WINDOWS\SYSTEM32\CoreUIComponents.dll
0x00007ffe86fa0000 - 0x00007ffe86ff9000 	C:\Users\osama\AppData\Local\Temp\lwjglosama\3.2.3-build-13\lwjgl_opengl.dll
0x00007ffe83160000 - 0x00007ffe831d7000 	C:\Users\osama\AppData\Local\Temp\lwjglosama\3.2.3-build-13\lwjgl_stb.dll

dbghelp: loaded successfully - version: 4.0.5 - missing functions: none
symbol engine: initialized successfully - sym options: 0x614 - pdb path: .;C:\Users\osama\.jdks\corretto-17.0.14\bin;C:\WINDOWS\SYSTEM32;C:\WINDOWS\WinSxS\amd64_microsoft.windows.common-controls_6595b64144ccf1df_6.0.26100.3624_none_3e086962e3345f24;C:\Users\osama\.jdks\corretto-17.0.14\bin\server;C:\Users\osama\AppData\Local\Temp\lwjglosama\3.2.3-build-13;C:\WINDOWS\System32\DriverStore\FileRepository\nv_dispi.inf_amd64_9d15b9aa9e1c885b

VM Arguments:
jvm_args: -Dfile.encoding=UTF-8 -Duser.country=US -Duser.language=en -Duser.variant 
java_command: com.gameengine.test.Launcher
java_class_path (initial): C:\Users\osama\GameEngine\build\classes\java\main;C:\Users\osama\GameEngine\build\resources\main;C:\Users\osama\.gradle\caches\modules-2\files-2.1\org.joml\joml-primitives\1.10.0\b3ae3ae0dfee0bf5aef9f7964205cca0f3c6ea07\joml-primitives-1.10.0.jar;C:\Users\osama\.gradle\caches\modules-2\files-2.1\org.joml\joml\1.10.0\a29b8bf72dc1478e9ceea256db214188da94f313\joml-1.10.0.jar;C:\Users\osama\.gradle\caches\modules-2\files-2.1\org.lwjgl\lwjgl-assimp\3.2.3\f62aa07a20afbdd3097efc296c4841e0d29700eb\lwjgl-assimp-3.2.3.jar;C:\Users\osama\.gradle\caches\modules-2\files-2.1\org.lwjgl\lwjgl-assimp\3.2.3\4e60aeb75f0343c4a9ede4ef8b6b32ca702a00a3\lwjgl-assimp-3.2.3-natives-windows.jar;C:\Users\osama\.gradle\caches\modules-2\files-2.1\org.lwjgl\lwjgl-bgfx\3.2.3\433883c4040fa8df47244dffa1d42c96ce2143de\lwjgl-bgfx-3.2.3.jar;C:\Users\osama\.gradle\caches\modules-2\files-2.1\org.lwjgl\lwjgl-bgfx\3.2.3\f589da97dd3cfa96f42c8c812a0a028cf28223b8\lwjgl-bgfx-3.2.3-natives-windows.jar;C:\Users\osama\.gradle\caches\modules-2\files-2.1\org.lwjgl\lwjgl-cuda\3.2.3\fb91f3aaa29e69eee7f1314a63d3e3068ad138e4\lwjgl-cuda-3.2.3.jar;C:\Users\osama\.gradle\caches\modules-2\files-2.1\org.lwjgl\lwjgl-egl\3.2.3\45ad689a4346fac69d4e8696fa02aaa98f0ea196\lwjgl-egl-3.2.3.jar;C:\Users\osama\.gradle\caches\modules-2\files-2.1\org.lwjgl\lwjgl-glfw\3.2.3\5e520d5c290c8b012545a8d34fa5db5ab051ea53\lwjgl-glfw-3.2.3.jar;C:\Users\osama\.gradle\caches\modules-2\files-2.1\org.lwjgl\lwjgl-glfw\3.2.3\b4d8a3477cdc2edcf7a5f1e822926be846223f54\lwjgl-glfw-3.2.3-natives-windows.jar;C:\Users\osama\.gradle\caches\modules-2\files-2.1\org.lwjgl\lwjgl-jawt\3.2.3\b93ceb43c55c28651e178af42e1f344e1e9d8bf3\lwjgl-jawt-3.2.3.jar;C:\Users\osama\.gradle\caches\modules-2\files-2.1\org.lwjgl\lwjgl-jemalloc\3.2.3\b6fd0932171ba3f2eaa4547beddca3a3e645342d\lwjgl-jemalloc-3.2.3.jar;C:\Users\osama\.gradle\caches\modules-2\files-2.1\org.lwjgl\lwjgl-jemalloc\3.2.3\3423fd0d4c7c1916c8f46b2075c4c2df02f22675\lwjgl-jemalloc-3.2.3-n
Launcher Type: SUN_STANDARD

[Global flags]
     intx CICompilerCount                          = 4                                         {product} {ergonomic}
     uint ConcGCThreads                            = 3                                         {product} {ergonomic}
     uint G1ConcRefinementThreads                  = 10                                        {product} {ergonomic}
   size_t G1HeapRegionSize                         = 4194304                                   {product} {ergonomic}
    uintx GCDrainStackTargetSize                   = 64                                        {product} {ergonomic}
   size_t InitialHeapSize                          = 536870912                                 {product} {ergonomic}
   size_t MarkStackSize                            = 4194304                                   {product} {ergonomic}
   size_t MaxHeapSize                              = 8547991552                                {product} {ergonomic}
   size_t MaxNewSize                               = 5125439488                                {product} {ergonomic}
   size_t MinHeapDeltaBytes                        = 4194304                                   {product} {ergonomic}
   size_t MinHeapSize                              = 8388608                                   {product} {ergonomic}
    uintx NonNMethodCodeHeapSize                   = 5839372                                {pd product} {ergonomic}
    uintx NonProfiledCodeHeapSize                  = 122909434                              {pd product} {ergonomic}
    uintx ProfiledCodeHeapSize                     = 122909434                              {pd product} {ergonomic}
    uintx ReservedCodeCacheSize                    = 251658240                              {pd product} {ergonomic}
     bool SegmentedCodeCache                       = true                                      {product} {ergonomic}
   size_t SoftMaxHeapSize                          = 8547991552                             {manageable} {ergonomic}
     bool UseCompressedClassPointers               = true                           {product lp64_product} {ergonomic}
     bool UseCompressedOops                        = true                           {product lp64_product} {ergonomic}
     bool UseG1GC                                  = true                                      {product} {ergonomic}
     bool UseLargePagesIndividualAllocation        = false                                  {pd product} {ergonomic}

Logging:
Log output configuration:
 #0: stdout all=warning uptime,level,tags
 #1: stderr all=off uptime,level,tags

Environment Variables:
JAVA_HOME=C:\Program Files\Eclipse Adoptium\jdk-17.0.14.7-hotspot\
PATH=C:\Program Files\Eclipse Adoptium\jdk-17.0.14.7-hotspot\bin;C:\Program Files\NVIDIA\CUDNN\v9.6\bin;C:\WINDOWS\system32;C:\WINDOWS;C:\WINDOWS\System32\Wbem;C:\WINDOWS\System32\WindowsPowerShell\v1.0\;C:\WINDOWS\System32\OpenSSH\;C:\Program Files (x86)\NVIDIA Corporation\PhysX\Common;C:\Program Files\Git\cmd;C:\Program Files\Git\mingw64\bin;C:\Program Files\Git\usr\bin;C:\Program Files\nodejs\;C:\Program Files\dotnet\;C:\Program Files (x86)\Windows Kits\10\Windows Performance Toolkit\;C:\Program Files\Apache\Maven\bin;C:\Program Files\NVIDIA Corporation\Nsight Compute 2022.3.0\;C:\Program Files\NVIDIA Corporation\NVIDIA app\NvDLISR;C:\MinGW\bin;C:\Program Files\Docker\Docker\resources\bin;;C:\Program Files\Git LFS;C:\Users\osama\AppData\Local\Microsoft\WindowsApps;C:\Users\osama\AppData\Local\Programs\Microsoft VS Code\bin;C:\dev\flutter\bin;C:\Users\osama\AppData\Roaming\npm;C:\Users\osama\AppData\Local\Programs\mongosh\;
USERNAME=osama
OS=Windows_NT
PROCESSOR_IDENTIFIER=Intel64 Family 6 Model 151 Stepping 5, GenuineIntel
TMP=C:\Users\osama\AppData\Local\Temp
TEMP=C:\Users\osama\AppData\Local\Temp



Periodic native trim disabled


---------------  S Y S T E M  ---------------

OS:
 Windows 11 , 64 bit Build 26100 (10.0.26100.3775)
OS uptime: 0 days 0:47 hours
Hyper-V role detected

CPU: total 12 (initial active 12) (6 cores per cpu, 2 threads per core) family 6 model 151 stepping 5 microcode 0x35, cx8, cmov, fxsr, ht, mmx, 3dnowpref, sse, sse2, sse3, ssse3, sse4.1, sse4.2, popcnt, lzcnt, tsc, tscinvbit, avx, avx2, aes, erms, clmul, bmi1, bmi2, adx, sha, fma, vzeroupper, clflush, clflushopt, clwb, hv
Processor Information for all 12 processors :
  Max Mhz: 2500, Current Mhz: 2500, Mhz Limit: 2500

Memory: 4k page, system-wide physical 32599M (15120M free)
TotalPageFile size 34647M (AvailPageFile size 9979M)
current process WorkingSet (physical memory assigned to process): 172M, peak: 187M
current process commit charge ("private bytes"): 802M, peak: 820M

vm_info: OpenJDK 64-Bit Server VM (17.0.14+7-LTS) for windows-amd64 JRE (17.0.14+7-LTS), built on Jan  7 2025 20:14:24 by "Administrator" with MS VC++ 16.10 / 16.11 (VS2019)

END.
